Determining if the environ exist failed with the following output:
Change Dir: /home/hem/work/umbrella_proj/ongoing_exps/CMake-master/CMakeFiles/CMakeTmp

Run Build Command(s):/usr/bin/make -f Makefile cmTC_4df66/fast && make  -f CMakeFiles/cmTC_4df66.dir/build.make CMakeFiles/cmTC_4df66.dir/build
make[1]: Entering directory '/home/hem/work/umbrella_proj/ongoing_exps/CMake-master/CMakeFiles/CMakeTmp'
Building C object CMakeFiles/cmTC_4df66.dir/CheckSymbolExists.c.o
/usr/bin/gcc   -std=gnu11 -o CMakeFiles/cmTC_4df66.dir/CheckSymbolExists.c.o -c /home/hem/work/umbrella_proj/ongoing_exps/CMake-master/CMakeFiles/CMakeTmp/CheckSymbolExists.c
/home/hem/work/umbrella_proj/ongoing_exps/CMake-master/CMakeFiles/CMakeTmp/CheckSymbolExists.c: In function ‘main’:
/home/hem/work/umbrella_proj/ongoing_exps/CMake-master/CMakeFiles/CMakeTmp/CheckSymbolExists.c:8:19: error: ‘environ’ undeclared (first use in this function)
    8 |   return ((int*)(&environ))[argc];
      |                   ^~~~~~~
/home/hem/work/umbrella_proj/ongoing_exps/CMake-master/CMakeFiles/CMakeTmp/CheckSymbolExists.c:8:19: note: each undeclared identifier is reported only once for each function it appears in
make[1]: *** [CMakeFiles/cmTC_4df66.dir/build.make:78: CMakeFiles/cmTC_4df66.dir/CheckSymbolExists.c.o] Error 1
make[1]: Leaving directory '/home/hem/work/umbrella_proj/ongoing_exps/CMake-master/CMakeFiles/CMakeTmp'
make: *** [Makefile:127: cmTC_4df66/fast] Error 2


File /home/hem/work/umbrella_proj/ongoing_exps/CMake-master/CMakeFiles/CMakeTmp/CheckSymbolExists.c:
/* */
#include <stdlib.h>

int main(int argc, char** argv)
{
  (void)argv;
#ifndef environ
  return ((int*)(&environ))[argc];
#else
  (void)argc;
  return 0;
#endif
}
Performing C SOURCE FILE Test CMAKE_HAVE_LIBC_PTHREAD failed with the following output:
Change Dir: /home/hem/work/umbrella_proj/ongoing_exps/CMake-master/CMakeFiles/CMakeTmp

Run Build Command(s):/usr/bin/make -f Makefile cmTC_10714/fast && make  -f CMakeFiles/cmTC_10714.dir/build.make CMakeFiles/cmTC_10714.dir/build
make[1]: Entering directory '/home/hem/work/umbrella_proj/ongoing_exps/CMake-master/CMakeFiles/CMakeTmp'
Building C object CMakeFiles/cmTC_10714.dir/src.c.o
/usr/bin/gcc -DCMAKE_HAVE_LIBC_PTHREAD  -std=gnu11 -o CMakeFiles/cmTC_10714.dir/src.c.o -c /home/hem/work/umbrella_proj/ongoing_exps/CMake-master/CMakeFiles/CMakeTmp/src.c
Linking C executable cmTC_10714
/home/hem/work/umbrella_proj/ongoing_exps/CMake-master/Bootstrap.cmk/cmake -E cmake_link_script CMakeFiles/cmTC_10714.dir/link.txt --verbose=1
/usr/bin/gcc CMakeFiles/cmTC_10714.dir/src.c.o -o cmTC_10714 
/usr/bin/ld: CMakeFiles/cmTC_10714.dir/src.c.o: in function `main':
src.c:(.text+0x46): undefined reference to `pthread_create'
/usr/bin/ld: src.c:(.text+0x52): undefined reference to `pthread_detach'
/usr/bin/ld: src.c:(.text+0x5e): undefined reference to `pthread_cancel'
/usr/bin/ld: src.c:(.text+0x6f): undefined reference to `pthread_join'
collect2: error: ld returned 1 exit status
make[1]: *** [CMakeFiles/cmTC_10714.dir/build.make:99: cmTC_10714] Error 1
make[1]: Leaving directory '/home/hem/work/umbrella_proj/ongoing_exps/CMake-master/CMakeFiles/CMakeTmp'
make: *** [Makefile:127: cmTC_10714/fast] Error 2


Source file was:
#include <pthread.h>

static void* test_func(void* data)
{
  return data;
}

int main(void)
{
  pthread_t thread;
  pthread_create(&thread, NULL, test_func, NULL);
  pthread_detach(thread);
  pthread_cancel(thread);
  pthread_join(thread, NULL);
  pthread_atfork(NULL, NULL, NULL);
  pthread_exit(NULL);

  return 0;
}

Determining if the function pthread_create exists in the pthreads failed with the following output:
Change Dir: /home/hem/work/umbrella_proj/ongoing_exps/CMake-master/CMakeFiles/CMakeTmp

Run Build Command(s):/usr/bin/make -f Makefile cmTC_9f6cb/fast && make  -f CMakeFiles/cmTC_9f6cb.dir/build.make CMakeFiles/cmTC_9f6cb.dir/build
make[1]: Entering directory '/home/hem/work/umbrella_proj/ongoing_exps/CMake-master/CMakeFiles/CMakeTmp'
Building C object CMakeFiles/cmTC_9f6cb.dir/CheckFunctionExists.c.o
/usr/bin/gcc   -DCHECK_FUNCTION_EXISTS=pthread_create -std=gnu11 -o CMakeFiles/cmTC_9f6cb.dir/CheckFunctionExists.c.o -c /home/hem/work/umbrella_proj/ongoing_exps/CMake-master/Modules/CheckFunctionExists.c
Linking C executable cmTC_9f6cb
/home/hem/work/umbrella_proj/ongoing_exps/CMake-master/Bootstrap.cmk/cmake -E cmake_link_script CMakeFiles/cmTC_9f6cb.dir/link.txt --verbose=1
/usr/bin/gcc  -DCHECK_FUNCTION_EXISTS=pthread_create CMakeFiles/cmTC_9f6cb.dir/CheckFunctionExists.c.o -o cmTC_9f6cb  -lpthreads 
/usr/bin/ld: cannot find -lpthreads
collect2: error: ld returned 1 exit status
make[1]: *** [CMakeFiles/cmTC_9f6cb.dir/build.make:99: cmTC_9f6cb] Error 1
make[1]: Leaving directory '/home/hem/work/umbrella_proj/ongoing_exps/CMake-master/CMakeFiles/CMakeTmp'
make: *** [Makefile:127: cmTC_9f6cb/fast] Error 2



Checking whether CXX compiler has environ in stdlib.h failed to compile with the following output:
Change Dir: /home/hem/work/umbrella_proj/ongoing_exps/CMake-master/Source/kwsys/CMakeFiles/CMakeTmp

Run Build Command(s):/usr/bin/make -f Makefile cmTC_1f71f/fast && make  -f CMakeFiles/cmTC_1f71f.dir/build.make CMakeFiles/cmTC_1f71f.dir/build
make[1]: Entering directory '/home/hem/work/umbrella_proj/ongoing_exps/CMake-master/Source/kwsys/CMakeFiles/CMakeTmp'
Building CXX object CMakeFiles/cmTC_1f71f.dir/kwsysPlatformTestsCXX.cxx.o
/usr/bin/g++ -DTEST_KWSYS_CXX_HAS_ENVIRON_IN_STDLIB_H  -std=gnu++17 -o CMakeFiles/cmTC_1f71f.dir/kwsysPlatformTestsCXX.cxx.o -c /home/hem/work/umbrella_proj/ongoing_exps/CMake-master/Source/kwsys/kwsysPlatformTestsCXX.cxx
/home/hem/work/umbrella_proj/ongoing_exps/CMake-master/Source/kwsys/kwsysPlatformTestsCXX.cxx: In function ‘int main()’:
/home/hem/work/umbrella_proj/ongoing_exps/CMake-master/Source/kwsys/kwsysPlatformTestsCXX.cxx:53:13: error: ‘environ’ was not declared in this scope; did you mean ‘union’?
   53 |   char* e = environ[0];
      |             ^~~~~~~
      |             union
make[1]: *** [CMakeFiles/cmTC_1f71f.dir/build.make:78: CMakeFiles/cmTC_1f71f.dir/kwsysPlatformTestsCXX.cxx.o] Error 1
make[1]: Leaving directory '/home/hem/work/umbrella_proj/ongoing_exps/CMake-master/Source/kwsys/CMakeFiles/CMakeTmp'
make: *** [Makefile:127: cmTC_1f71f/fast] Error 2



Checking whether CXX compiler struct stat has st_mtimespec member failed to compile with the following output:
Change Dir: /home/hem/work/umbrella_proj/ongoing_exps/CMake-master/Source/kwsys/CMakeFiles/CMakeTmp

Run Build Command(s):/usr/bin/make -f Makefile cmTC_86ab1/fast && make  -f CMakeFiles/cmTC_86ab1.dir/build.make CMakeFiles/cmTC_86ab1.dir/build
make[1]: Entering directory '/home/hem/work/umbrella_proj/ongoing_exps/CMake-master/Source/kwsys/CMakeFiles/CMakeTmp'
Building CXX object CMakeFiles/cmTC_86ab1.dir/kwsysPlatformTestsCXX.cxx.o
/usr/bin/g++ -DTEST_KWSYS_CXX_STAT_HAS_ST_MTIMESPEC  -std=gnu++17 -o CMakeFiles/cmTC_86ab1.dir/kwsysPlatformTestsCXX.cxx.o -c /home/hem/work/umbrella_proj/ongoing_exps/CMake-master/Source/kwsys/kwsysPlatformTestsCXX.cxx
/home/hem/work/umbrella_proj/ongoing_exps/CMake-master/Source/kwsys/kwsysPlatformTestsCXX.cxx: In function ‘int main()’:
/home/hem/work/umbrella_proj/ongoing_exps/CMake-master/Source/kwsys/kwsysPlatformTestsCXX.cxx:26:15: error: ‘struct stat’ has no member named ‘st_mtimespec’
   26 |   (void)stat1.st_mtimespec.tv_sec;
      |               ^~~~~~~~~~~~
/home/hem/work/umbrella_proj/ongoing_exps/CMake-master/Source/kwsys/kwsysPlatformTestsCXX.cxx:27:15: error: ‘struct stat’ has no member named ‘st_mtimespec’
   27 |   (void)stat1.st_mtimespec.tv_nsec;
      |               ^~~~~~~~~~~~
make[1]: *** [CMakeFiles/cmTC_86ab1.dir/build.make:78: CMakeFiles/cmTC_86ab1.dir/kwsysPlatformTestsCXX.cxx.o] Error 1
make[1]: Leaving directory '/home/hem/work/umbrella_proj/ongoing_exps/CMake-master/Source/kwsys/CMakeFiles/CMakeTmp'
make: *** [Makefile:127: cmTC_86ab1/fast] Error 2



Determining if the function connect exists in the socket;dl failed with the following output:
Change Dir: /home/hem/work/umbrella_proj/ongoing_exps/CMake-master/CMakeFiles/CMakeTmp

Run Build Command(s):/usr/bin/make -f Makefile cmTC_17808/fast && make  -f CMakeFiles/cmTC_17808.dir/build.make CMakeFiles/cmTC_17808.dir/build
make[1]: Entering directory '/home/hem/work/umbrella_proj/ongoing_exps/CMake-master/CMakeFiles/CMakeTmp'
Building C object CMakeFiles/cmTC_17808.dir/CheckFunctionExists.c.o
/usr/bin/gcc   -w -DCHECK_FUNCTION_EXISTS=connect -std=gnu11 -o CMakeFiles/cmTC_17808.dir/CheckFunctionExists.c.o -c /home/hem/work/umbrella_proj/ongoing_exps/CMake-master/Modules/CheckFunctionExists.c
Linking C executable cmTC_17808
/home/hem/work/umbrella_proj/ongoing_exps/CMake-master/Bootstrap.cmk/cmake -E cmake_link_script CMakeFiles/cmTC_17808.dir/link.txt --verbose=1
/usr/bin/gcc  -w -DCHECK_FUNCTION_EXISTS=connect CMakeFiles/cmTC_17808.dir/CheckFunctionExists.c.o -o cmTC_17808  -lsocket -ldl 
/usr/bin/ld: cannot find -lsocket
collect2: error: ld returned 1 exit status
make[1]: *** [CMakeFiles/cmTC_17808.dir/build.make:99: cmTC_17808] Error 1
make[1]: Leaving directory '/home/hem/work/umbrella_proj/ongoing_exps/CMake-master/CMakeFiles/CMakeTmp'
make: *** [Makefile:127: cmTC_17808/fast] Error 2



Determining if the function recv exists in the network;dl failed with the following output:
Change Dir: /home/hem/work/umbrella_proj/ongoing_exps/CMake-master/CMakeFiles/CMakeTmp

Run Build Command(s):/usr/bin/make -f Makefile cmTC_dba50/fast && make  -f CMakeFiles/cmTC_dba50.dir/build.make CMakeFiles/cmTC_dba50.dir/build
make[1]: Entering directory '/home/hem/work/umbrella_proj/ongoing_exps/CMake-master/CMakeFiles/CMakeTmp'
Building C object CMakeFiles/cmTC_dba50.dir/CheckFunctionExists.c.o
/usr/bin/gcc   -w -DCHECK_FUNCTION_EXISTS=recv -std=gnu11 -o CMakeFiles/cmTC_dba50.dir/CheckFunctionExists.c.o -c /home/hem/work/umbrella_proj/ongoing_exps/CMake-master/Modules/CheckFunctionExists.c
Linking C executable cmTC_dba50
/home/hem/work/umbrella_proj/ongoing_exps/CMake-master/Bootstrap.cmk/cmake -E cmake_link_script CMakeFiles/cmTC_dba50.dir/link.txt --verbose=1
/usr/bin/gcc  -w -DCHECK_FUNCTION_EXISTS=recv CMakeFiles/cmTC_dba50.dir/CheckFunctionExists.c.o -o cmTC_dba50  -lnetwork -ldl 
/usr/bin/ld: cannot find -lnetwork
collect2: error: ld returned 1 exit status
make[1]: *** [CMakeFiles/cmTC_dba50.dir/build.make:99: cmTC_dba50] Error 1
make[1]: Leaving directory '/home/hem/work/umbrella_proj/ongoing_exps/CMake-master/CMakeFiles/CMakeTmp'
make: *** [Makefile:127: cmTC_dba50/fast] Error 2



Determining if the RAND_status exist failed with the following output:
Change Dir: /home/hem/work/umbrella_proj/ongoing_exps/CMake-master/CMakeFiles/CMakeTmp

Run Build Command(s):/usr/bin/make -f Makefile cmTC_1f3a4/fast && make  -f CMakeFiles/cmTC_1f3a4.dir/build.make CMakeFiles/cmTC_1f3a4.dir/build
make[1]: Entering directory '/home/hem/work/umbrella_proj/ongoing_exps/CMake-master/CMakeFiles/CMakeTmp'
Building C object CMakeFiles/cmTC_1f3a4.dir/CheckSymbolExists.c.o
/usr/bin/gcc   -w  -std=gnu11 -o CMakeFiles/cmTC_1f3a4.dir/CheckSymbolExists.c.o -c /home/hem/work/umbrella_proj/ongoing_exps/CMake-master/CMakeFiles/CMakeTmp/CheckSymbolExists.c
/home/hem/work/umbrella_proj/ongoing_exps/CMake-master/CMakeFiles/CMakeTmp/CheckSymbolExists.c: In function ‘main’:
/home/hem/work/umbrella_proj/ongoing_exps/CMake-master/CMakeFiles/CMakeTmp/CheckSymbolExists.c:7:19: error: ‘RAND_status’ undeclared (first use in this function)
    7 |   return ((int*)(&RAND_status))[argc];
      |                   ^~~~~~~~~~~
/home/hem/work/umbrella_proj/ongoing_exps/CMake-master/CMakeFiles/CMakeTmp/CheckSymbolExists.c:7:19: note: each undeclared identifier is reported only once for each function it appears in
make[1]: *** [CMakeFiles/cmTC_1f3a4.dir/build.make:78: CMakeFiles/cmTC_1f3a4.dir/CheckSymbolExists.c.o] Error 1
make[1]: Leaving directory '/home/hem/work/umbrella_proj/ongoing_exps/CMake-master/CMakeFiles/CMakeTmp'
make: *** [Makefile:127: cmTC_1f3a4/fast] Error 2


File /home/hem/work/umbrella_proj/ongoing_exps/CMake-master/CMakeFiles/CMakeTmp/CheckSymbolExists.c:
/* */

int main(int argc, char** argv)
{
  (void)argv;
#ifndef RAND_status
  return ((int*)(&RAND_status))[argc];
#else
  (void)argc;
  return 0;
#endif
}
Determining if the RAND_screen exist failed with the following output:
Change Dir: /home/hem/work/umbrella_proj/ongoing_exps/CMake-master/CMakeFiles/CMakeTmp

Run Build Command(s):/usr/bin/make -f Makefile cmTC_d56d9/fast && make  -f CMakeFiles/cmTC_d56d9.dir/build.make CMakeFiles/cmTC_d56d9.dir/build
make[1]: Entering directory '/home/hem/work/umbrella_proj/ongoing_exps/CMake-master/CMakeFiles/CMakeTmp'
Building C object CMakeFiles/cmTC_d56d9.dir/CheckSymbolExists.c.o
/usr/bin/gcc   -w  -std=gnu11 -o CMakeFiles/cmTC_d56d9.dir/CheckSymbolExists.c.o -c /home/hem/work/umbrella_proj/ongoing_exps/CMake-master/CMakeFiles/CMakeTmp/CheckSymbolExists.c
/home/hem/work/umbrella_proj/ongoing_exps/CMake-master/CMakeFiles/CMakeTmp/CheckSymbolExists.c: In function ‘main’:
/home/hem/work/umbrella_proj/ongoing_exps/CMake-master/CMakeFiles/CMakeTmp/CheckSymbolExists.c:7:19: error: ‘RAND_screen’ undeclared (first use in this function)
    7 |   return ((int*)(&RAND_screen))[argc];
      |                   ^~~~~~~~~~~
/home/hem/work/umbrella_proj/ongoing_exps/CMake-master/CMakeFiles/CMakeTmp/CheckSymbolExists.c:7:19: note: each undeclared identifier is reported only once for each function it appears in
make[1]: *** [CMakeFiles/cmTC_d56d9.dir/build.make:78: CMakeFiles/cmTC_d56d9.dir/CheckSymbolExists.c.o] Error 1
make[1]: Leaving directory '/home/hem/work/umbrella_proj/ongoing_exps/CMake-master/CMakeFiles/CMakeTmp'
make: *** [Makefile:127: cmTC_d56d9/fast] Error 2


File /home/hem/work/umbrella_proj/ongoing_exps/CMake-master/CMakeFiles/CMakeTmp/CheckSymbolExists.c:
/* */

int main(int argc, char** argv)
{
  (void)argv;
#ifndef RAND_screen
  return ((int*)(&RAND_screen))[argc];
#else
  (void)argc;
  return 0;
#endif
}
Determining if the RAND_egd exist failed with the following output:
Change Dir: /home/hem/work/umbrella_proj/ongoing_exps/CMake-master/CMakeFiles/CMakeTmp

Run Build Command(s):/usr/bin/make -f Makefile cmTC_923c4/fast && make  -f CMakeFiles/cmTC_923c4.dir/build.make CMakeFiles/cmTC_923c4.dir/build
make[1]: Entering directory '/home/hem/work/umbrella_proj/ongoing_exps/CMake-master/CMakeFiles/CMakeTmp'
Building C object CMakeFiles/cmTC_923c4.dir/CheckSymbolExists.c.o
/usr/bin/gcc   -w  -std=gnu11 -o CMakeFiles/cmTC_923c4.dir/CheckSymbolExists.c.o -c /home/hem/work/umbrella_proj/ongoing_exps/CMake-master/CMakeFiles/CMakeTmp/CheckSymbolExists.c
/home/hem/work/umbrella_proj/ongoing_exps/CMake-master/CMakeFiles/CMakeTmp/CheckSymbolExists.c: In function ‘main’:
/home/hem/work/umbrella_proj/ongoing_exps/CMake-master/CMakeFiles/CMakeTmp/CheckSymbolExists.c:7:19: error: ‘RAND_egd’ undeclared (first use in this function)
    7 |   return ((int*)(&RAND_egd))[argc];
      |                   ^~~~~~~~
/home/hem/work/umbrella_proj/ongoing_exps/CMake-master/CMakeFiles/CMakeTmp/CheckSymbolExists.c:7:19: note: each undeclared identifier is reported only once for each function it appears in
make[1]: *** [CMakeFiles/cmTC_923c4.dir/build.make:78: CMakeFiles/cmTC_923c4.dir/CheckSymbolExists.c.o] Error 1
make[1]: Leaving directory '/home/hem/work/umbrella_proj/ongoing_exps/CMake-master/CMakeFiles/CMakeTmp'
make: *** [Makefile:127: cmTC_923c4/fast] Error 2


File /home/hem/work/umbrella_proj/ongoing_exps/CMake-master/CMakeFiles/CMakeTmp/CheckSymbolExists.c:
/* */

int main(int argc, char** argv)
{
  (void)argv;
#ifndef RAND_egd
  return ((int*)(&RAND_egd))[argc];
#else
  (void)argc;
  return 0;
#endif
}
Determining if the function dlopen exists in the dl;/usr/lib/x86_64-linux-gnu/libssl.so;/usr/lib/x86_64-linux-gnu/libcrypto.so;cmnghttp2 failed with the following output:
Change Dir: /home/hem/work/umbrella_proj/ongoing_exps/CMake-master/CMakeFiles/CMakeTmp

Run Build Command(s):/usr/bin/make -f Makefile cmTC_44eeb/fast && make  -f CMakeFiles/cmTC_44eeb.dir/build.make CMakeFiles/cmTC_44eeb.dir/build
make[1]: Entering directory '/home/hem/work/umbrella_proj/ongoing_exps/CMake-master/CMakeFiles/CMakeTmp'
Building C object CMakeFiles/cmTC_44eeb.dir/CheckFunctionExists.c.o
/usr/bin/gcc   -w -DCHECK_FUNCTION_EXISTS=dlopen -std=gnu11 -o CMakeFiles/cmTC_44eeb.dir/CheckFunctionExists.c.o -c /home/hem/work/umbrella_proj/ongoing_exps/CMake-master/Modules/CheckFunctionExists.c
Linking C executable cmTC_44eeb
/home/hem/work/umbrella_proj/ongoing_exps/CMake-master/Bootstrap.cmk/cmake -E cmake_link_script CMakeFiles/cmTC_44eeb.dir/link.txt --verbose=1
/usr/bin/gcc  -w -DCHECK_FUNCTION_EXISTS=dlopen CMakeFiles/cmTC_44eeb.dir/CheckFunctionExists.c.o -o cmTC_44eeb  -ldl /usr/lib/x86_64-linux-gnu/libssl.so /usr/lib/x86_64-linux-gnu/libcrypto.so -lcmnghttp2 
/usr/bin/ld: cannot find -lcmnghttp2
collect2: error: ld returned 1 exit status
make[1]: *** [CMakeFiles/cmTC_44eeb.dir/build.make:101: cmTC_44eeb] Error 1
make[1]: Leaving directory '/home/hem/work/umbrella_proj/ongoing_exps/CMake-master/CMakeFiles/CMakeTmp'
make: *** [Makefile:127: cmTC_44eeb/fast] Error 2



Determining if files stdio.h;inttypes.h;sys/filio.h exist failed with the following output:
Change Dir: /home/hem/work/umbrella_proj/ongoing_exps/CMake-master/CMakeFiles/CMakeTmp

Run Build Command(s):/usr/bin/make -f Makefile cmTC_cce55/fast && make  -f CMakeFiles/cmTC_cce55.dir/build.make CMakeFiles/cmTC_cce55.dir/build
make[1]: Entering directory '/home/hem/work/umbrella_proj/ongoing_exps/CMake-master/CMakeFiles/CMakeTmp'
Building C object CMakeFiles/cmTC_cce55.dir/HAVE_SYS_FILIO_H.c.o
/usr/bin/gcc   -w  -std=gnu11 -o CMakeFiles/cmTC_cce55.dir/HAVE_SYS_FILIO_H.c.o -c /home/hem/work/umbrella_proj/ongoing_exps/CMake-master/CMakeFiles/CheckIncludeFiles/HAVE_SYS_FILIO_H.c
/home/hem/work/umbrella_proj/ongoing_exps/CMake-master/CMakeFiles/CheckIncludeFiles/HAVE_SYS_FILIO_H.c:4:10: fatal error: sys/filio.h: No such file or directory
    4 | #include <sys/filio.h>
      |          ^~~~~~~~~~~~~
compilation terminated.
make[1]: *** [CMakeFiles/cmTC_cce55.dir/build.make:78: CMakeFiles/cmTC_cce55.dir/HAVE_SYS_FILIO_H.c.o] Error 1
make[1]: Leaving directory '/home/hem/work/umbrella_proj/ongoing_exps/CMake-master/CMakeFiles/CMakeTmp'
make: *** [Makefile:127: cmTC_cce55/fast] Error 2


Source:
/* */
#include <stdio.h>
#include <inttypes.h>
#include <sys/filio.h>


int main(void){return 0;}

Determining if files stdio.h;inttypes.h;sys/ioctl.h;sys/param.h;sys/poll.h;sys/resource.h;sys/select.h;sys/socket.h;sys/sockio.h exist failed with the following output:
Change Dir: /home/hem/work/umbrella_proj/ongoing_exps/CMake-master/CMakeFiles/CMakeTmp

Run Build Command(s):/usr/bin/make -f Makefile cmTC_f64fe/fast && make  -f CMakeFiles/cmTC_f64fe.dir/build.make CMakeFiles/cmTC_f64fe.dir/build
make[1]: Entering directory '/home/hem/work/umbrella_proj/ongoing_exps/CMake-master/CMakeFiles/CMakeTmp'
Building C object CMakeFiles/cmTC_f64fe.dir/HAVE_SYS_SOCKIO_H.c.o
/usr/bin/gcc   -w  -std=gnu11 -o CMakeFiles/cmTC_f64fe.dir/HAVE_SYS_SOCKIO_H.c.o -c /home/hem/work/umbrella_proj/ongoing_exps/CMake-master/CMakeFiles/CheckIncludeFiles/HAVE_SYS_SOCKIO_H.c
/home/hem/work/umbrella_proj/ongoing_exps/CMake-master/CMakeFiles/CheckIncludeFiles/HAVE_SYS_SOCKIO_H.c:10:10: fatal error: sys/sockio.h: No such file or directory
   10 | #include <sys/sockio.h>
      |          ^~~~~~~~~~~~~~
compilation terminated.
make[1]: *** [CMakeFiles/cmTC_f64fe.dir/build.make:78: CMakeFiles/cmTC_f64fe.dir/HAVE_SYS_SOCKIO_H.c.o] Error 1
make[1]: Leaving directory '/home/hem/work/umbrella_proj/ongoing_exps/CMake-master/CMakeFiles/CMakeTmp'
make: *** [Makefile:127: cmTC_f64fe/fast] Error 2


Source:
/* */
#include <stdio.h>
#include <inttypes.h>
#include <sys/ioctl.h>
#include <sys/param.h>
#include <sys/poll.h>
#include <sys/resource.h>
#include <sys/select.h>
#include <sys/socket.h>
#include <sys/sockio.h>


int main(void){return 0;}

Determining if files stdio.h;inttypes.h;sys/ioctl.h;sys/param.h;sys/poll.h;sys/resource.h;sys/select.h;sys/socket.h;sys/stat.h;sys/time.h;sys/types.h;sys/uio.h;sys/un.h;sys/utime.h exist failed with the following output:
Change Dir: /home/hem/work/umbrella_proj/ongoing_exps/CMake-master/CMakeFiles/CMakeTmp

Run Build Command(s):/usr/bin/make -f Makefile cmTC_0be1c/fast && make  -f CMakeFiles/cmTC_0be1c.dir/build.make CMakeFiles/cmTC_0be1c.dir/build
make[1]: Entering directory '/home/hem/work/umbrella_proj/ongoing_exps/CMake-master/CMakeFiles/CMakeTmp'
Building C object CMakeFiles/cmTC_0be1c.dir/HAVE_SYS_UTIME_H.c.o
/usr/bin/gcc   -w  -std=gnu11 -o CMakeFiles/cmTC_0be1c.dir/HAVE_SYS_UTIME_H.c.o -c /home/hem/work/umbrella_proj/ongoing_exps/CMake-master/CMakeFiles/CheckIncludeFiles/HAVE_SYS_UTIME_H.c
/home/hem/work/umbrella_proj/ongoing_exps/CMake-master/CMakeFiles/CheckIncludeFiles/HAVE_SYS_UTIME_H.c:15:10: fatal error: sys/utime.h: No such file or directory
   15 | #include <sys/utime.h>
      |          ^~~~~~~~~~~~~
compilation terminated.
make[1]: *** [CMakeFiles/cmTC_0be1c.dir/build.make:78: CMakeFiles/cmTC_0be1c.dir/HAVE_SYS_UTIME_H.c.o] Error 1
make[1]: Leaving directory '/home/hem/work/umbrella_proj/ongoing_exps/CMake-master/CMakeFiles/CMakeTmp'
make: *** [Makefile:127: cmTC_0be1c/fast] Error 2


Source:
/* */
#include <stdio.h>
#include <inttypes.h>
#include <sys/ioctl.h>
#include <sys/param.h>
#include <sys/poll.h>
#include <sys/resource.h>
#include <sys/select.h>
#include <sys/socket.h>
#include <sys/stat.h>
#include <sys/time.h>
#include <sys/types.h>
#include <sys/uio.h>
#include <sys/un.h>
#include <sys/utime.h>


int main(void){return 0;}

Determining if files stdio.h;inttypes.h;sys/ioctl.h;sys/param.h;sys/poll.h;sys/resource.h;sys/select.h;sys/socket.h;sys/stat.h;sys/time.h;sys/types.h;sys/uio.h;sys/un.h;sys/xattr.h;alloca.h;arpa/inet.h;arpa/tftp.h;assert.h;errno.h;fcntl.h;idn2.h exist failed with the following output:
Change Dir: /home/hem/work/umbrella_proj/ongoing_exps/CMake-master/CMakeFiles/CMakeTmp

Run Build Command(s):/usr/bin/make -f Makefile cmTC_0e871/fast && make  -f CMakeFiles/cmTC_0e871.dir/build.make CMakeFiles/cmTC_0e871.dir/build
make[1]: Entering directory '/home/hem/work/umbrella_proj/ongoing_exps/CMake-master/CMakeFiles/CMakeTmp'
Building C object CMakeFiles/cmTC_0e871.dir/HAVE_IDN2_H.c.o
/usr/bin/gcc   -w  -std=gnu11 -o CMakeFiles/cmTC_0e871.dir/HAVE_IDN2_H.c.o -c /home/hem/work/umbrella_proj/ongoing_exps/CMake-master/CMakeFiles/CheckIncludeFiles/HAVE_IDN2_H.c
/home/hem/work/umbrella_proj/ongoing_exps/CMake-master/CMakeFiles/CheckIncludeFiles/HAVE_IDN2_H.c:22:10: fatal error: idn2.h: No such file or directory
   22 | #include <idn2.h>
      |          ^~~~~~~~
compilation terminated.
make[1]: *** [CMakeFiles/cmTC_0e871.dir/build.make:78: CMakeFiles/cmTC_0e871.dir/HAVE_IDN2_H.c.o] Error 1
make[1]: Leaving directory '/home/hem/work/umbrella_proj/ongoing_exps/CMake-master/CMakeFiles/CMakeTmp'
make: *** [Makefile:127: cmTC_0e871/fast] Error 2


Source:
/* */
#include <stdio.h>
#include <inttypes.h>
#include <sys/ioctl.h>
#include <sys/param.h>
#include <sys/poll.h>
#include <sys/resource.h>
#include <sys/select.h>
#include <sys/socket.h>
#include <sys/stat.h>
#include <sys/time.h>
#include <sys/types.h>
#include <sys/uio.h>
#include <sys/un.h>
#include <sys/xattr.h>
#include <alloca.h>
#include <arpa/inet.h>
#include <arpa/tftp.h>
#include <assert.h>
#include <errno.h>
#include <fcntl.h>
#include <idn2.h>


int main(void){return 0;}

Determining if files stdio.h;inttypes.h;sys/ioctl.h;sys/param.h;sys/poll.h;sys/resource.h;sys/select.h;sys/socket.h;sys/stat.h;sys/time.h;sys/types.h;sys/uio.h;sys/un.h;sys/xattr.h;alloca.h;arpa/inet.h;arpa/tftp.h;assert.h;errno.h;fcntl.h;ifaddrs.h;io.h exist failed with the following output:
Change Dir: /home/hem/work/umbrella_proj/ongoing_exps/CMake-master/CMakeFiles/CMakeTmp

Run Build Command(s):/usr/bin/make -f Makefile cmTC_9b593/fast && make  -f CMakeFiles/cmTC_9b593.dir/build.make CMakeFiles/cmTC_9b593.dir/build
make[1]: Entering directory '/home/hem/work/umbrella_proj/ongoing_exps/CMake-master/CMakeFiles/CMakeTmp'
Building C object CMakeFiles/cmTC_9b593.dir/HAVE_IO_H.c.o
/usr/bin/gcc   -w  -std=gnu11 -o CMakeFiles/cmTC_9b593.dir/HAVE_IO_H.c.o -c /home/hem/work/umbrella_proj/ongoing_exps/CMake-master/CMakeFiles/CheckIncludeFiles/HAVE_IO_H.c
/home/hem/work/umbrella_proj/ongoing_exps/CMake-master/CMakeFiles/CheckIncludeFiles/HAVE_IO_H.c:23:10: fatal error: io.h: No such file or directory
   23 | #include <io.h>
      |          ^~~~~~
compilation terminated.
make[1]: *** [CMakeFiles/cmTC_9b593.dir/build.make:78: CMakeFiles/cmTC_9b593.dir/HAVE_IO_H.c.o] Error 1
make[1]: Leaving directory '/home/hem/work/umbrella_proj/ongoing_exps/CMake-master/CMakeFiles/CMakeTmp'
make: *** [Makefile:127: cmTC_9b593/fast] Error 2


Source:
/* */
#include <stdio.h>
#include <inttypes.h>
#include <sys/ioctl.h>
#include <sys/param.h>
#include <sys/poll.h>
#include <sys/resource.h>
#include <sys/select.h>
#include <sys/socket.h>
#include <sys/stat.h>
#include <sys/time.h>
#include <sys/types.h>
#include <sys/uio.h>
#include <sys/un.h>
#include <sys/xattr.h>
#include <alloca.h>
#include <arpa/inet.h>
#include <arpa/tftp.h>
#include <assert.h>
#include <errno.h>
#include <fcntl.h>
#include <ifaddrs.h>
#include <io.h>


int main(void){return 0;}

Determining if files stdio.h;inttypes.h;sys/ioctl.h;sys/param.h;sys/poll.h;sys/resource.h;sys/select.h;sys/socket.h;sys/stat.h;sys/time.h;sys/types.h;sys/uio.h;sys/un.h;sys/xattr.h;alloca.h;arpa/inet.h;arpa/tftp.h;assert.h;errno.h;fcntl.h;ifaddrs.h;krb.h exist failed with the following output:
Change Dir: /home/hem/work/umbrella_proj/ongoing_exps/CMake-master/CMakeFiles/CMakeTmp

Run Build Command(s):/usr/bin/make -f Makefile cmTC_64197/fast && make  -f CMakeFiles/cmTC_64197.dir/build.make CMakeFiles/cmTC_64197.dir/build
make[1]: Entering directory '/home/hem/work/umbrella_proj/ongoing_exps/CMake-master/CMakeFiles/CMakeTmp'
Building C object CMakeFiles/cmTC_64197.dir/HAVE_KRB_H.c.o
/usr/bin/gcc   -w  -std=gnu11 -o CMakeFiles/cmTC_64197.dir/HAVE_KRB_H.c.o -c /home/hem/work/umbrella_proj/ongoing_exps/CMake-master/CMakeFiles/CheckIncludeFiles/HAVE_KRB_H.c
/home/hem/work/umbrella_proj/ongoing_exps/CMake-master/CMakeFiles/CheckIncludeFiles/HAVE_KRB_H.c:23:10: fatal error: krb.h: No such file or directory
   23 | #include <krb.h>
      |          ^~~~~~~
compilation terminated.
make[1]: *** [CMakeFiles/cmTC_64197.dir/build.make:78: CMakeFiles/cmTC_64197.dir/HAVE_KRB_H.c.o] Error 1
make[1]: Leaving directory '/home/hem/work/umbrella_proj/ongoing_exps/CMake-master/CMakeFiles/CMakeTmp'
make: *** [Makefile:127: cmTC_64197/fast] Error 2


Source:
/* */
#include <stdio.h>
#include <inttypes.h>
#include <sys/ioctl.h>
#include <sys/param.h>
#include <sys/poll.h>
#include <sys/resource.h>
#include <sys/select.h>
#include <sys/socket.h>
#include <sys/stat.h>
#include <sys/time.h>
#include <sys/types.h>
#include <sys/uio.h>
#include <sys/un.h>
#include <sys/xattr.h>
#include <alloca.h>
#include <arpa/inet.h>
#include <arpa/tftp.h>
#include <assert.h>
#include <errno.h>
#include <fcntl.h>
#include <ifaddrs.h>
#include <krb.h>


int main(void){return 0;}

Determining if files stdio.h;inttypes.h;sys/ioctl.h;sys/param.h;sys/poll.h;sys/resource.h;sys/select.h;sys/socket.h;sys/stat.h;sys/time.h;sys/types.h;sys/uio.h;sys/un.h;sys/xattr.h;alloca.h;arpa/inet.h;arpa/tftp.h;assert.h;errno.h;fcntl.h;ifaddrs.h;libgen.h;locale.h;net/if.h;netdb.h;netinet/in.h;netinet/tcp.h;pem.h exist failed with the following output:
Change Dir: /home/hem/work/umbrella_proj/ongoing_exps/CMake-master/CMakeFiles/CMakeTmp

Run Build Command(s):/usr/bin/make -f Makefile cmTC_c8db3/fast && make  -f CMakeFiles/cmTC_c8db3.dir/build.make CMakeFiles/cmTC_c8db3.dir/build
make[1]: Entering directory '/home/hem/work/umbrella_proj/ongoing_exps/CMake-master/CMakeFiles/CMakeTmp'
Building C object CMakeFiles/cmTC_c8db3.dir/HAVE_PEM_H.c.o
/usr/bin/gcc   -w  -std=gnu11 -o CMakeFiles/cmTC_c8db3.dir/HAVE_PEM_H.c.o -c /home/hem/work/umbrella_proj/ongoing_exps/CMake-master/CMakeFiles/CheckIncludeFiles/HAVE_PEM_H.c
/home/hem/work/umbrella_proj/ongoing_exps/CMake-master/CMakeFiles/CheckIncludeFiles/HAVE_PEM_H.c:29:10: fatal error: pem.h: No such file or directory
   29 | #include <pem.h>
      |          ^~~~~~~
compilation terminated.
make[1]: *** [CMakeFiles/cmTC_c8db3.dir/build.make:78: CMakeFiles/cmTC_c8db3.dir/HAVE_PEM_H.c.o] Error 1
make[1]: Leaving directory '/home/hem/work/umbrella_proj/ongoing_exps/CMake-master/CMakeFiles/CMakeTmp'
make: *** [Makefile:127: cmTC_c8db3/fast] Error 2


Source:
/* */
#include <stdio.h>
#include <inttypes.h>
#include <sys/ioctl.h>
#include <sys/param.h>
#include <sys/poll.h>
#include <sys/resource.h>
#include <sys/select.h>
#include <sys/socket.h>
#include <sys/stat.h>
#include <sys/time.h>
#include <sys/types.h>
#include <sys/uio.h>
#include <sys/un.h>
#include <sys/xattr.h>
#include <alloca.h>
#include <arpa/inet.h>
#include <arpa/tftp.h>
#include <assert.h>
#include <errno.h>
#include <fcntl.h>
#include <ifaddrs.h>
#include <libgen.h>
#include <locale.h>
#include <net/if.h>
#include <netdb.h>
#include <netinet/in.h>
#include <netinet/tcp.h>
#include <pem.h>


int main(void){return 0;}

Determining if files stdio.h;inttypes.h;sys/ioctl.h;sys/param.h;sys/poll.h;sys/resource.h;sys/select.h;sys/socket.h;sys/stat.h;sys/time.h;sys/types.h;sys/uio.h;sys/un.h;sys/xattr.h;alloca.h;arpa/inet.h;arpa/tftp.h;assert.h;errno.h;fcntl.h;ifaddrs.h;libgen.h;locale.h;net/if.h;netdb.h;netinet/in.h;netinet/tcp.h;poll.h;pwd.h;setjmp.h;signal.h;ssl.h exist failed with the following output:
Change Dir: /home/hem/work/umbrella_proj/ongoing_exps/CMake-master/CMakeFiles/CMakeTmp

Run Build Command(s):/usr/bin/make -f Makefile cmTC_ff208/fast && make  -f CMakeFiles/cmTC_ff208.dir/build.make CMakeFiles/cmTC_ff208.dir/build
make[1]: Entering directory '/home/hem/work/umbrella_proj/ongoing_exps/CMake-master/CMakeFiles/CMakeTmp'
Building C object CMakeFiles/cmTC_ff208.dir/HAVE_SSL_H.c.o
/usr/bin/gcc   -w  -std=gnu11 -o CMakeFiles/cmTC_ff208.dir/HAVE_SSL_H.c.o -c /home/hem/work/umbrella_proj/ongoing_exps/CMake-master/CMakeFiles/CheckIncludeFiles/HAVE_SSL_H.c
/home/hem/work/umbrella_proj/ongoing_exps/CMake-master/CMakeFiles/CheckIncludeFiles/HAVE_SSL_H.c:33:10: fatal error: ssl.h: No such file or directory
   33 | #include <ssl.h>
      |          ^~~~~~~
compilation terminated.
make[1]: *** [CMakeFiles/cmTC_ff208.dir/build.make:78: CMakeFiles/cmTC_ff208.dir/HAVE_SSL_H.c.o] Error 1
make[1]: Leaving directory '/home/hem/work/umbrella_proj/ongoing_exps/CMake-master/CMakeFiles/CMakeTmp'
make: *** [Makefile:127: cmTC_ff208/fast] Error 2


Source:
/* */
#include <stdio.h>
#include <inttypes.h>
#include <sys/ioctl.h>
#include <sys/param.h>
#include <sys/poll.h>
#include <sys/resource.h>
#include <sys/select.h>
#include <sys/socket.h>
#include <sys/stat.h>
#include <sys/time.h>
#include <sys/types.h>
#include <sys/uio.h>
#include <sys/un.h>
#include <sys/xattr.h>
#include <alloca.h>
#include <arpa/inet.h>
#include <arpa/tftp.h>
#include <assert.h>
#include <errno.h>
#include <fcntl.h>
#include <ifaddrs.h>
#include <libgen.h>
#include <locale.h>
#include <net/if.h>
#include <netdb.h>
#include <netinet/in.h>
#include <netinet/tcp.h>
#include <poll.h>
#include <pwd.h>
#include <setjmp.h>
#include <signal.h>
#include <ssl.h>


int main(void){return 0;}

Determining if files stdio.h;inttypes.h;sys/ioctl.h;sys/param.h;sys/poll.h;sys/resource.h;sys/select.h;sys/socket.h;sys/stat.h;sys/time.h;sys/types.h;sys/uio.h;sys/un.h;sys/xattr.h;alloca.h;arpa/inet.h;arpa/tftp.h;assert.h;errno.h;fcntl.h;ifaddrs.h;libgen.h;locale.h;net/if.h;netdb.h;netinet/in.h;netinet/tcp.h;poll.h;pwd.h;setjmp.h;signal.h;stdbool.h;stdint.h;stdio.h;stdlib.h;string.h;strings.h;stropts.h exist failed with the following output:
Change Dir: /home/hem/work/umbrella_proj/ongoing_exps/CMake-master/CMakeFiles/CMakeTmp

Run Build Command(s):/usr/bin/make -f Makefile cmTC_16842/fast && make  -f CMakeFiles/cmTC_16842.dir/build.make CMakeFiles/cmTC_16842.dir/build
make[1]: Entering directory '/home/hem/work/umbrella_proj/ongoing_exps/CMake-master/CMakeFiles/CMakeTmp'
Building C object CMakeFiles/cmTC_16842.dir/HAVE_STROPTS_H.c.o
/usr/bin/gcc   -w  -std=gnu11 -o CMakeFiles/cmTC_16842.dir/HAVE_STROPTS_H.c.o -c /home/hem/work/umbrella_proj/ongoing_exps/CMake-master/CMakeFiles/CheckIncludeFiles/HAVE_STROPTS_H.c
/home/hem/work/umbrella_proj/ongoing_exps/CMake-master/CMakeFiles/CheckIncludeFiles/HAVE_STROPTS_H.c:39:10: fatal error: stropts.h: No such file or directory
   39 | #include <stropts.h>
      |          ^~~~~~~~~~~
compilation terminated.
make[1]: *** [CMakeFiles/cmTC_16842.dir/build.make:78: CMakeFiles/cmTC_16842.dir/HAVE_STROPTS_H.c.o] Error 1
make[1]: Leaving directory '/home/hem/work/umbrella_proj/ongoing_exps/CMake-master/CMakeFiles/CMakeTmp'
make: *** [Makefile:127: cmTC_16842/fast] Error 2


Source:
/* */
#include <stdio.h>
#include <inttypes.h>
#include <sys/ioctl.h>
#include <sys/param.h>
#include <sys/poll.h>
#include <sys/resource.h>
#include <sys/select.h>
#include <sys/socket.h>
#include <sys/stat.h>
#include <sys/time.h>
#include <sys/types.h>
#include <sys/uio.h>
#include <sys/un.h>
#include <sys/xattr.h>
#include <alloca.h>
#include <arpa/inet.h>
#include <arpa/tftp.h>
#include <assert.h>
#include <errno.h>
#include <fcntl.h>
#include <ifaddrs.h>
#include <libgen.h>
#include <locale.h>
#include <net/if.h>
#include <netdb.h>
#include <netinet/in.h>
#include <netinet/tcp.h>
#include <poll.h>
#include <pwd.h>
#include <setjmp.h>
#include <signal.h>
#include <stdbool.h>
#include <stdint.h>
#include <stdio.h>
#include <stdlib.h>
#include <string.h>
#include <strings.h>
#include <stropts.h>


int main(void){return 0;}

Determining if files stdio.h;inttypes.h;sys/ioctl.h;sys/param.h;sys/poll.h;sys/resource.h;sys/select.h;sys/socket.h;sys/stat.h;sys/time.h;sys/types.h;sys/uio.h;sys/un.h;sys/xattr.h;alloca.h;arpa/inet.h;arpa/tftp.h;assert.h;errno.h;fcntl.h;ifaddrs.h;libgen.h;locale.h;net/if.h;netdb.h;netinet/in.h;netinet/tcp.h;poll.h;pwd.h;setjmp.h;signal.h;stdbool.h;stdint.h;stdio.h;stdlib.h;string.h;strings.h;termio.h;termios.h;time.h;unistd.h;utime.h;x509.h exist failed with the following output:
Change Dir: /home/hem/work/umbrella_proj/ongoing_exps/CMake-master/CMakeFiles/CMakeTmp

Run Build Command(s):/usr/bin/make -f Makefile cmTC_f1aa1/fast && make  -f CMakeFiles/cmTC_f1aa1.dir/build.make CMakeFiles/cmTC_f1aa1.dir/build
make[1]: Entering directory '/home/hem/work/umbrella_proj/ongoing_exps/CMake-master/CMakeFiles/CMakeTmp'
Building C object CMakeFiles/cmTC_f1aa1.dir/HAVE_X509_H.c.o
/usr/bin/gcc   -w  -std=gnu11 -o CMakeFiles/cmTC_f1aa1.dir/HAVE_X509_H.c.o -c /home/hem/work/umbrella_proj/ongoing_exps/CMake-master/CMakeFiles/CheckIncludeFiles/HAVE_X509_H.c
/home/hem/work/umbrella_proj/ongoing_exps/CMake-master/CMakeFiles/CheckIncludeFiles/HAVE_X509_H.c:44:10: fatal error: x509.h: No such file or directory
   44 | #include <x509.h>
      |          ^~~~~~~~
compilation terminated.
make[1]: *** [CMakeFiles/cmTC_f1aa1.dir/build.make:78: CMakeFiles/cmTC_f1aa1.dir/HAVE_X509_H.c.o] Error 1
make[1]: Leaving directory '/home/hem/work/umbrella_proj/ongoing_exps/CMake-master/CMakeFiles/CMakeTmp'
make: *** [Makefile:127: cmTC_f1aa1/fast] Error 2


Source:
/* */
#include <stdio.h>
#include <inttypes.h>
#include <sys/ioctl.h>
#include <sys/param.h>
#include <sys/poll.h>
#include <sys/resource.h>
#include <sys/select.h>
#include <sys/socket.h>
#include <sys/stat.h>
#include <sys/time.h>
#include <sys/types.h>
#include <sys/uio.h>
#include <sys/un.h>
#include <sys/xattr.h>
#include <alloca.h>
#include <arpa/inet.h>
#include <arpa/tftp.h>
#include <assert.h>
#include <errno.h>
#include <fcntl.h>
#include <ifaddrs.h>
#include <libgen.h>
#include <locale.h>
#include <net/if.h>
#include <netdb.h>
#include <netinet/in.h>
#include <netinet/tcp.h>
#include <poll.h>
#include <pwd.h>
#include <setjmp.h>
#include <signal.h>
#include <stdbool.h>
#include <stdint.h>
#include <stdio.h>
#include <stdlib.h>
#include <string.h>
#include <strings.h>
#include <termio.h>
#include <termios.h>
#include <time.h>
#include <unistd.h>
#include <utime.h>
#include <x509.h>


int main(void){return 0;}

Determining if files stdio.h;inttypes.h;sys/ioctl.h;sys/param.h;sys/poll.h;sys/resource.h;sys/select.h;sys/socket.h;sys/stat.h;sys/time.h;sys/types.h;sys/uio.h;sys/un.h;sys/xattr.h;alloca.h;arpa/inet.h;arpa/tftp.h;assert.h;errno.h;fcntl.h;ifaddrs.h;libgen.h;locale.h;net/if.h;netdb.h;netinet/in.h;netinet/tcp.h;poll.h;pwd.h;setjmp.h;signal.h;stdbool.h;stdint.h;stdio.h;stdlib.h;string.h;strings.h;termio.h;termios.h;time.h;unistd.h;utime.h;process.h exist failed with the following output:
Change Dir: /home/hem/work/umbrella_proj/ongoing_exps/CMake-master/CMakeFiles/CMakeTmp

Run Build Command(s):/usr/bin/make -f Makefile cmTC_67916/fast && make  -f CMakeFiles/cmTC_67916.dir/build.make CMakeFiles/cmTC_67916.dir/build
make[1]: Entering directory '/home/hem/work/umbrella_proj/ongoing_exps/CMake-master/CMakeFiles/CMakeTmp'
Building C object CMakeFiles/cmTC_67916.dir/HAVE_PROCESS_H.c.o
/usr/bin/gcc   -w  -std=gnu11 -o CMakeFiles/cmTC_67916.dir/HAVE_PROCESS_H.c.o -c /home/hem/work/umbrella_proj/ongoing_exps/CMake-master/CMakeFiles/CheckIncludeFiles/HAVE_PROCESS_H.c
/home/hem/work/umbrella_proj/ongoing_exps/CMake-master/CMakeFiles/CheckIncludeFiles/HAVE_PROCESS_H.c:44:10: fatal error: process.h: No such file or directory
   44 | #include <process.h>
      |          ^~~~~~~~~~~
compilation terminated.
make[1]: *** [CMakeFiles/cmTC_67916.dir/build.make:78: CMakeFiles/cmTC_67916.dir/HAVE_PROCESS_H.c.o] Error 1
make[1]: Leaving directory '/home/hem/work/umbrella_proj/ongoing_exps/CMake-master/CMakeFiles/CMakeTmp'
make: *** [Makefile:127: cmTC_67916/fast] Error 2


Source:
/* */
#include <stdio.h>
#include <inttypes.h>
#include <sys/ioctl.h>
#include <sys/param.h>
#include <sys/poll.h>
#include <sys/resource.h>
#include <sys/select.h>
#include <sys/socket.h>
#include <sys/stat.h>
#include <sys/time.h>
#include <sys/types.h>
#include <sys/uio.h>
#include <sys/un.h>
#include <sys/xattr.h>
#include <alloca.h>
#include <arpa/inet.h>
#include <arpa/tftp.h>
#include <assert.h>
#include <errno.h>
#include <fcntl.h>
#include <ifaddrs.h>
#include <libgen.h>
#include <locale.h>
#include <net/if.h>
#include <netdb.h>
#include <netinet/in.h>
#include <netinet/tcp.h>
#include <poll.h>
#include <pwd.h>
#include <setjmp.h>
#include <signal.h>
#include <stdbool.h>
#include <stdint.h>
#include <stdio.h>
#include <stdlib.h>
#include <string.h>
#include <strings.h>
#include <termio.h>
#include <termios.h>
#include <time.h>
#include <unistd.h>
#include <utime.h>
#include <process.h>


int main(void){return 0;}

Determining if files stdio.h;inttypes.h;sys/ioctl.h;sys/param.h;sys/poll.h;sys/resource.h;sys/select.h;sys/socket.h;sys/stat.h;sys/time.h;sys/types.h;sys/uio.h;sys/un.h;sys/xattr.h;alloca.h;arpa/inet.h;arpa/tftp.h;assert.h;errno.h;fcntl.h;ifaddrs.h;libgen.h;locale.h;net/if.h;netdb.h;netinet/in.h;netinet/tcp.h;poll.h;pwd.h;setjmp.h;signal.h;stdbool.h;stdint.h;stdio.h;stdlib.h;string.h;strings.h;termio.h;termios.h;time.h;unistd.h;utime.h;stddef.h;dlfcn.h;malloc.h;memory.h;netinet/if_ether.h;stdint.h;sockio.h exist failed with the following output:
Change Dir: /home/hem/work/umbrella_proj/ongoing_exps/CMake-master/CMakeFiles/CMakeTmp

Run Build Command(s):/usr/bin/make -f Makefile cmTC_af873/fast && make  -f CMakeFiles/cmTC_af873.dir/build.make CMakeFiles/cmTC_af873.dir/build
make[1]: Entering directory '/home/hem/work/umbrella_proj/ongoing_exps/CMake-master/CMakeFiles/CMakeTmp'
Building C object CMakeFiles/cmTC_af873.dir/HAVE_SOCKIO_H.c.o
/usr/bin/gcc   -w  -std=gnu11 -o CMakeFiles/cmTC_af873.dir/HAVE_SOCKIO_H.c.o -c /home/hem/work/umbrella_proj/ongoing_exps/CMake-master/CMakeFiles/CheckIncludeFiles/HAVE_SOCKIO_H.c
/home/hem/work/umbrella_proj/ongoing_exps/CMake-master/CMakeFiles/CheckIncludeFiles/HAVE_SOCKIO_H.c:50:10: fatal error: sockio.h: No such file or directory
   50 | #include <sockio.h>
      |          ^~~~~~~~~~
compilation terminated.
make[1]: *** [CMakeFiles/cmTC_af873.dir/build.make:78: CMakeFiles/cmTC_af873.dir/HAVE_SOCKIO_H.c.o] Error 1
make[1]: Leaving directory '/home/hem/work/umbrella_proj/ongoing_exps/CMake-master/CMakeFiles/CMakeTmp'
make: *** [Makefile:127: cmTC_af873/fast] Error 2


Source:
/* */
#include <stdio.h>
#include <inttypes.h>
#include <sys/ioctl.h>
#include <sys/param.h>
#include <sys/poll.h>
#include <sys/resource.h>
#include <sys/select.h>
#include <sys/socket.h>
#include <sys/stat.h>
#include <sys/time.h>
#include <sys/types.h>
#include <sys/uio.h>
#include <sys/un.h>
#include <sys/xattr.h>
#include <alloca.h>
#include <arpa/inet.h>
#include <arpa/tftp.h>
#include <assert.h>
#include <errno.h>
#include <fcntl.h>
#include <ifaddrs.h>
#include <libgen.h>
#include <locale.h>
#include <net/if.h>
#include <netdb.h>
#include <netinet/in.h>
#include <netinet/tcp.h>
#include <poll.h>
#include <pwd.h>
#include <setjmp.h>
#include <signal.h>
#include <stdbool.h>
#include <stdint.h>
#include <stdio.h>
#include <stdlib.h>
#include <string.h>
#include <strings.h>
#include <termio.h>
#include <termios.h>
#include <time.h>
#include <unistd.h>
#include <utime.h>
#include <stddef.h>
#include <dlfcn.h>
#include <malloc.h>
#include <memory.h>
#include <netinet/if_ether.h>
#include <stdint.h>
#include <sockio.h>


int main(void){return 0;}

Determining if the stricmp exist failed with the following output:
Change Dir: /home/hem/work/umbrella_proj/ongoing_exps/CMake-master/CMakeFiles/CMakeTmp

Run Build Command(s):/usr/bin/make -f Makefile cmTC_4a38d/fast && make  -f CMakeFiles/cmTC_4a38d.dir/build.make CMakeFiles/cmTC_4a38d.dir/build
make[1]: Entering directory '/home/hem/work/umbrella_proj/ongoing_exps/CMake-master/CMakeFiles/CMakeTmp'
Building C object CMakeFiles/cmTC_4a38d.dir/CheckSymbolExists.c.o
/usr/bin/gcc   -w  -std=gnu11 -o CMakeFiles/cmTC_4a38d.dir/CheckSymbolExists.c.o -c /home/hem/work/umbrella_proj/ongoing_exps/CMake-master/CMakeFiles/CMakeTmp/CheckSymbolExists.c
/home/hem/work/umbrella_proj/ongoing_exps/CMake-master/CMakeFiles/CMakeTmp/CheckSymbolExists.c: In function ‘main’:
/home/hem/work/umbrella_proj/ongoing_exps/CMake-master/CMakeFiles/CMakeTmp/CheckSymbolExists.c:56:19: error: ‘stricmp’ undeclared (first use in this function); did you mean ‘strncmp’?
   56 |   return ((int*)(&stricmp))[argc];
      |                   ^~~~~~~
      |                   strncmp
/home/hem/work/umbrella_proj/ongoing_exps/CMake-master/CMakeFiles/CMakeTmp/CheckSymbolExists.c:56:19: note: each undeclared identifier is reported only once for each function it appears in
make[1]: *** [CMakeFiles/cmTC_4a38d.dir/build.make:78: CMakeFiles/cmTC_4a38d.dir/CheckSymbolExists.c.o] Error 1
make[1]: Leaving directory '/home/hem/work/umbrella_proj/ongoing_exps/CMake-master/CMakeFiles/CMakeTmp'
make: *** [Makefile:127: cmTC_4a38d/fast] Error 2


File /home/hem/work/umbrella_proj/ongoing_exps/CMake-master/CMakeFiles/CMakeTmp/CheckSymbolExists.c:
/* */
#include <stdio.h>
#include <inttypes.h>
#include <sys/ioctl.h>
#include <sys/param.h>
#include <sys/poll.h>
#include <sys/resource.h>
#include <sys/select.h>
#include <sys/socket.h>
#include <sys/stat.h>
#include <sys/time.h>
#include <sys/types.h>
#include <sys/uio.h>
#include <sys/un.h>
#include <sys/xattr.h>
#include <alloca.h>
#include <arpa/inet.h>
#include <arpa/tftp.h>
#include <assert.h>
#include <errno.h>
#include <fcntl.h>
#include <ifaddrs.h>
#include <libgen.h>
#include <locale.h>
#include <net/if.h>
#include <netdb.h>
#include <netinet/in.h>
#include <netinet/tcp.h>
#include <poll.h>
#include <pwd.h>
#include <setjmp.h>
#include <signal.h>
#include <stdbool.h>
#include <stdint.h>
#include <stdio.h>
#include <stdlib.h>
#include <string.h>
#include <strings.h>
#include <termio.h>
#include <termios.h>
#include <time.h>
#include <unistd.h>
#include <utime.h>
#include <stddef.h>
#include <dlfcn.h>
#include <malloc.h>
#include <memory.h>
#include <netinet/if_ether.h>
#include <stdint.h>
#include <sys/utsname.h>

int main(int argc, char** argv)
{
  (void)argv;
#ifndef stricmp
  return ((int*)(&stricmp))[argc];
#else
  (void)argc;
  return 0;
#endif
}
Determining if the strcmpi exist failed with the following output:
Change Dir: /home/hem/work/umbrella_proj/ongoing_exps/CMake-master/CMakeFiles/CMakeTmp

Run Build Command(s):/usr/bin/make -f Makefile cmTC_e9da6/fast && make  -f CMakeFiles/cmTC_e9da6.dir/build.make CMakeFiles/cmTC_e9da6.dir/build
make[1]: Entering directory '/home/hem/work/umbrella_proj/ongoing_exps/CMake-master/CMakeFiles/CMakeTmp'
Building C object CMakeFiles/cmTC_e9da6.dir/CheckSymbolExists.c.o
/usr/bin/gcc   -w  -std=gnu11 -o CMakeFiles/cmTC_e9da6.dir/CheckSymbolExists.c.o -c /home/hem/work/umbrella_proj/ongoing_exps/CMake-master/CMakeFiles/CMakeTmp/CheckSymbolExists.c
/home/hem/work/umbrella_proj/ongoing_exps/CMake-master/CMakeFiles/CMakeTmp/CheckSymbolExists.c: In function ‘main’:
/home/hem/work/umbrella_proj/ongoing_exps/CMake-master/CMakeFiles/CMakeTmp/CheckSymbolExists.c:56:19: error: ‘strcmpi’ undeclared (first use in this function); did you mean ‘strcmp’?
   56 |   return ((int*)(&strcmpi))[argc];
      |                   ^~~~~~~
      |                   strcmp
/home/hem/work/umbrella_proj/ongoing_exps/CMake-master/CMakeFiles/CMakeTmp/CheckSymbolExists.c:56:19: note: each undeclared identifier is reported only once for each function it appears in
make[1]: *** [CMakeFiles/cmTC_e9da6.dir/build.make:78: CMakeFiles/cmTC_e9da6.dir/CheckSymbolExists.c.o] Error 1
make[1]: Leaving directory '/home/hem/work/umbrella_proj/ongoing_exps/CMake-master/CMakeFiles/CMakeTmp'
make: *** [Makefile:127: cmTC_e9da6/fast] Error 2


File /home/hem/work/umbrella_proj/ongoing_exps/CMake-master/CMakeFiles/CMakeTmp/CheckSymbolExists.c:
/* */
#include <stdio.h>
#include <inttypes.h>
#include <sys/ioctl.h>
#include <sys/param.h>
#include <sys/poll.h>
#include <sys/resource.h>
#include <sys/select.h>
#include <sys/socket.h>
#include <sys/stat.h>
#include <sys/time.h>
#include <sys/types.h>
#include <sys/uio.h>
#include <sys/un.h>
#include <sys/xattr.h>
#include <alloca.h>
#include <arpa/inet.h>
#include <arpa/tftp.h>
#include <assert.h>
#include <errno.h>
#include <fcntl.h>
#include <ifaddrs.h>
#include <libgen.h>
#include <locale.h>
#include <net/if.h>
#include <netdb.h>
#include <netinet/in.h>
#include <netinet/tcp.h>
#include <poll.h>
#include <pwd.h>
#include <setjmp.h>
#include <signal.h>
#include <stdbool.h>
#include <stdint.h>
#include <stdio.h>
#include <stdlib.h>
#include <string.h>
#include <strings.h>
#include <termio.h>
#include <termios.h>
#include <time.h>
#include <unistd.h>
#include <utime.h>
#include <stddef.h>
#include <dlfcn.h>
#include <malloc.h>
#include <memory.h>
#include <netinet/if_ether.h>
#include <stdint.h>
#include <sys/utsname.h>

int main(int argc, char** argv)
{
  (void)argv;
#ifndef strcmpi
  return ((int*)(&strcmpi))[argc];
#else
  (void)argc;
  return 0;
#endif
}
Determining if the strncmpi exist failed with the following output:
Change Dir: /home/hem/work/umbrella_proj/ongoing_exps/CMake-master/CMakeFiles/CMakeTmp

Run Build Command(s):/usr/bin/make -f Makefile cmTC_6eeb4/fast && make  -f CMakeFiles/cmTC_6eeb4.dir/build.make CMakeFiles/cmTC_6eeb4.dir/build
make[1]: Entering directory '/home/hem/work/umbrella_proj/ongoing_exps/CMake-master/CMakeFiles/CMakeTmp'
Building C object CMakeFiles/cmTC_6eeb4.dir/CheckSymbolExists.c.o
/usr/bin/gcc   -w  -std=gnu11 -o CMakeFiles/cmTC_6eeb4.dir/CheckSymbolExists.c.o -c /home/hem/work/umbrella_proj/ongoing_exps/CMake-master/CMakeFiles/CMakeTmp/CheckSymbolExists.c
/home/hem/work/umbrella_proj/ongoing_exps/CMake-master/CMakeFiles/CMakeTmp/CheckSymbolExists.c: In function ‘main’:
/home/hem/work/umbrella_proj/ongoing_exps/CMake-master/CMakeFiles/CMakeTmp/CheckSymbolExists.c:56:19: error: ‘strncmpi’ undeclared (first use in this function); did you mean ‘strncmp’?
   56 |   return ((int*)(&strncmpi))[argc];
      |                   ^~~~~~~~
      |                   strncmp
/home/hem/work/umbrella_proj/ongoing_exps/CMake-master/CMakeFiles/CMakeTmp/CheckSymbolExists.c:56:19: note: each undeclared identifier is reported only once for each function it appears in
make[1]: *** [CMakeFiles/cmTC_6eeb4.dir/build.make:78: CMakeFiles/cmTC_6eeb4.dir/CheckSymbolExists.c.o] Error 1
make[1]: Leaving directory '/home/hem/work/umbrella_proj/ongoing_exps/CMake-master/CMakeFiles/CMakeTmp'
make: *** [Makefile:127: cmTC_6eeb4/fast] Error 2


File /home/hem/work/umbrella_proj/ongoing_exps/CMake-master/CMakeFiles/CMakeTmp/CheckSymbolExists.c:
/* */
#include <stdio.h>
#include <inttypes.h>
#include <sys/ioctl.h>
#include <sys/param.h>
#include <sys/poll.h>
#include <sys/resource.h>
#include <sys/select.h>
#include <sys/socket.h>
#include <sys/stat.h>
#include <sys/time.h>
#include <sys/types.h>
#include <sys/uio.h>
#include <sys/un.h>
#include <sys/xattr.h>
#include <alloca.h>
#include <arpa/inet.h>
#include <arpa/tftp.h>
#include <assert.h>
#include <errno.h>
#include <fcntl.h>
#include <ifaddrs.h>
#include <libgen.h>
#include <locale.h>
#include <net/if.h>
#include <netdb.h>
#include <netinet/in.h>
#include <netinet/tcp.h>
#include <poll.h>
#include <pwd.h>
#include <setjmp.h>
#include <signal.h>
#include <stdbool.h>
#include <stdint.h>
#include <stdio.h>
#include <stdlib.h>
#include <string.h>
#include <strings.h>
#include <termio.h>
#include <termios.h>
#include <time.h>
#include <unistd.h>
#include <utime.h>
#include <stddef.h>
#include <dlfcn.h>
#include <malloc.h>
#include <memory.h>
#include <netinet/if_ether.h>
#include <stdint.h>
#include <sys/utsname.h>

int main(int argc, char** argv)
{
  (void)argv;
#ifndef strncmpi
  return ((int*)(&strncmpi))[argc];
#else
  (void)argc;
  return 0;
#endif
}
Determining if the closesocket exist failed with the following output:
Change Dir: /home/hem/work/umbrella_proj/ongoing_exps/CMake-master/CMakeFiles/CMakeTmp

Run Build Command(s):/usr/bin/make -f Makefile cmTC_14728/fast && make  -f CMakeFiles/cmTC_14728.dir/build.make CMakeFiles/cmTC_14728.dir/build
make[1]: Entering directory '/home/hem/work/umbrella_proj/ongoing_exps/CMake-master/CMakeFiles/CMakeTmp'
Building C object CMakeFiles/cmTC_14728.dir/CheckSymbolExists.c.o
/usr/bin/gcc   -w  -std=gnu11 -o CMakeFiles/cmTC_14728.dir/CheckSymbolExists.c.o -c /home/hem/work/umbrella_proj/ongoing_exps/CMake-master/CMakeFiles/CMakeTmp/CheckSymbolExists.c
/home/hem/work/umbrella_proj/ongoing_exps/CMake-master/CMakeFiles/CMakeTmp/CheckSymbolExists.c: In function ‘main’:
/home/hem/work/umbrella_proj/ongoing_exps/CMake-master/CMakeFiles/CMakeTmp/CheckSymbolExists.c:56:19: error: ‘closesocket’ undeclared (first use in this function)
   56 |   return ((int*)(&closesocket))[argc];
      |                   ^~~~~~~~~~~
/home/hem/work/umbrella_proj/ongoing_exps/CMake-master/CMakeFiles/CMakeTmp/CheckSymbolExists.c:56:19: note: each undeclared identifier is reported only once for each function it appears in
make[1]: *** [CMakeFiles/cmTC_14728.dir/build.make:78: CMakeFiles/cmTC_14728.dir/CheckSymbolExists.c.o] Error 1
make[1]: Leaving directory '/home/hem/work/umbrella_proj/ongoing_exps/CMake-master/CMakeFiles/CMakeTmp'
make: *** [Makefile:127: cmTC_14728/fast] Error 2


File /home/hem/work/umbrella_proj/ongoing_exps/CMake-master/CMakeFiles/CMakeTmp/CheckSymbolExists.c:
/* */
#include <stdio.h>
#include <inttypes.h>
#include <sys/ioctl.h>
#include <sys/param.h>
#include <sys/poll.h>
#include <sys/resource.h>
#include <sys/select.h>
#include <sys/socket.h>
#include <sys/stat.h>
#include <sys/time.h>
#include <sys/types.h>
#include <sys/uio.h>
#include <sys/un.h>
#include <sys/xattr.h>
#include <alloca.h>
#include <arpa/inet.h>
#include <arpa/tftp.h>
#include <assert.h>
#include <errno.h>
#include <fcntl.h>
#include <ifaddrs.h>
#include <libgen.h>
#include <locale.h>
#include <net/if.h>
#include <netdb.h>
#include <netinet/in.h>
#include <netinet/tcp.h>
#include <poll.h>
#include <pwd.h>
#include <setjmp.h>
#include <signal.h>
#include <stdbool.h>
#include <stdint.h>
#include <stdio.h>
#include <stdlib.h>
#include <string.h>
#include <strings.h>
#include <termio.h>
#include <termios.h>
#include <time.h>
#include <unistd.h>
#include <utime.h>
#include <stddef.h>
#include <dlfcn.h>
#include <malloc.h>
#include <memory.h>
#include <netinet/if_ether.h>
#include <stdint.h>
#include <sys/utsname.h>

int main(int argc, char** argv)
{
  (void)argv;
#ifndef closesocket
  return ((int*)(&closesocket))[argc];
#else
  (void)argc;
  return 0;
#endif
}
Determining if the getpass_r exist failed with the following output:
Change Dir: /home/hem/work/umbrella_proj/ongoing_exps/CMake-master/CMakeFiles/CMakeTmp

Run Build Command(s):/usr/bin/make -f Makefile cmTC_34c54/fast && make  -f CMakeFiles/cmTC_34c54.dir/build.make CMakeFiles/cmTC_34c54.dir/build
make[1]: Entering directory '/home/hem/work/umbrella_proj/ongoing_exps/CMake-master/CMakeFiles/CMakeTmp'
Building C object CMakeFiles/cmTC_34c54.dir/CheckSymbolExists.c.o
/usr/bin/gcc   -w  -std=gnu11 -o CMakeFiles/cmTC_34c54.dir/CheckSymbolExists.c.o -c /home/hem/work/umbrella_proj/ongoing_exps/CMake-master/CMakeFiles/CMakeTmp/CheckSymbolExists.c
/home/hem/work/umbrella_proj/ongoing_exps/CMake-master/CMakeFiles/CMakeTmp/CheckSymbolExists.c: In function ‘main’:
/home/hem/work/umbrella_proj/ongoing_exps/CMake-master/CMakeFiles/CMakeTmp/CheckSymbolExists.c:56:19: error: ‘getpass_r’ undeclared (first use in this function); did you mean ‘getpass’?
   56 |   return ((int*)(&getpass_r))[argc];
      |                   ^~~~~~~~~
      |                   getpass
/home/hem/work/umbrella_proj/ongoing_exps/CMake-master/CMakeFiles/CMakeTmp/CheckSymbolExists.c:56:19: note: each undeclared identifier is reported only once for each function it appears in
make[1]: *** [CMakeFiles/cmTC_34c54.dir/build.make:78: CMakeFiles/cmTC_34c54.dir/CheckSymbolExists.c.o] Error 1
make[1]: Leaving directory '/home/hem/work/umbrella_proj/ongoing_exps/CMake-master/CMakeFiles/CMakeTmp'
make: *** [Makefile:127: cmTC_34c54/fast] Error 2


File /home/hem/work/umbrella_proj/ongoing_exps/CMake-master/CMakeFiles/CMakeTmp/CheckSymbolExists.c:
/* */
#include <stdio.h>
#include <inttypes.h>
#include <sys/ioctl.h>
#include <sys/param.h>
#include <sys/poll.h>
#include <sys/resource.h>
#include <sys/select.h>
#include <sys/socket.h>
#include <sys/stat.h>
#include <sys/time.h>
#include <sys/types.h>
#include <sys/uio.h>
#include <sys/un.h>
#include <sys/xattr.h>
#include <alloca.h>
#include <arpa/inet.h>
#include <arpa/tftp.h>
#include <assert.h>
#include <errno.h>
#include <fcntl.h>
#include <ifaddrs.h>
#include <libgen.h>
#include <locale.h>
#include <net/if.h>
#include <netdb.h>
#include <netinet/in.h>
#include <netinet/tcp.h>
#include <poll.h>
#include <pwd.h>
#include <setjmp.h>
#include <signal.h>
#include <stdbool.h>
#include <stdint.h>
#include <stdio.h>
#include <stdlib.h>
#include <string.h>
#include <strings.h>
#include <termio.h>
#include <termios.h>
#include <time.h>
#include <unistd.h>
#include <utime.h>
#include <stddef.h>
#include <dlfcn.h>
#include <malloc.h>
#include <memory.h>
#include <netinet/if_ether.h>
#include <stdint.h>
#include <sys/utsname.h>

int main(int argc, char** argv)
{
  (void)argv;
#ifndef getpass_r
  return ((int*)(&getpass_r))[argc];
#else
  (void)argc;
  return 0;
#endif
}
Determining if the _strtoi64 exist failed with the following output:
Change Dir: /home/hem/work/umbrella_proj/ongoing_exps/CMake-master/CMakeFiles/CMakeTmp

Run Build Command(s):/usr/bin/make -f Makefile cmTC_0eafe/fast && make  -f CMakeFiles/cmTC_0eafe.dir/build.make CMakeFiles/cmTC_0eafe.dir/build
make[1]: Entering directory '/home/hem/work/umbrella_proj/ongoing_exps/CMake-master/CMakeFiles/CMakeTmp'
Building C object CMakeFiles/cmTC_0eafe.dir/CheckSymbolExists.c.o
/usr/bin/gcc   -w  -std=gnu11 -o CMakeFiles/cmTC_0eafe.dir/CheckSymbolExists.c.o -c /home/hem/work/umbrella_proj/ongoing_exps/CMake-master/CMakeFiles/CMakeTmp/CheckSymbolExists.c
/home/hem/work/umbrella_proj/ongoing_exps/CMake-master/CMakeFiles/CMakeTmp/CheckSymbolExists.c: In function ‘main’:
/home/hem/work/umbrella_proj/ongoing_exps/CMake-master/CMakeFiles/CMakeTmp/CheckSymbolExists.c:56:19: error: ‘_strtoi64’ undeclared (first use in this function)
   56 |   return ((int*)(&_strtoi64))[argc];
      |                   ^~~~~~~~~
/home/hem/work/umbrella_proj/ongoing_exps/CMake-master/CMakeFiles/CMakeTmp/CheckSymbolExists.c:56:19: note: each undeclared identifier is reported only once for each function it appears in
make[1]: *** [CMakeFiles/cmTC_0eafe.dir/build.make:78: CMakeFiles/cmTC_0eafe.dir/CheckSymbolExists.c.o] Error 1
make[1]: Leaving directory '/home/hem/work/umbrella_proj/ongoing_exps/CMake-master/CMakeFiles/CMakeTmp'
make: *** [Makefile:127: cmTC_0eafe/fast] Error 2


File /home/hem/work/umbrella_proj/ongoing_exps/CMake-master/CMakeFiles/CMakeTmp/CheckSymbolExists.c:
/* */
#include <stdio.h>
#include <inttypes.h>
#include <sys/ioctl.h>
#include <sys/param.h>
#include <sys/poll.h>
#include <sys/resource.h>
#include <sys/select.h>
#include <sys/socket.h>
#include <sys/stat.h>
#include <sys/time.h>
#include <sys/types.h>
#include <sys/uio.h>
#include <sys/un.h>
#include <sys/xattr.h>
#include <alloca.h>
#include <arpa/inet.h>
#include <arpa/tftp.h>
#include <assert.h>
#include <errno.h>
#include <fcntl.h>
#include <ifaddrs.h>
#include <libgen.h>
#include <locale.h>
#include <net/if.h>
#include <netdb.h>
#include <netinet/in.h>
#include <netinet/tcp.h>
#include <poll.h>
#include <pwd.h>
#include <setjmp.h>
#include <signal.h>
#include <stdbool.h>
#include <stdint.h>
#include <stdio.h>
#include <stdlib.h>
#include <string.h>
#include <strings.h>
#include <termio.h>
#include <termios.h>
#include <time.h>
#include <unistd.h>
#include <utime.h>
#include <stddef.h>
#include <dlfcn.h>
#include <malloc.h>
#include <memory.h>
#include <netinet/if_ether.h>
#include <stdint.h>
#include <sys/utsname.h>

int main(int argc, char** argv)
{
  (void)argv;
#ifndef _strtoi64
  return ((int*)(&_strtoi64))[argc];
#else
  (void)argc;
  return 0;
#endif
}
Determining if the setmode exist failed with the following output:
Change Dir: /home/hem/work/umbrella_proj/ongoing_exps/CMake-master/CMakeFiles/CMakeTmp

Run Build Command(s):/usr/bin/make -f Makefile cmTC_a26a2/fast && make  -f CMakeFiles/cmTC_a26a2.dir/build.make CMakeFiles/cmTC_a26a2.dir/build
make[1]: Entering directory '/home/hem/work/umbrella_proj/ongoing_exps/CMake-master/CMakeFiles/CMakeTmp'
Building C object CMakeFiles/cmTC_a26a2.dir/CheckSymbolExists.c.o
/usr/bin/gcc   -w  -std=gnu11 -o CMakeFiles/cmTC_a26a2.dir/CheckSymbolExists.c.o -c /home/hem/work/umbrella_proj/ongoing_exps/CMake-master/CMakeFiles/CMakeTmp/CheckSymbolExists.c
/home/hem/work/umbrella_proj/ongoing_exps/CMake-master/CMakeFiles/CMakeTmp/CheckSymbolExists.c: In function ‘main’:
/home/hem/work/umbrella_proj/ongoing_exps/CMake-master/CMakeFiles/CMakeTmp/CheckSymbolExists.c:56:19: error: ‘setmode’ undeclared (first use in this function)
   56 |   return ((int*)(&setmode))[argc];
      |                   ^~~~~~~
/home/hem/work/umbrella_proj/ongoing_exps/CMake-master/CMakeFiles/CMakeTmp/CheckSymbolExists.c:56:19: note: each undeclared identifier is reported only once for each function it appears in
make[1]: *** [CMakeFiles/cmTC_a26a2.dir/build.make:78: CMakeFiles/cmTC_a26a2.dir/CheckSymbolExists.c.o] Error 1
make[1]: Leaving directory '/home/hem/work/umbrella_proj/ongoing_exps/CMake-master/CMakeFiles/CMakeTmp'
make: *** [Makefile:127: cmTC_a26a2/fast] Error 2


File /home/hem/work/umbrella_proj/ongoing_exps/CMake-master/CMakeFiles/CMakeTmp/CheckSymbolExists.c:
/* */
#include <stdio.h>
#include <inttypes.h>
#include <sys/ioctl.h>
#include <sys/param.h>
#include <sys/poll.h>
#include <sys/resource.h>
#include <sys/select.h>
#include <sys/socket.h>
#include <sys/stat.h>
#include <sys/time.h>
#include <sys/types.h>
#include <sys/uio.h>
#include <sys/un.h>
#include <sys/xattr.h>
#include <alloca.h>
#include <arpa/inet.h>
#include <arpa/tftp.h>
#include <assert.h>
#include <errno.h>
#include <fcntl.h>
#include <ifaddrs.h>
#include <libgen.h>
#include <locale.h>
#include <net/if.h>
#include <netdb.h>
#include <netinet/in.h>
#include <netinet/tcp.h>
#include <poll.h>
#include <pwd.h>
#include <setjmp.h>
#include <signal.h>
#include <stdbool.h>
#include <stdint.h>
#include <stdio.h>
#include <stdlib.h>
#include <string.h>
#include <strings.h>
#include <termio.h>
#include <termios.h>
#include <time.h>
#include <unistd.h>
#include <utime.h>
#include <stddef.h>
#include <dlfcn.h>
#include <malloc.h>
#include <memory.h>
#include <netinet/if_ether.h>
#include <stdint.h>
#include <sys/utsname.h>

int main(int argc, char** argv)
{
  (void)argv;
#ifndef setmode
  return ((int*)(&setmode))[argc];
#else
  (void)argc;
  return 0;
#endif
}
Determining if the function mach_absolute_time exists failed with the following output:
Change Dir: /home/hem/work/umbrella_proj/ongoing_exps/CMake-master/CMakeFiles/CMakeTmp

Run Build Command(s):/usr/bin/make -f Makefile cmTC_2f699/fast && make  -f CMakeFiles/cmTC_2f699.dir/build.make CMakeFiles/cmTC_2f699.dir/build
make[1]: Entering directory '/home/hem/work/umbrella_proj/ongoing_exps/CMake-master/CMakeFiles/CMakeTmp'
Building C object CMakeFiles/cmTC_2f699.dir/CheckFunctionExists.c.o
/usr/bin/gcc   -w -DCHECK_FUNCTION_EXISTS=mach_absolute_time -std=gnu11 -o CMakeFiles/cmTC_2f699.dir/CheckFunctionExists.c.o -c /home/hem/work/umbrella_proj/ongoing_exps/CMake-master/Modules/CheckFunctionExists.c
Linking C executable cmTC_2f699
/home/hem/work/umbrella_proj/ongoing_exps/CMake-master/Bootstrap.cmk/cmake -E cmake_link_script CMakeFiles/cmTC_2f699.dir/link.txt --verbose=1
/usr/bin/gcc  -w -DCHECK_FUNCTION_EXISTS=mach_absolute_time CMakeFiles/cmTC_2f699.dir/CheckFunctionExists.c.o -o cmTC_2f699 
/usr/bin/ld: CMakeFiles/cmTC_2f699.dir/CheckFunctionExists.c.o: in function `main':
CheckFunctionExists.c:(.text+0x14): undefined reference to `mach_absolute_time'
collect2: error: ld returned 1 exit status
make[1]: *** [CMakeFiles/cmTC_2f699.dir/build.make:99: cmTC_2f699] Error 1
make[1]: Leaving directory '/home/hem/work/umbrella_proj/ongoing_exps/CMake-master/CMakeFiles/CMakeTmp'
make: *** [Makefile:127: cmTC_2f699/fast] Error 2



Performing Curl Test HAVE_FSETXATTR_6 failed with the following output:
Change Dir: /home/hem/work/umbrella_proj/ongoing_exps/CMake-master/CMakeFiles/CMakeTmp

Run Build Command(s):/usr/bin/make -f Makefile cmTC_d4d94/fast && make  -f CMakeFiles/cmTC_d4d94.dir/build.make CMakeFiles/cmTC_d4d94.dir/build
make[1]: Entering directory '/home/hem/work/umbrella_proj/ongoing_exps/CMake-master/CMakeFiles/CMakeTmp'
Building C object CMakeFiles/cmTC_d4d94.dir/CurlTests.c.o
/usr/bin/gcc   -w -DHAVE_FSETXATTR_6  -DHAVE_STDIO_H -DHAVE_INTTYPES_H -DHAVE_SYS_IOCTL_H -DHAVE_SYS_PARAM_H -DHAVE_SYS_POLL_H -DHAVE_SYS_RESOURCE_H -DHAVE_SYS_SELECT_H -DHAVE_SYS_SOCKET_H -DHAVE_SYS_STAT_H -DHAVE_SYS_TIME_H -DHAVE_SYS_TYPES_H -DHAVE_SYS_UIO_H -DHAVE_SYS_UN_H -DHAVE_SYS_XATTR_H -DHAVE_ALLOCA_H -DHAVE_ARPA_INET_H -DHAVE_ARPA_TFTP_H -DHAVE_ASSERT_H -DHAVE_ERRNO_H -DHAVE_FCNTL_H -DHAVE_IFADDRS_H -DHAVE_LIBGEN_H -DHAVE_LOCALE_H -DHAVE_NET_IF_H -DHAVE_NETDB_H -DHAVE_NETINET_IN_H -DHAVE_NETINET_TCP_H -DHAVE_POLL_H -DHAVE_PWD_H -DHAVE_SETJMP_H -DHAVE_SIGNAL_H -DHAVE_STDBOOL_H -DHAVE_STDINT_H -DHAVE_STDIO_H -DHAVE_STDLIB_H -DHAVE_STRING_H -DHAVE_STRINGS_H -DHAVE_TERMIO_H -DHAVE_TERMIOS_H -DHAVE_TIME_H -DHAVE_UNISTD_H -DHAVE_UTIME_H -DHAVE_STDDEF_H -DHAVE_DLFCN_H -DHAVE_MALLOC_H -DHAVE_MEMORY_H -DHAVE_NETINET_IF_ETHER_H -DHAVE_STDINT_H -DHAVE_SYS_UTSNAME_H -std=gnu11 -o CMakeFiles/cmTC_d4d94.dir/CurlTests.c.o -c /home/hem/work/umbrella_proj/ongoing_exps/CMake-master/Utilities/cmcurl/CMake/CurlTests.c
/home/hem/work/umbrella_proj/ongoing_exps/CMake-master/Utilities/cmcurl/CMake/CurlTests.c: In function ‘main’:
/home/hem/work/umbrella_proj/ongoing_exps/CMake-master/Utilities/cmcurl/CMake/CurlTests.c:463:3: error: too many arguments to function ‘fsetxattr’
  463 |   fsetxattr(0, 0, 0, 0, 0, 0);
      |   ^~~~~~~~~
In file included from /home/hem/work/umbrella_proj/ongoing_exps/CMake-master/Utilities/cmcurl/CMake/CurlTests.c:460:
/usr/include/x86_64-linux-gnu/sys/xattr.h:54:12: note: declared here
   54 | extern int fsetxattr (int __fd, const char *__name, const void *__value,
      |            ^~~~~~~~~
make[1]: *** [CMakeFiles/cmTC_d4d94.dir/build.make:78: CMakeFiles/cmTC_d4d94.dir/CurlTests.c.o] Error 1
make[1]: Leaving directory '/home/hem/work/umbrella_proj/ongoing_exps/CMake-master/CMakeFiles/CMakeTmp'
make: *** [Makefile:127: cmTC_d4d94/fast] Error 2


Determining size of ADDRESS_FAMILY failed with the following output:
Change Dir: /home/hem/work/umbrella_proj/ongoing_exps/CMake-master/CMakeFiles/CMakeTmp

Run Build Command(s):/usr/bin/make -f Makefile cmTC_cd7ee/fast && make  -f CMakeFiles/cmTC_cd7ee.dir/build.make CMakeFiles/cmTC_cd7ee.dir/build
make[1]: Entering directory '/home/hem/work/umbrella_proj/ongoing_exps/CMake-master/CMakeFiles/CMakeTmp'
Building C object CMakeFiles/cmTC_cd7ee.dir/SIZEOF_ADDRESS_FAMILY.c.o
/usr/bin/gcc   -w  -std=gnu11 -o CMakeFiles/cmTC_cd7ee.dir/SIZEOF_ADDRESS_FAMILY.c.o -c /home/hem/work/umbrella_proj/ongoing_exps/CMake-master/CMakeFiles/CheckTypeSize/SIZEOF_ADDRESS_FAMILY.c
/home/hem/work/umbrella_proj/ongoing_exps/CMake-master/CMakeFiles/CheckTypeSize/SIZEOF_ADDRESS_FAMILY.c:4:10: fatal error: ws2def.h: No such file or directory
    4 | #include "ws2def.h"
      |          ^~~~~~~~~~
compilation terminated.
make[1]: *** [CMakeFiles/cmTC_cd7ee.dir/build.make:78: CMakeFiles/cmTC_cd7ee.dir/SIZEOF_ADDRESS_FAMILY.c.o] Error 1
make[1]: Leaving directory '/home/hem/work/umbrella_proj/ongoing_exps/CMake-master/CMakeFiles/CMakeTmp'
make: *** [Makefile:127: cmTC_cd7ee/fast] Error 2


/home/hem/work/umbrella_proj/ongoing_exps/CMake-master/CMakeFiles/CheckTypeSize/SIZEOF_ADDRESS_FAMILY.c:
#include <sys/types.h>
#include <stdint.h>
#include <stddef.h>
#include "ws2def.h"


#undef KEY
#if defined(__i386)
# define KEY '_','_','i','3','8','6'
#elif defined(__x86_64)
# define KEY '_','_','x','8','6','_','6','4'
#elif defined(__PPC64__)
# define KEY '_','_','P','P','C','6','4','_','_'
#elif defined(__ppc64__)
# define KEY '_','_','p','p','c','6','4','_','_'
#elif defined(__PPC__)
# define KEY '_','_','P','P','C','_','_'
#elif defined(__ppc__)
# define KEY '_','_','p','p','c','_','_'
#elif defined(__aarch64__)
# define KEY '_','_','a','a','r','c','h','6','4','_','_'
#elif defined(__ARM_ARCH_7A__)
# define KEY '_','_','A','R','M','_','A','R','C','H','_','7','A','_','_'
#elif defined(__ARM_ARCH_7S__)
# define KEY '_','_','A','R','M','_','A','R','C','H','_','7','S','_','_'
#endif

#define SIZE (sizeof(ADDRESS_FAMILY))
static char info_size[] =  {'I', 'N', 'F', 'O', ':', 's','i','z','e','[',
  ('0' + ((SIZE / 10000)%10)),
  ('0' + ((SIZE / 1000)%10)),
  ('0' + ((SIZE / 100)%10)),
  ('0' + ((SIZE / 10)%10)),
  ('0' +  (SIZE    % 10)),
  ']',
#ifdef KEY
  ' ','k','e','y','[', KEY, ']',
#endif
  '\0'};

#ifdef __CLASSIC_C__
int main(argc, argv) int argc; char *argv[];
#else
int main(int argc, char *argv[])
#endif
{
  int require = 0;
  require += info_size[argc];
  (void)argv;
  return require;
}


Performing Curl Test HAVE_IOCTLSOCKET failed with the following output:
Change Dir: /home/hem/work/umbrella_proj/ongoing_exps/CMake-master/CMakeFiles/CMakeTmp

Run Build Command(s):/usr/bin/make -f Makefile cmTC_5be32/fast && make  -f CMakeFiles/cmTC_5be32.dir/build.make CMakeFiles/cmTC_5be32.dir/build
make[1]: Entering directory '/home/hem/work/umbrella_proj/ongoing_exps/CMake-master/CMakeFiles/CMakeTmp'
Building C object CMakeFiles/cmTC_5be32.dir/CurlTests.c.o
/usr/bin/gcc   -w -DHAVE_IOCTLSOCKET  -DHAVE_STDIO_H -DHAVE_INTTYPES_H -DHAVE_SYS_IOCTL_H -DHAVE_SYS_PARAM_H -DHAVE_SYS_POLL_H -DHAVE_SYS_RESOURCE_H -DHAVE_SYS_SELECT_H -DHAVE_SYS_SOCKET_H -DHAVE_SYS_STAT_H -DHAVE_SYS_TIME_H -DHAVE_SYS_TYPES_H -DHAVE_SYS_UIO_H -DHAVE_SYS_UN_H -DHAVE_SYS_XATTR_H -DHAVE_ALLOCA_H -DHAVE_ARPA_INET_H -DHAVE_ARPA_TFTP_H -DHAVE_ASSERT_H -DHAVE_ERRNO_H -DHAVE_FCNTL_H -DHAVE_IFADDRS_H -DHAVE_LIBGEN_H -DHAVE_LOCALE_H -DHAVE_NET_IF_H -DHAVE_NETDB_H -DHAVE_NETINET_IN_H -DHAVE_NETINET_TCP_H -DHAVE_POLL_H -DHAVE_PWD_H -DHAVE_SETJMP_H -DHAVE_SIGNAL_H -DHAVE_STDBOOL_H -DHAVE_STDINT_H -DHAVE_STDIO_H -DHAVE_STDLIB_H -DHAVE_STRING_H -DHAVE_STRINGS_H -DHAVE_TERMIO_H -DHAVE_TERMIOS_H -DHAVE_TIME_H -DHAVE_UNISTD_H -DHAVE_UTIME_H -DHAVE_STDDEF_H -DHAVE_DLFCN_H -DHAVE_MALLOC_H -DHAVE_MEMORY_H -DHAVE_NETINET_IF_ETHER_H -DHAVE_STDINT_H -DHAVE_SYS_UTSNAME_H -std=gnu11 -o CMakeFiles/cmTC_5be32.dir/CurlTests.c.o -c /home/hem/work/umbrella_proj/ongoing_exps/CMake-master/Utilities/cmcurl/CMake/CurlTests.c
/home/hem/work/umbrella_proj/ongoing_exps/CMake-master/Utilities/cmcurl/CMake/CurlTests.c: In function ‘main’:
/home/hem/work/umbrella_proj/ongoing_exps/CMake-master/Utilities/cmcurl/CMake/CurlTests.c:245:44: error: ‘FIONBIO’ undeclared (first use in this function)
  245 |  unsigned long flags = ioctlsocket(socket, FIONBIO, &flags);
      |                                            ^~~~~~~
/home/hem/work/umbrella_proj/ongoing_exps/CMake-master/Utilities/cmcurl/CMake/CurlTests.c:245:44: note: each undeclared identifier is reported only once for each function it appears in
make[1]: *** [CMakeFiles/cmTC_5be32.dir/build.make:78: CMakeFiles/cmTC_5be32.dir/CurlTests.c.o] Error 1
make[1]: Leaving directory '/home/hem/work/umbrella_proj/ongoing_exps/CMake-master/CMakeFiles/CMakeTmp'
make: *** [Makefile:127: cmTC_5be32/fast] Error 2


Performing Curl Test HAVE_IOCTLSOCKET_CAMEL failed with the following output:
Change Dir: /home/hem/work/umbrella_proj/ongoing_exps/CMake-master/CMakeFiles/CMakeTmp

Run Build Command(s):/usr/bin/make -f Makefile cmTC_43e3a/fast && make  -f CMakeFiles/cmTC_43e3a.dir/build.make CMakeFiles/cmTC_43e3a.dir/build
make[1]: Entering directory '/home/hem/work/umbrella_proj/ongoing_exps/CMake-master/CMakeFiles/CMakeTmp'
Building C object CMakeFiles/cmTC_43e3a.dir/CurlTests.c.o
/usr/bin/gcc   -w -DHAVE_IOCTLSOCKET_CAMEL  -DHAVE_STDIO_H -DHAVE_INTTYPES_H -DHAVE_SYS_IOCTL_H -DHAVE_SYS_PARAM_H -DHAVE_SYS_POLL_H -DHAVE_SYS_RESOURCE_H -DHAVE_SYS_SELECT_H -DHAVE_SYS_SOCKET_H -DHAVE_SYS_STAT_H -DHAVE_SYS_TIME_H -DHAVE_SYS_TYPES_H -DHAVE_SYS_UIO_H -DHAVE_SYS_UN_H -DHAVE_SYS_XATTR_H -DHAVE_ALLOCA_H -DHAVE_ARPA_INET_H -DHAVE_ARPA_TFTP_H -DHAVE_ASSERT_H -DHAVE_ERRNO_H -DHAVE_FCNTL_H -DHAVE_IFADDRS_H -DHAVE_LIBGEN_H -DHAVE_LOCALE_H -DHAVE_NET_IF_H -DHAVE_NETDB_H -DHAVE_NETINET_IN_H -DHAVE_NETINET_TCP_H -DHAVE_POLL_H -DHAVE_PWD_H -DHAVE_SETJMP_H -DHAVE_SIGNAL_H -DHAVE_STDBOOL_H -DHAVE_STDINT_H -DHAVE_STDIO_H -DHAVE_STDLIB_H -DHAVE_STRING_H -DHAVE_STRINGS_H -DHAVE_TERMIO_H -DHAVE_TERMIOS_H -DHAVE_TIME_H -DHAVE_UNISTD_H -DHAVE_UTIME_H -DHAVE_STDDEF_H -DHAVE_DLFCN_H -DHAVE_MALLOC_H -DHAVE_MEMORY_H -DHAVE_NETINET_IF_ETHER_H -DHAVE_STDINT_H -DHAVE_SYS_UTSNAME_H -std=gnu11 -o CMakeFiles/cmTC_43e3a.dir/CurlTests.c.o -c /home/hem/work/umbrella_proj/ongoing_exps/CMake-master/Utilities/cmcurl/CMake/CurlTests.c
Linking C executable cmTC_43e3a
/home/hem/work/umbrella_proj/ongoing_exps/CMake-master/Bootstrap.cmk/cmake -E cmake_link_script CMakeFiles/cmTC_43e3a.dir/link.txt --verbose=1
/usr/bin/gcc  -w -DHAVE_IOCTLSOCKET_CAMEL  -DHAVE_STDIO_H -DHAVE_INTTYPES_H -DHAVE_SYS_IOCTL_H -DHAVE_SYS_PARAM_H -DHAVE_SYS_POLL_H -DHAVE_SYS_RESOURCE_H -DHAVE_SYS_SELECT_H -DHAVE_SYS_SOCKET_H -DHAVE_SYS_STAT_H -DHAVE_SYS_TIME_H -DHAVE_SYS_TYPES_H -DHAVE_SYS_UIO_H -DHAVE_SYS_UN_H -DHAVE_SYS_XATTR_H -DHAVE_ALLOCA_H -DHAVE_ARPA_INET_H -DHAVE_ARPA_TFTP_H -DHAVE_ASSERT_H -DHAVE_ERRNO_H -DHAVE_FCNTL_H -DHAVE_IFADDRS_H -DHAVE_LIBGEN_H -DHAVE_LOCALE_H -DHAVE_NET_IF_H -DHAVE_NETDB_H -DHAVE_NETINET_IN_H -DHAVE_NETINET_TCP_H -DHAVE_POLL_H -DHAVE_PWD_H -DHAVE_SETJMP_H -DHAVE_SIGNAL_H -DHAVE_STDBOOL_H -DHAVE_STDINT_H -DHAVE_STDIO_H -DHAVE_STDLIB_H -DHAVE_STRING_H -DHAVE_STRINGS_H -DHAVE_TERMIO_H -DHAVE_TERMIOS_H -DHAVE_TIME_H -DHAVE_UNISTD_H -DHAVE_UTIME_H -DHAVE_STDDEF_H -DHAVE_DLFCN_H -DHAVE_MALLOC_H -DHAVE_MEMORY_H -DHAVE_NETINET_IF_ETHER_H -DHAVE_STDINT_H -DHAVE_SYS_UTSNAME_H CMakeFiles/cmTC_43e3a.dir/CurlTests.c.o -o cmTC_43e3a 
/usr/bin/ld: CMakeFiles/cmTC_43e3a.dir/CurlTests.c.o: in function `main':
CurlTests.c:(.text+0x1d): undefined reference to `IoctlSocket'
collect2: error: ld returned 1 exit status
make[1]: *** [CMakeFiles/cmTC_43e3a.dir/build.make:99: cmTC_43e3a] Error 1
make[1]: Leaving directory '/home/hem/work/umbrella_proj/ongoing_exps/CMake-master/CMakeFiles/CMakeTmp'
make: *** [Makefile:127: cmTC_43e3a/fast] Error 2


Performing Curl Test HAVE_IOCTLSOCKET_CAMEL_FIONBIO failed with the following output:
Change Dir: /home/hem/work/umbrella_proj/ongoing_exps/CMake-master/CMakeFiles/CMakeTmp

Run Build Command(s):/usr/bin/make -f Makefile cmTC_5a9f6/fast && make  -f CMakeFiles/cmTC_5a9f6.dir/build.make CMakeFiles/cmTC_5a9f6.dir/build
make[1]: Entering directory '/home/hem/work/umbrella_proj/ongoing_exps/CMake-master/CMakeFiles/CMakeTmp'
Building C object CMakeFiles/cmTC_5a9f6.dir/CurlTests.c.o
/usr/bin/gcc   -w -DHAVE_IOCTLSOCKET_CAMEL_FIONBIO  -DHAVE_STDIO_H -DHAVE_INTTYPES_H -DHAVE_SYS_IOCTL_H -DHAVE_SYS_PARAM_H -DHAVE_SYS_POLL_H -DHAVE_SYS_RESOURCE_H -DHAVE_SYS_SELECT_H -DHAVE_SYS_SOCKET_H -DHAVE_SYS_STAT_H -DHAVE_SYS_TIME_H -DHAVE_SYS_TYPES_H -DHAVE_SYS_UIO_H -DHAVE_SYS_UN_H -DHAVE_SYS_XATTR_H -DHAVE_ALLOCA_H -DHAVE_ARPA_INET_H -DHAVE_ARPA_TFTP_H -DHAVE_ASSERT_H -DHAVE_ERRNO_H -DHAVE_FCNTL_H -DHAVE_IFADDRS_H -DHAVE_LIBGEN_H -DHAVE_LOCALE_H -DHAVE_NET_IF_H -DHAVE_NETDB_H -DHAVE_NETINET_IN_H -DHAVE_NETINET_TCP_H -DHAVE_POLL_H -DHAVE_PWD_H -DHAVE_SETJMP_H -DHAVE_SIGNAL_H -DHAVE_STDBOOL_H -DHAVE_STDINT_H -DHAVE_STDIO_H -DHAVE_STDLIB_H -DHAVE_STRING_H -DHAVE_STRINGS_H -DHAVE_TERMIO_H -DHAVE_TERMIOS_H -DHAVE_TIME_H -DHAVE_UNISTD_H -DHAVE_UTIME_H -DHAVE_STDDEF_H -DHAVE_DLFCN_H -DHAVE_MALLOC_H -DHAVE_MEMORY_H -DHAVE_NETINET_IF_ETHER_H -DHAVE_STDINT_H -DHAVE_SYS_UTSNAME_H -std=gnu11 -o CMakeFiles/cmTC_5a9f6.dir/CurlTests.c.o -c /home/hem/work/umbrella_proj/ongoing_exps/CMake-master/Utilities/cmcurl/CMake/CurlTests.c
/home/hem/work/umbrella_proj/ongoing_exps/CMake-master/Utilities/cmcurl/CMake/CurlTests.c: In function ‘main’:
/home/hem/work/umbrella_proj/ongoing_exps/CMake-master/Utilities/cmcurl/CMake/CurlTests.c:301:32: error: ‘FIONBIO’ undeclared (first use in this function)
  301 |         if(0 != IoctlSocket(0, FIONBIO, &flags))
      |                                ^~~~~~~
/home/hem/work/umbrella_proj/ongoing_exps/CMake-master/Utilities/cmcurl/CMake/CurlTests.c:301:32: note: each undeclared identifier is reported only once for each function it appears in
make[1]: *** [CMakeFiles/cmTC_5a9f6.dir/build.make:78: CMakeFiles/cmTC_5a9f6.dir/CurlTests.c.o] Error 1
make[1]: Leaving directory '/home/hem/work/umbrella_proj/ongoing_exps/CMake-master/CMakeFiles/CMakeTmp'
make: *** [Makefile:127: cmTC_5a9f6/fast] Error 2


Performing Curl Test HAVE_IOCTLSOCKET_FIONBIO failed with the following output:
Change Dir: /home/hem/work/umbrella_proj/ongoing_exps/CMake-master/CMakeFiles/CMakeTmp

Run Build Command(s):/usr/bin/make -f Makefile cmTC_4220f/fast && make  -f CMakeFiles/cmTC_4220f.dir/build.make CMakeFiles/cmTC_4220f.dir/build
make[1]: Entering directory '/home/hem/work/umbrella_proj/ongoing_exps/CMake-master/CMakeFiles/CMakeTmp'
Building C object CMakeFiles/cmTC_4220f.dir/CurlTests.c.o
/usr/bin/gcc   -w -DHAVE_IOCTLSOCKET_FIONBIO  -DHAVE_STDIO_H -DHAVE_INTTYPES_H -DHAVE_SYS_IOCTL_H -DHAVE_SYS_PARAM_H -DHAVE_SYS_POLL_H -DHAVE_SYS_RESOURCE_H -DHAVE_SYS_SELECT_H -DHAVE_SYS_SOCKET_H -DHAVE_SYS_STAT_H -DHAVE_SYS_TIME_H -DHAVE_SYS_TYPES_H -DHAVE_SYS_UIO_H -DHAVE_SYS_UN_H -DHAVE_SYS_XATTR_H -DHAVE_ALLOCA_H -DHAVE_ARPA_INET_H -DHAVE_ARPA_TFTP_H -DHAVE_ASSERT_H -DHAVE_ERRNO_H -DHAVE_FCNTL_H -DHAVE_IFADDRS_H -DHAVE_LIBGEN_H -DHAVE_LOCALE_H -DHAVE_NET_IF_H -DHAVE_NETDB_H -DHAVE_NETINET_IN_H -DHAVE_NETINET_TCP_H -DHAVE_POLL_H -DHAVE_PWD_H -DHAVE_SETJMP_H -DHAVE_SIGNAL_H -DHAVE_STDBOOL_H -DHAVE_STDINT_H -DHAVE_STDIO_H -DHAVE_STDLIB_H -DHAVE_STRING_H -DHAVE_STRINGS_H -DHAVE_TERMIO_H -DHAVE_TERMIOS_H -DHAVE_TIME_H -DHAVE_UNISTD_H -DHAVE_UTIME_H -DHAVE_STDDEF_H -DHAVE_DLFCN_H -DHAVE_MALLOC_H -DHAVE_MEMORY_H -DHAVE_NETINET_IF_ETHER_H -DHAVE_STDINT_H -DHAVE_SYS_UTSNAME_H -std=gnu11 -o CMakeFiles/cmTC_4220f.dir/CurlTests.c.o -c /home/hem/work/umbrella_proj/ongoing_exps/CMake-master/Utilities/cmcurl/CMake/CurlTests.c
/home/hem/work/umbrella_proj/ongoing_exps/CMake-master/Utilities/cmcurl/CMake/CurlTests.c: In function ‘main’:
/home/hem/work/umbrella_proj/ongoing_exps/CMake-master/Utilities/cmcurl/CMake/CurlTests.c:328:32: error: ‘FIONBIO’ undeclared (first use in this function)
  328 |         if(0 != ioctlsocket(0, FIONBIO, &flags))
      |                                ^~~~~~~
/home/hem/work/umbrella_proj/ongoing_exps/CMake-master/Utilities/cmcurl/CMake/CurlTests.c:328:32: note: each undeclared identifier is reported only once for each function it appears in
make[1]: *** [CMakeFiles/cmTC_4220f.dir/build.make:78: CMakeFiles/cmTC_4220f.dir/CurlTests.c.o] Error 1
make[1]: Leaving directory '/home/hem/work/umbrella_proj/ongoing_exps/CMake-master/CMakeFiles/CMakeTmp'
make: *** [Makefile:127: cmTC_4220f/fast] Error 2


Performing Curl Test HAVE_SETSOCKOPT_SO_NONBLOCK failed with the following output:
Change Dir: /home/hem/work/umbrella_proj/ongoing_exps/CMake-master/CMakeFiles/CMakeTmp

Run Build Command(s):/usr/bin/make -f Makefile cmTC_d195a/fast && make  -f CMakeFiles/cmTC_d195a.dir/build.make CMakeFiles/cmTC_d195a.dir/build
make[1]: Entering directory '/home/hem/work/umbrella_proj/ongoing_exps/CMake-master/CMakeFiles/CMakeTmp'
Building C object CMakeFiles/cmTC_d195a.dir/CurlTests.c.o
/usr/bin/gcc   -w -DHAVE_SETSOCKOPT_SO_NONBLOCK  -DHAVE_STDIO_H -DHAVE_INTTYPES_H -DHAVE_SYS_IOCTL_H -DHAVE_SYS_PARAM_H -DHAVE_SYS_POLL_H -DHAVE_SYS_RESOURCE_H -DHAVE_SYS_SELECT_H -DHAVE_SYS_SOCKET_H -DHAVE_SYS_STAT_H -DHAVE_SYS_TIME_H -DHAVE_SYS_TYPES_H -DHAVE_SYS_UIO_H -DHAVE_SYS_UN_H -DHAVE_SYS_XATTR_H -DHAVE_ALLOCA_H -DHAVE_ARPA_INET_H -DHAVE_ARPA_TFTP_H -DHAVE_ASSERT_H -DHAVE_ERRNO_H -DHAVE_FCNTL_H -DHAVE_IFADDRS_H -DHAVE_LIBGEN_H -DHAVE_LOCALE_H -DHAVE_NET_IF_H -DHAVE_NETDB_H -DHAVE_NETINET_IN_H -DHAVE_NETINET_TCP_H -DHAVE_POLL_H -DHAVE_PWD_H -DHAVE_SETJMP_H -DHAVE_SIGNAL_H -DHAVE_STDBOOL_H -DHAVE_STDINT_H -DHAVE_STDIO_H -DHAVE_STDLIB_H -DHAVE_STRING_H -DHAVE_STRINGS_H -DHAVE_TERMIO_H -DHAVE_TERMIOS_H -DHAVE_TIME_H -DHAVE_UNISTD_H -DHAVE_UTIME_H -DHAVE_STDDEF_H -DHAVE_DLFCN_H -DHAVE_MALLOC_H -DHAVE_MEMORY_H -DHAVE_NETINET_IF_ETHER_H -DHAVE_STDINT_H -DHAVE_SYS_UTSNAME_H -std=gnu11 -o CMakeFiles/cmTC_d195a.dir/CurlTests.c.o -c /home/hem/work/umbrella_proj/ongoing_exps/CMake-master/Utilities/cmcurl/CMake/CurlTests.c
/home/hem/work/umbrella_proj/ongoing_exps/CMake-master/Utilities/cmcurl/CMake/CurlTests.c: In function ‘main’:
/home/hem/work/umbrella_proj/ongoing_exps/CMake-master/Utilities/cmcurl/CMake/CurlTests.c:424:43: error: ‘SO_NONBLOCK’ undeclared (first use in this function); did you mean ‘SOCK_NONBLOCK’?
  424 |         if(0 != setsockopt(0, SOL_SOCKET, SO_NONBLOCK, 0, 0))
      |                                           ^~~~~~~~~~~
      |                                           SOCK_NONBLOCK
/home/hem/work/umbrella_proj/ongoing_exps/CMake-master/Utilities/cmcurl/CMake/CurlTests.c:424:43: note: each undeclared identifier is reported only once for each function it appears in
make[1]: *** [CMakeFiles/cmTC_d195a.dir/build.make:78: CMakeFiles/cmTC_d195a.dir/CurlTests.c.o] Error 1
make[1]: Leaving directory '/home/hem/work/umbrella_proj/ongoing_exps/CMake-master/CMakeFiles/CMakeTmp'
make: *** [Makefile:127: cmTC_d195a/fast] Error 2


Performing Curl Test HAVE_O_NONBLOCK failed with the following output:
Change Dir: /home/hem/work/umbrella_proj/ongoing_exps/CMake-master/CMakeFiles/CMakeTmp

Run Build Command(s):/usr/bin/make -f Makefile cmTC_e1863/fast && make  -f CMakeFiles/cmTC_e1863.dir/build.make CMakeFiles/cmTC_e1863.dir/build
make[1]: Entering directory '/home/hem/work/umbrella_proj/ongoing_exps/CMake-master/CMakeFiles/CMakeTmp'
Building C object CMakeFiles/cmTC_e1863.dir/CurlTests.c.o
/usr/bin/gcc   -w -DHAVE_O_NONBLOCK  -DHAVE_STDIO_H -DHAVE_INTTYPES_H -DHAVE_SYS_IOCTL_H -DHAVE_SYS_PARAM_H -DHAVE_SYS_POLL_H -DHAVE_SYS_RESOURCE_H -DHAVE_SYS_SELECT_H -DHAVE_SYS_SOCKET_H -DHAVE_SYS_STAT_H -DHAVE_SYS_TIME_H -DHAVE_SYS_TYPES_H -DHAVE_SYS_UIO_H -DHAVE_SYS_UN_H -DHAVE_SYS_XATTR_H -DHAVE_ALLOCA_H -DHAVE_ARPA_INET_H -DHAVE_ARPA_TFTP_H -DHAVE_ASSERT_H -DHAVE_ERRNO_H -DHAVE_FCNTL_H -DHAVE_IFADDRS_H -DHAVE_LIBGEN_H -DHAVE_LOCALE_H -DHAVE_NET_IF_H -DHAVE_NETDB_H -DHAVE_NETINET_IN_H -DHAVE_NETINET_TCP_H -DHAVE_POLL_H -DHAVE_PWD_H -DHAVE_SETJMP_H -DHAVE_SIGNAL_H -DHAVE_STDBOOL_H -DHAVE_STDINT_H -DHAVE_STDIO_H -DHAVE_STDLIB_H -DHAVE_STRING_H -DHAVE_STRINGS_H -DHAVE_TERMIO_H -DHAVE_TERMIOS_H -DHAVE_TIME_H -DHAVE_UNISTD_H -DHAVE_UTIME_H -DHAVE_STDDEF_H -DHAVE_DLFCN_H -DHAVE_MALLOC_H -DHAVE_MEMORY_H -DHAVE_NETINET_IF_ETHER_H -DHAVE_STDINT_H -DHAVE_SYS_UTSNAME_H -std=gnu11 -o CMakeFiles/cmTC_e1863.dir/CurlTests.c.o -c /home/hem/work/umbrella_proj/ongoing_exps/CMake-master/Utilities/cmcurl/CMake/CurlTests.c
Linking C executable cmTC_e1863
/home/hem/work/umbrella_proj/ongoing_exps/CMake-master/Bootstrap.cmk/cmake -E cmake_link_script CMakeFiles/cmTC_e1863.dir/link.txt --verbose=1
/usr/bin/gcc  -w -DHAVE_O_NONBLOCK  -DHAVE_STDIO_H -DHAVE_INTTYPES_H -DHAVE_SYS_IOCTL_H -DHAVE_SYS_PARAM_H -DHAVE_SYS_POLL_H -DHAVE_SYS_RESOURCE_H -DHAVE_SYS_SELECT_H -DHAVE_SYS_SOCKET_H -DHAVE_SYS_STAT_H -DHAVE_SYS_TIME_H -DHAVE_SYS_TYPES_H -DHAVE_SYS_UIO_H -DHAVE_SYS_UN_H -DHAVE_SYS_XATTR_H -DHAVE_ALLOCA_H -DHAVE_ARPA_INET_H -DHAVE_ARPA_TFTP_H -DHAVE_ASSERT_H -DHAVE_ERRNO_H -DHAVE_FCNTL_H -DHAVE_IFADDRS_H -DHAVE_LIBGEN_H -DHAVE_LOCALE_H -DHAVE_NET_IF_H -DHAVE_NETDB_H -DHAVE_NETINET_IN_H -DHAVE_NETINET_TCP_H -DHAVE_POLL_H -DHAVE_PWD_H -DHAVE_SETJMP_H -DHAVE_SIGNAL_H -DHAVE_STDBOOL_H -DHAVE_STDINT_H -DHAVE_STDIO_H -DHAVE_STDLIB_H -DHAVE_STRING_H -DHAVE_STRINGS_H -DHAVE_TERMIO_H -DHAVE_TERMIOS_H -DHAVE_TIME_H -DHAVE_UNISTD_H -DHAVE_UTIME_H -DHAVE_STDDEF_H -DHAVE_DLFCN_H -DHAVE_MALLOC_H -DHAVE_MEMORY_H -DHAVE_NETINET_IF_ETHER_H -DHAVE_STDINT_H -DHAVE_SYS_UTSNAME_H CMakeFiles/cmTC_e1863.dir/CurlTests.c.o -o cmTC_e1863 
/usr/bin/ld: /usr/lib/gcc/x86_64-linux-gnu/9/../../../x86_64-linux-gnu/Scrt1.o: in function `_start':
(.text+0x24): undefined reference to `main'
collect2: error: ld returned 1 exit status
make[1]: *** [CMakeFiles/cmTC_e1863.dir/build.make:99: cmTC_e1863] Error 1
make[1]: Leaving directory '/home/hem/work/umbrella_proj/ongoing_exps/CMake-master/CMakeFiles/CMakeTmp'
make: *** [Makefile:127: cmTC_e1863/fast] Error 2


Performing Curl Test HAVE_GETHOSTBYNAME_R_3 failed with the following output:
Change Dir: /home/hem/work/umbrella_proj/ongoing_exps/CMake-master/CMakeFiles/CMakeTmp

Run Build Command(s):/usr/bin/make -f Makefile cmTC_edb64/fast && make  -f CMakeFiles/cmTC_edb64.dir/build.make CMakeFiles/cmTC_edb64.dir/build
make[1]: Entering directory '/home/hem/work/umbrella_proj/ongoing_exps/CMake-master/CMakeFiles/CMakeTmp'
Building C object CMakeFiles/cmTC_edb64.dir/CurlTests.c.o
/usr/bin/gcc   -w -DHAVE_GETHOSTBYNAME_R_3  -DHAVE_STDIO_H -DHAVE_INTTYPES_H -DHAVE_SYS_IOCTL_H -DHAVE_SYS_PARAM_H -DHAVE_SYS_POLL_H -DHAVE_SYS_RESOURCE_H -DHAVE_SYS_SELECT_H -DHAVE_SYS_SOCKET_H -DHAVE_SYS_STAT_H -DHAVE_SYS_TIME_H -DHAVE_SYS_TYPES_H -DHAVE_SYS_UIO_H -DHAVE_SYS_UN_H -DHAVE_SYS_XATTR_H -DHAVE_ALLOCA_H -DHAVE_ARPA_INET_H -DHAVE_ARPA_TFTP_H -DHAVE_ASSERT_H -DHAVE_ERRNO_H -DHAVE_FCNTL_H -DHAVE_IFADDRS_H -DHAVE_LIBGEN_H -DHAVE_LOCALE_H -DHAVE_NET_IF_H -DHAVE_NETDB_H -DHAVE_NETINET_IN_H -DHAVE_NETINET_TCP_H -DHAVE_POLL_H -DHAVE_PWD_H -DHAVE_SETJMP_H -DHAVE_SIGNAL_H -DHAVE_STDBOOL_H -DHAVE_STDINT_H -DHAVE_STDIO_H -DHAVE_STDLIB_H -DHAVE_STRING_H -DHAVE_STRINGS_H -DHAVE_TERMIO_H -DHAVE_TERMIOS_H -DHAVE_TIME_H -DHAVE_UNISTD_H -DHAVE_UTIME_H -DHAVE_STDDEF_H -DHAVE_DLFCN_H -DHAVE_MALLOC_H -DHAVE_MEMORY_H -DHAVE_NETINET_IF_ETHER_H -DHAVE_STDINT_H -DHAVE_SYS_UTSNAME_H -std=gnu11 -o CMakeFiles/cmTC_edb64.dir/CurlTests.c.o -c /home/hem/work/umbrella_proj/ongoing_exps/CMake-master/Utilities/cmcurl/CMake/CurlTests.c
/home/hem/work/umbrella_proj/ongoing_exps/CMake-master/Utilities/cmcurl/CMake/CurlTests.c: In function ‘main’:
/home/hem/work/umbrella_proj/ongoing_exps/CMake-master/Utilities/cmcurl/CMake/CurlTests.c:97:23: error: storage size of ‘hdata’ isn’t known
   97 |   struct hostent_data hdata;
      |                       ^~~~~
/home/hem/work/umbrella_proj/ongoing_exps/CMake-master/Utilities/cmcurl/CMake/CurlTests.c:109:8: error: too few arguments to function ‘gethostbyname_r’
  109 |   rc = gethostbyname_r(address, &h, &hdata);
      |        ^~~~~~~~~~~~~~~
In file included from /home/hem/work/umbrella_proj/ongoing_exps/CMake-master/Utilities/cmcurl/CMake/CurlTests.c:87:
/usr/include/netdb.h:177:12: note: declared here
  177 | extern int gethostbyname_r (const char *__restrict __name,
      |            ^~~~~~~~~~~~~~~
make[1]: *** [CMakeFiles/cmTC_edb64.dir/build.make:78: CMakeFiles/cmTC_edb64.dir/CurlTests.c.o] Error 1
make[1]: Leaving directory '/home/hem/work/umbrella_proj/ongoing_exps/CMake-master/CMakeFiles/CMakeTmp'
make: *** [Makefile:127: cmTC_edb64/fast] Error 2


Performing Curl Test HAVE_GETHOSTBYNAME_R_5 failed with the following output:
Change Dir: /home/hem/work/umbrella_proj/ongoing_exps/CMake-master/CMakeFiles/CMakeTmp

Run Build Command(s):/usr/bin/make -f Makefile cmTC_47bcd/fast && make  -f CMakeFiles/cmTC_47bcd.dir/build.make CMakeFiles/cmTC_47bcd.dir/build
make[1]: Entering directory '/home/hem/work/umbrella_proj/ongoing_exps/CMake-master/CMakeFiles/CMakeTmp'
Building C object CMakeFiles/cmTC_47bcd.dir/CurlTests.c.o
/usr/bin/gcc   -w -DHAVE_GETHOSTBYNAME_R_5  -DHAVE_STDIO_H -DHAVE_INTTYPES_H -DHAVE_SYS_IOCTL_H -DHAVE_SYS_PARAM_H -DHAVE_SYS_POLL_H -DHAVE_SYS_RESOURCE_H -DHAVE_SYS_SELECT_H -DHAVE_SYS_SOCKET_H -DHAVE_SYS_STAT_H -DHAVE_SYS_TIME_H -DHAVE_SYS_TYPES_H -DHAVE_SYS_UIO_H -DHAVE_SYS_UN_H -DHAVE_SYS_XATTR_H -DHAVE_ALLOCA_H -DHAVE_ARPA_INET_H -DHAVE_ARPA_TFTP_H -DHAVE_ASSERT_H -DHAVE_ERRNO_H -DHAVE_FCNTL_H -DHAVE_IFADDRS_H -DHAVE_LIBGEN_H -DHAVE_LOCALE_H -DHAVE_NET_IF_H -DHAVE_NETDB_H -DHAVE_NETINET_IN_H -DHAVE_NETINET_TCP_H -DHAVE_POLL_H -DHAVE_PWD_H -DHAVE_SETJMP_H -DHAVE_SIGNAL_H -DHAVE_STDBOOL_H -DHAVE_STDINT_H -DHAVE_STDIO_H -DHAVE_STDLIB_H -DHAVE_STRING_H -DHAVE_STRINGS_H -DHAVE_TERMIO_H -DHAVE_TERMIOS_H -DHAVE_TIME_H -DHAVE_UNISTD_H -DHAVE_UTIME_H -DHAVE_STDDEF_H -DHAVE_DLFCN_H -DHAVE_MALLOC_H -DHAVE_MEMORY_H -DHAVE_NETINET_IF_ETHER_H -DHAVE_STDINT_H -DHAVE_SYS_UTSNAME_H -std=gnu11 -o CMakeFiles/cmTC_47bcd.dir/CurlTests.c.o -c /home/hem/work/umbrella_proj/ongoing_exps/CMake-master/Utilities/cmcurl/CMake/CurlTests.c
/home/hem/work/umbrella_proj/ongoing_exps/CMake-master/Utilities/cmcurl/CMake/CurlTests.c: In function ‘main’:
/home/hem/work/umbrella_proj/ongoing_exps/CMake-master/Utilities/cmcurl/CMake/CurlTests.c:112:8: error: too few arguments to function ‘gethostbyname_r’
  112 |   rc = gethostbyname_r(address, &h, buffer, 8192, &h_errnop);
      |        ^~~~~~~~~~~~~~~
In file included from /home/hem/work/umbrella_proj/ongoing_exps/CMake-master/Utilities/cmcurl/CMake/CurlTests.c:87:
/usr/include/netdb.h:177:12: note: declared here
  177 | extern int gethostbyname_r (const char *__restrict __name,
      |            ^~~~~~~~~~~~~~~
make[1]: *** [CMakeFiles/cmTC_47bcd.dir/build.make:78: CMakeFiles/cmTC_47bcd.dir/CurlTests.c.o] Error 1
make[1]: Leaving directory '/home/hem/work/umbrella_proj/ongoing_exps/CMake-master/CMakeFiles/CMakeTmp'
make: *** [Makefile:127: cmTC_47bcd/fast] Error 2


Performing Curl Test HAVE_GETHOSTBYNAME_R_3_REENTRANT failed with the following output:
Change Dir: /home/hem/work/umbrella_proj/ongoing_exps/CMake-master/CMakeFiles/CMakeTmp

Run Build Command(s):/usr/bin/make -f Makefile cmTC_5a7b2/fast && make  -f CMakeFiles/cmTC_5a7b2.dir/build.make CMakeFiles/cmTC_5a7b2.dir/build
make[1]: Entering directory '/home/hem/work/umbrella_proj/ongoing_exps/CMake-master/CMakeFiles/CMakeTmp'
Building C object CMakeFiles/cmTC_5a7b2.dir/CurlTests.c.o
/usr/bin/gcc   -w -DHAVE_GETHOSTBYNAME_R_3_REENTRANT  -DHAVE_STDIO_H -DHAVE_INTTYPES_H -DHAVE_SYS_IOCTL_H -DHAVE_SYS_PARAM_H -DHAVE_SYS_POLL_H -DHAVE_SYS_RESOURCE_H -DHAVE_SYS_SELECT_H -DHAVE_SYS_SOCKET_H -DHAVE_SYS_STAT_H -DHAVE_SYS_TIME_H -DHAVE_SYS_TYPES_H -DHAVE_SYS_UIO_H -DHAVE_SYS_UN_H -DHAVE_SYS_XATTR_H -DHAVE_ALLOCA_H -DHAVE_ARPA_INET_H -DHAVE_ARPA_TFTP_H -DHAVE_ASSERT_H -DHAVE_ERRNO_H -DHAVE_FCNTL_H -DHAVE_IFADDRS_H -DHAVE_LIBGEN_H -DHAVE_LOCALE_H -DHAVE_NET_IF_H -DHAVE_NETDB_H -DHAVE_NETINET_IN_H -DHAVE_NETINET_TCP_H -DHAVE_POLL_H -DHAVE_PWD_H -DHAVE_SETJMP_H -DHAVE_SIGNAL_H -DHAVE_STDBOOL_H -DHAVE_STDINT_H -DHAVE_STDIO_H -DHAVE_STDLIB_H -DHAVE_STRING_H -DHAVE_STRINGS_H -DHAVE_TERMIO_H -DHAVE_TERMIOS_H -DHAVE_TIME_H -DHAVE_UNISTD_H -DHAVE_UTIME_H -DHAVE_STDDEF_H -DHAVE_DLFCN_H -DHAVE_MALLOC_H -DHAVE_MEMORY_H -DHAVE_NETINET_IF_ETHER_H -DHAVE_STDINT_H -DHAVE_SYS_UTSNAME_H -std=gnu11 -o CMakeFiles/cmTC_5a7b2.dir/CurlTests.c.o -c /home/hem/work/umbrella_proj/ongoing_exps/CMake-master/Utilities/cmcurl/CMake/CurlTests.c
/home/hem/work/umbrella_proj/ongoing_exps/CMake-master/Utilities/cmcurl/CMake/CurlTests.c: In function ‘main’:
/home/hem/work/umbrella_proj/ongoing_exps/CMake-master/Utilities/cmcurl/CMake/CurlTests.c:97:23: error: storage size of ‘hdata’ isn’t known
   97 |   struct hostent_data hdata;
      |                       ^~~~~
/home/hem/work/umbrella_proj/ongoing_exps/CMake-master/Utilities/cmcurl/CMake/CurlTests.c:109:8: error: too few arguments to function ‘gethostbyname_r’
  109 |   rc = gethostbyname_r(address, &h, &hdata);
      |        ^~~~~~~~~~~~~~~
In file included from /home/hem/work/umbrella_proj/ongoing_exps/CMake-master/Utilities/cmcurl/CMake/CurlTests.c:87:
/usr/include/netdb.h:177:12: note: declared here
  177 | extern int gethostbyname_r (const char *__restrict __name,
      |            ^~~~~~~~~~~~~~~
make[1]: *** [CMakeFiles/cmTC_5a7b2.dir/build.make:78: CMakeFiles/cmTC_5a7b2.dir/CurlTests.c.o] Error 1
make[1]: Leaving directory '/home/hem/work/umbrella_proj/ongoing_exps/CMake-master/CMakeFiles/CMakeTmp'
make: *** [Makefile:127: cmTC_5a7b2/fast] Error 2


Performing Curl Test HAVE_GETHOSTBYNAME_R_5_REENTRANT failed with the following output:
Change Dir: /home/hem/work/umbrella_proj/ongoing_exps/CMake-master/CMakeFiles/CMakeTmp

Run Build Command(s):/usr/bin/make -f Makefile cmTC_6ba62/fast && make  -f CMakeFiles/cmTC_6ba62.dir/build.make CMakeFiles/cmTC_6ba62.dir/build
make[1]: Entering directory '/home/hem/work/umbrella_proj/ongoing_exps/CMake-master/CMakeFiles/CMakeTmp'
Building C object CMakeFiles/cmTC_6ba62.dir/CurlTests.c.o
/usr/bin/gcc   -w -DHAVE_GETHOSTBYNAME_R_5_REENTRANT  -DHAVE_STDIO_H -DHAVE_INTTYPES_H -DHAVE_SYS_IOCTL_H -DHAVE_SYS_PARAM_H -DHAVE_SYS_POLL_H -DHAVE_SYS_RESOURCE_H -DHAVE_SYS_SELECT_H -DHAVE_SYS_SOCKET_H -DHAVE_SYS_STAT_H -DHAVE_SYS_TIME_H -DHAVE_SYS_TYPES_H -DHAVE_SYS_UIO_H -DHAVE_SYS_UN_H -DHAVE_SYS_XATTR_H -DHAVE_ALLOCA_H -DHAVE_ARPA_INET_H -DHAVE_ARPA_TFTP_H -DHAVE_ASSERT_H -DHAVE_ERRNO_H -DHAVE_FCNTL_H -DHAVE_IFADDRS_H -DHAVE_LIBGEN_H -DHAVE_LOCALE_H -DHAVE_NET_IF_H -DHAVE_NETDB_H -DHAVE_NETINET_IN_H -DHAVE_NETINET_TCP_H -DHAVE_POLL_H -DHAVE_PWD_H -DHAVE_SETJMP_H -DHAVE_SIGNAL_H -DHAVE_STDBOOL_H -DHAVE_STDINT_H -DHAVE_STDIO_H -DHAVE_STDLIB_H -DHAVE_STRING_H -DHAVE_STRINGS_H -DHAVE_TERMIO_H -DHAVE_TERMIOS_H -DHAVE_TIME_H -DHAVE_UNISTD_H -DHAVE_UTIME_H -DHAVE_STDDEF_H -DHAVE_DLFCN_H -DHAVE_MALLOC_H -DHAVE_MEMORY_H -DHAVE_NETINET_IF_ETHER_H -DHAVE_STDINT_H -DHAVE_SYS_UTSNAME_H -std=gnu11 -o CMakeFiles/cmTC_6ba62.dir/CurlTests.c.o -c /home/hem/work/umbrella_proj/ongoing_exps/CMake-master/Utilities/cmcurl/CMake/CurlTests.c
/home/hem/work/umbrella_proj/ongoing_exps/CMake-master/Utilities/cmcurl/CMake/CurlTests.c: In function ‘main’:
/home/hem/work/umbrella_proj/ongoing_exps/CMake-master/Utilities/cmcurl/CMake/CurlTests.c:112:8: error: too few arguments to function ‘gethostbyname_r’
  112 |   rc = gethostbyname_r(address, &h, buffer, 8192, &h_errnop);
      |        ^~~~~~~~~~~~~~~
In file included from /home/hem/work/umbrella_proj/ongoing_exps/CMake-master/Utilities/cmcurl/CMake/CurlTests.c:87:
/usr/include/netdb.h:177:12: note: declared here
  177 | extern int gethostbyname_r (const char *__restrict __name,
      |            ^~~~~~~~~~~~~~~
make[1]: *** [CMakeFiles/cmTC_6ba62.dir/build.make:78: CMakeFiles/cmTC_6ba62.dir/CurlTests.c.o] Error 1
make[1]: Leaving directory '/home/hem/work/umbrella_proj/ongoing_exps/CMake-master/CMakeFiles/CMakeTmp'
make: *** [Makefile:127: cmTC_6ba62/fast] Error 2


Performing Curl Test HAVE_GLIBC_STRERROR_R failed with the following output:
Change Dir: /home/hem/work/umbrella_proj/ongoing_exps/CMake-master/CMakeFiles/CMakeTmp

Run Build Command(s):/usr/bin/make -f Makefile cmTC_e93fa/fast && make  -f CMakeFiles/cmTC_e93fa.dir/build.make CMakeFiles/cmTC_e93fa.dir/build
make[1]: Entering directory '/home/hem/work/umbrella_proj/ongoing_exps/CMake-master/CMakeFiles/CMakeTmp'
Building C object CMakeFiles/cmTC_e93fa.dir/CurlTests.c.o
/usr/bin/gcc   -w -DHAVE_GLIBC_STRERROR_R  -DHAVE_STDIO_H -DHAVE_INTTYPES_H -DHAVE_SYS_IOCTL_H -DHAVE_SYS_PARAM_H -DHAVE_SYS_POLL_H -DHAVE_SYS_RESOURCE_H -DHAVE_SYS_SELECT_H -DHAVE_SYS_SOCKET_H -DHAVE_SYS_STAT_H -DHAVE_SYS_TIME_H -DHAVE_SYS_TYPES_H -DHAVE_SYS_UIO_H -DHAVE_SYS_UN_H -DHAVE_SYS_XATTR_H -DHAVE_ALLOCA_H -DHAVE_ARPA_INET_H -DHAVE_ARPA_TFTP_H -DHAVE_ASSERT_H -DHAVE_ERRNO_H -DHAVE_FCNTL_H -DHAVE_IFADDRS_H -DHAVE_LIBGEN_H -DHAVE_LOCALE_H -DHAVE_NET_IF_H -DHAVE_NETDB_H -DHAVE_NETINET_IN_H -DHAVE_NETINET_TCP_H -DHAVE_POLL_H -DHAVE_PWD_H -DHAVE_SETJMP_H -DHAVE_SIGNAL_H -DHAVE_STDBOOL_H -DHAVE_STDINT_H -DHAVE_STDIO_H -DHAVE_STDLIB_H -DHAVE_STRING_H -DHAVE_STRINGS_H -DHAVE_TERMIO_H -DHAVE_TERMIOS_H -DHAVE_TIME_H -DHAVE_UNISTD_H -DHAVE_UTIME_H -DHAVE_STDDEF_H -DHAVE_DLFCN_H -DHAVE_MALLOC_H -DHAVE_MEMORY_H -DHAVE_NETINET_IF_ETHER_H -DHAVE_STDINT_H -DHAVE_SYS_UTSNAME_H -std=gnu11 -o CMakeFiles/cmTC_e93fa.dir/CurlTests.c.o -c /home/hem/work/umbrella_proj/ongoing_exps/CMake-master/Utilities/cmcurl/CMake/CurlTests.c
/home/hem/work/umbrella_proj/ongoing_exps/CMake-master/Utilities/cmcurl/CMake/CurlTests.c: In function ‘main’:
/home/hem/work/umbrella_proj/ongoing_exps/CMake-master/Utilities/cmcurl/CMake/CurlTests.c:440:51: error: subscripted value is neither array nor pointer nor vector
  440 |   check(strerror_r(EACCES, buffer, sizeof(buffer))[0]);
      |                                                   ^
make[1]: *** [CMakeFiles/cmTC_e93fa.dir/build.make:78: CMakeFiles/cmTC_e93fa.dir/CurlTests.c.o] Error 1
make[1]: Leaving directory '/home/hem/work/umbrella_proj/ongoing_exps/CMake-master/CMakeFiles/CMakeTmp'
make: *** [Makefile:127: cmTC_e93fa/fast] Error 2


Performing Curl Test HAVE_BUILTIN_AVAILABLE failed with the following output:
Change Dir: /home/hem/work/umbrella_proj/ongoing_exps/CMake-master/CMakeFiles/CMakeTmp

Run Build Command(s):/usr/bin/make -f Makefile cmTC_0862e/fast && make  -f CMakeFiles/cmTC_0862e.dir/build.make CMakeFiles/cmTC_0862e.dir/build
make[1]: Entering directory '/home/hem/work/umbrella_proj/ongoing_exps/CMake-master/CMakeFiles/CMakeTmp'
Building C object CMakeFiles/cmTC_0862e.dir/CurlTests.c.o
/usr/bin/gcc   -w -DHAVE_BUILTIN_AVAILABLE  -DHAVE_STDIO_H -DHAVE_INTTYPES_H -DHAVE_SYS_IOCTL_H -DHAVE_SYS_PARAM_H -DHAVE_SYS_POLL_H -DHAVE_SYS_RESOURCE_H -DHAVE_SYS_SELECT_H -DHAVE_SYS_SOCKET_H -DHAVE_SYS_STAT_H -DHAVE_SYS_TIME_H -DHAVE_SYS_TYPES_H -DHAVE_SYS_UIO_H -DHAVE_SYS_UN_H -DHAVE_SYS_XATTR_H -DHAVE_ALLOCA_H -DHAVE_ARPA_INET_H -DHAVE_ARPA_TFTP_H -DHAVE_ASSERT_H -DHAVE_ERRNO_H -DHAVE_FCNTL_H -DHAVE_IFADDRS_H -DHAVE_LIBGEN_H -DHAVE_LOCALE_H -DHAVE_NET_IF_H -DHAVE_NETDB_H -DHAVE_NETINET_IN_H -DHAVE_NETINET_TCP_H -DHAVE_POLL_H -DHAVE_PWD_H -DHAVE_SETJMP_H -DHAVE_SIGNAL_H -DHAVE_STDBOOL_H -DHAVE_STDINT_H -DHAVE_STDIO_H -DHAVE_STDLIB_H -DHAVE_STRING_H -DHAVE_STRINGS_H -DHAVE_TERMIO_H -DHAVE_TERMIOS_H -DHAVE_TIME_H -DHAVE_UNISTD_H -DHAVE_UTIME_H -DHAVE_STDDEF_H -DHAVE_DLFCN_H -DHAVE_MALLOC_H -DHAVE_MEMORY_H -DHAVE_NETINET_IF_ETHER_H -DHAVE_STDINT_H -DHAVE_SYS_UTSNAME_H -std=gnu11 -o CMakeFiles/cmTC_0862e.dir/CurlTests.c.o -c /home/hem/work/umbrella_proj/ongoing_exps/CMake-master/Utilities/cmcurl/CMake/CurlTests.c
/home/hem/work/umbrella_proj/ongoing_exps/CMake-master/Utilities/cmcurl/CMake/CurlTests.c: In function ‘main’:
/home/hem/work/umbrella_proj/ongoing_exps/CMake-master/Utilities/cmcurl/CMake/CurlTests.c:487:26: error: ‘macOS’ undeclared (first use in this function)
  487 |   if(__builtin_available(macOS 10.12, *)) {}
      |                          ^~~~~
/home/hem/work/umbrella_proj/ongoing_exps/CMake-master/Utilities/cmcurl/CMake/CurlTests.c:487:26: note: each undeclared identifier is reported only once for each function it appears in
/home/hem/work/umbrella_proj/ongoing_exps/CMake-master/Utilities/cmcurl/CMake/CurlTests.c:487:31: error: expected ‘)’ before numeric constant
  487 |   if(__builtin_available(macOS 10.12, *)) {}
      |                               ^~~~~~
      |                               )
make[1]: *** [CMakeFiles/cmTC_0862e.dir/build.make:78: CMakeFiles/cmTC_0862e.dir/CurlTests.c.o] Error 1
make[1]: Leaving directory '/home/hem/work/umbrella_proj/ongoing_exps/CMake-master/CMakeFiles/CMakeTmp'
make: *** [Makefile:127: cmTC_0862e/fast] Error 2


Determining if the arc4random_buf exist failed with the following output:
Change Dir: /home/hem/work/umbrella_proj/ongoing_exps/CMake-master/CMakeFiles/CMakeTmp

Run Build Command(s):/usr/bin/make -f Makefile cmTC_38c44/fast && make  -f CMakeFiles/cmTC_38c44.dir/build.make CMakeFiles/cmTC_38c44.dir/build
make[1]: Entering directory '/home/hem/work/umbrella_proj/ongoing_exps/CMake-master/CMakeFiles/CMakeTmp'
Building C object CMakeFiles/cmTC_38c44.dir/CheckSymbolExists.c.o
/usr/bin/gcc   -w  -std=gnu11 -o CMakeFiles/cmTC_38c44.dir/CheckSymbolExists.c.o -c /home/hem/work/umbrella_proj/ongoing_exps/CMake-master/CMakeFiles/CMakeTmp/CheckSymbolExists.c
/home/hem/work/umbrella_proj/ongoing_exps/CMake-master/CMakeFiles/CMakeTmp/CheckSymbolExists.c: In function ‘main’:
/home/hem/work/umbrella_proj/ongoing_exps/CMake-master/CMakeFiles/CMakeTmp/CheckSymbolExists.c:8:19: error: ‘arc4random_buf’ undeclared (first use in this function)
    8 |   return ((int*)(&arc4random_buf))[argc];
      |                   ^~~~~~~~~~~~~~
/home/hem/work/umbrella_proj/ongoing_exps/CMake-master/CMakeFiles/CMakeTmp/CheckSymbolExists.c:8:19: note: each undeclared identifier is reported only once for each function it appears in
make[1]: *** [CMakeFiles/cmTC_38c44.dir/build.make:78: CMakeFiles/cmTC_38c44.dir/CheckSymbolExists.c.o] Error 1
make[1]: Leaving directory '/home/hem/work/umbrella_proj/ongoing_exps/CMake-master/CMakeFiles/CMakeTmp'
make: *** [Makefile:127: cmTC_38c44/fast] Error 2


File /home/hem/work/umbrella_proj/ongoing_exps/CMake-master/CMakeFiles/CMakeTmp/CheckSymbolExists.c:
/* */
#include <stdlib.h>

int main(int argc, char** argv)
{
  (void)argv;
#ifndef arc4random_buf
  return ((int*)(&arc4random_buf))[argc];
#else
  (void)argc;
  return 0;
#endif
}
Determining if the arc4random exist failed with the following output:
Change Dir: /home/hem/work/umbrella_proj/ongoing_exps/CMake-master/CMakeFiles/CMakeTmp

Run Build Command(s):/usr/bin/make -f Makefile cmTC_02d4e/fast && make  -f CMakeFiles/cmTC_02d4e.dir/build.make CMakeFiles/cmTC_02d4e.dir/build
make[1]: Entering directory '/home/hem/work/umbrella_proj/ongoing_exps/CMake-master/CMakeFiles/CMakeTmp'
Building C object CMakeFiles/cmTC_02d4e.dir/CheckSymbolExists.c.o
/usr/bin/gcc   -w  -std=gnu11 -o CMakeFiles/cmTC_02d4e.dir/CheckSymbolExists.c.o -c /home/hem/work/umbrella_proj/ongoing_exps/CMake-master/CMakeFiles/CMakeTmp/CheckSymbolExists.c
/home/hem/work/umbrella_proj/ongoing_exps/CMake-master/CMakeFiles/CMakeTmp/CheckSymbolExists.c: In function ‘main’:
/home/hem/work/umbrella_proj/ongoing_exps/CMake-master/CMakeFiles/CMakeTmp/CheckSymbolExists.c:8:19: error: ‘arc4random’ undeclared (first use in this function); did you mean ‘srandom’?
    8 |   return ((int*)(&arc4random))[argc];
      |                   ^~~~~~~~~~
      |                   srandom
/home/hem/work/umbrella_proj/ongoing_exps/CMake-master/CMakeFiles/CMakeTmp/CheckSymbolExists.c:8:19: note: each undeclared identifier is reported only once for each function it appears in
make[1]: *** [CMakeFiles/cmTC_02d4e.dir/build.make:78: CMakeFiles/cmTC_02d4e.dir/CheckSymbolExists.c.o] Error 1
make[1]: Leaving directory '/home/hem/work/umbrella_proj/ongoing_exps/CMake-master/CMakeFiles/CMakeTmp'
make: *** [Makefile:127: cmTC_02d4e/fast] Error 2


File /home/hem/work/umbrella_proj/ongoing_exps/CMake-master/CMakeFiles/CMakeTmp/CheckSymbolExists.c:
/* */
#include <stdlib.h>

int main(int argc, char** argv)
{
  (void)argv;
#ifndef arc4random
  return ((int*)(&arc4random))[argc];
#else
  (void)argc;
  return 0;
#endif
}
Determining if files sys/types.h;ctype.h;copyfile.h exist failed with the following output:
Change Dir: /home/hem/work/umbrella_proj/ongoing_exps/CMake-master/CMakeFiles/CMakeTmp

Run Build Command(s):/usr/bin/make -f Makefile cmTC_9c610/fast && make  -f CMakeFiles/cmTC_9c610.dir/build.make CMakeFiles/cmTC_9c610.dir/build
make[1]: Entering directory '/home/hem/work/umbrella_proj/ongoing_exps/CMake-master/CMakeFiles/CMakeTmp'
Building C object CMakeFiles/cmTC_9c610.dir/HAVE_COPYFILE_H.c.o
/usr/bin/gcc   -w  -std=gnu11 -o CMakeFiles/cmTC_9c610.dir/HAVE_COPYFILE_H.c.o -c /home/hem/work/umbrella_proj/ongoing_exps/CMake-master/CMakeFiles/CheckIncludeFiles/HAVE_COPYFILE_H.c
/home/hem/work/umbrella_proj/ongoing_exps/CMake-master/CMakeFiles/CheckIncludeFiles/HAVE_COPYFILE_H.c:4:10: fatal error: copyfile.h: No such file or directory
    4 | #include <copyfile.h>
      |          ^~~~~~~~~~~~
compilation terminated.
make[1]: *** [CMakeFiles/cmTC_9c610.dir/build.make:78: CMakeFiles/cmTC_9c610.dir/HAVE_COPYFILE_H.c.o] Error 1
make[1]: Leaving directory '/home/hem/work/umbrella_proj/ongoing_exps/CMake-master/CMakeFiles/CMakeTmp'
make: *** [Makefile:127: cmTC_9c610/fast] Error 2


Source:
/* */
#include <sys/types.h>
#include <ctype.h>
#include <copyfile.h>


int main(void){return 0;}

Determining if files sys/types.h;ctype.h;direct.h exist failed with the following output:
Change Dir: /home/hem/work/umbrella_proj/ongoing_exps/CMake-master/CMakeFiles/CMakeTmp

Run Build Command(s):/usr/bin/make -f Makefile cmTC_48562/fast && make  -f CMakeFiles/cmTC_48562.dir/build.make CMakeFiles/cmTC_48562.dir/build
make[1]: Entering directory '/home/hem/work/umbrella_proj/ongoing_exps/CMake-master/CMakeFiles/CMakeTmp'
Building C object CMakeFiles/cmTC_48562.dir/HAVE_DIRECT_H.c.o
/usr/bin/gcc   -w  -std=gnu11 -o CMakeFiles/cmTC_48562.dir/HAVE_DIRECT_H.c.o -c /home/hem/work/umbrella_proj/ongoing_exps/CMake-master/CMakeFiles/CheckIncludeFiles/HAVE_DIRECT_H.c
/home/hem/work/umbrella_proj/ongoing_exps/CMake-master/CMakeFiles/CheckIncludeFiles/HAVE_DIRECT_H.c:4:10: fatal error: direct.h: No such file or directory
    4 | #include <direct.h>
      |          ^~~~~~~~~~
compilation terminated.
make[1]: *** [CMakeFiles/cmTC_48562.dir/build.make:78: CMakeFiles/cmTC_48562.dir/HAVE_DIRECT_H.c.o] Error 1
make[1]: Leaving directory '/home/hem/work/umbrella_proj/ongoing_exps/CMake-master/CMakeFiles/CMakeTmp'
make: *** [Makefile:127: cmTC_48562/fast] Error 2


Source:
/* */
#include <sys/types.h>
#include <ctype.h>
#include <direct.h>


int main(void){return 0;}

Determining if files sys/types.h;ctype.h;dlfcn.h;errno.h;ext2fs/ext2_fs.h exist failed with the following output:
Change Dir: /home/hem/work/umbrella_proj/ongoing_exps/CMake-master/CMakeFiles/CMakeTmp

Run Build Command(s):/usr/bin/make -f Makefile cmTC_bf2a7/fast && make  -f CMakeFiles/cmTC_bf2a7.dir/build.make CMakeFiles/cmTC_bf2a7.dir/build
make[1]: Entering directory '/home/hem/work/umbrella_proj/ongoing_exps/CMake-master/CMakeFiles/CMakeTmp'
Building C object CMakeFiles/cmTC_bf2a7.dir/HAVE_EXT2FS_EXT2_FS_H.c.o
/usr/bin/gcc   -w  -std=gnu11 -o CMakeFiles/cmTC_bf2a7.dir/HAVE_EXT2FS_EXT2_FS_H.c.o -c /home/hem/work/umbrella_proj/ongoing_exps/CMake-master/CMakeFiles/CheckIncludeFiles/HAVE_EXT2FS_EXT2_FS_H.c
/home/hem/work/umbrella_proj/ongoing_exps/CMake-master/CMakeFiles/CheckIncludeFiles/HAVE_EXT2FS_EXT2_FS_H.c:6:10: fatal error: ext2fs/ext2_fs.h: No such file or directory
    6 | #include <ext2fs/ext2_fs.h>
      |          ^~~~~~~~~~~~~~~~~~
compilation terminated.
make[1]: *** [CMakeFiles/cmTC_bf2a7.dir/build.make:78: CMakeFiles/cmTC_bf2a7.dir/HAVE_EXT2FS_EXT2_FS_H.c.o] Error 1
make[1]: Leaving directory '/home/hem/work/umbrella_proj/ongoing_exps/CMake-master/CMakeFiles/CMakeTmp'
make: *** [Makefile:127: cmTC_bf2a7/fast] Error 2


Source:
/* */
#include <sys/types.h>
#include <ctype.h>
#include <dlfcn.h>
#include <errno.h>
#include <ext2fs/ext2_fs.h>


int main(void){return 0;}

Performing C SOURCE FILE Test HAVE_WORKING_EXT2_IOC_GETFLAGS failed with the following output:
Change Dir: /home/hem/work/umbrella_proj/ongoing_exps/CMake-master/CMakeFiles/CMakeTmp

Run Build Command(s):/usr/bin/make -f Makefile cmTC_ba969/fast && make  -f CMakeFiles/cmTC_ba969.dir/build.make CMakeFiles/cmTC_ba969.dir/build
make[1]: Entering directory '/home/hem/work/umbrella_proj/ongoing_exps/CMake-master/CMakeFiles/CMakeTmp'
Building C object CMakeFiles/cmTC_ba969.dir/src.c.o
/usr/bin/gcc -DHAVE_WORKING_EXT2_IOC_GETFLAGS  -w  -std=gnu11 -o CMakeFiles/cmTC_ba969.dir/src.c.o -c /home/hem/work/umbrella_proj/ongoing_exps/CMake-master/CMakeFiles/CMakeTmp/src.c
/home/hem/work/umbrella_proj/ongoing_exps/CMake-master/CMakeFiles/CMakeTmp/src.c:2:10: fatal error: ext2fs/ext2_fs.h: No such file or directory
    2 | #include <ext2fs/ext2_fs.h>
      |          ^~~~~~~~~~~~~~~~~~
compilation terminated.
make[1]: *** [CMakeFiles/cmTC_ba969.dir/build.make:78: CMakeFiles/cmTC_ba969.dir/src.c.o] Error 1
make[1]: Leaving directory '/home/hem/work/umbrella_proj/ongoing_exps/CMake-master/CMakeFiles/CMakeTmp'
make: *** [Makefile:127: cmTC_ba969/fast] Error 2


Source file was:
#include <sys/ioctl.h>
#include <ext2fs/ext2_fs.h>
int main(void) { return EXT2_IOC_GETFLAGS; }
Determining if files sys/types.h;ctype.h;dlfcn.h;errno.h;fcntl.h;grp.h;langinfo.h;limits.h;linux/types.h;linux/fiemap.h;linux/fs.h;linux/magic.h;locale.h;membership.h exist failed with the following output:
Change Dir: /home/hem/work/umbrella_proj/ongoing_exps/CMake-master/CMakeFiles/CMakeTmp

Run Build Command(s):/usr/bin/make -f Makefile cmTC_c0a18/fast && make  -f CMakeFiles/cmTC_c0a18.dir/build.make CMakeFiles/cmTC_c0a18.dir/build
make[1]: Entering directory '/home/hem/work/umbrella_proj/ongoing_exps/CMake-master/CMakeFiles/CMakeTmp'
Building C object CMakeFiles/cmTC_c0a18.dir/HAVE_MEMBERSHIP_H.c.o
/usr/bin/gcc   -w  -std=gnu11 -o CMakeFiles/cmTC_c0a18.dir/HAVE_MEMBERSHIP_H.c.o -c /home/hem/work/umbrella_proj/ongoing_exps/CMake-master/CMakeFiles/CheckIncludeFiles/HAVE_MEMBERSHIP_H.c
/home/hem/work/umbrella_proj/ongoing_exps/CMake-master/CMakeFiles/CheckIncludeFiles/HAVE_MEMBERSHIP_H.c:15:10: fatal error: membership.h: No such file or directory
   15 | #include <membership.h>
      |          ^~~~~~~~~~~~~~
compilation terminated.
make[1]: *** [CMakeFiles/cmTC_c0a18.dir/build.make:78: CMakeFiles/cmTC_c0a18.dir/HAVE_MEMBERSHIP_H.c.o] Error 1
make[1]: Leaving directory '/home/hem/work/umbrella_proj/ongoing_exps/CMake-master/CMakeFiles/CMakeTmp'
make: *** [Makefile:127: cmTC_c0a18/fast] Error 2


Source:
/* */
#include <sys/types.h>
#include <ctype.h>
#include <dlfcn.h>
#include <errno.h>
#include <fcntl.h>
#include <grp.h>
#include <langinfo.h>
#include <limits.h>
#include <linux/types.h>
#include <linux/fiemap.h>
#include <linux/fs.h>
#include <linux/magic.h>
#include <locale.h>
#include <membership.h>


int main(void){return 0;}

Determining if files sys/types.h;ctype.h;dlfcn.h;errno.h;fcntl.h;grp.h;langinfo.h;limits.h;linux/types.h;linux/fiemap.h;linux/fs.h;linux/magic.h;locale.h;memory.h;paths.h;poll.h;pthread.h;pwd.h;readpassphrase.h exist failed with the following output:
Change Dir: /home/hem/work/umbrella_proj/ongoing_exps/CMake-master/CMakeFiles/CMakeTmp

Run Build Command(s):/usr/bin/make -f Makefile cmTC_fe726/fast && make  -f CMakeFiles/cmTC_fe726.dir/build.make CMakeFiles/cmTC_fe726.dir/build
make[1]: Entering directory '/home/hem/work/umbrella_proj/ongoing_exps/CMake-master/CMakeFiles/CMakeTmp'
Building C object CMakeFiles/cmTC_fe726.dir/HAVE_READPASSPHRASE_H.c.o
/usr/bin/gcc   -w  -std=gnu11 -o CMakeFiles/cmTC_fe726.dir/HAVE_READPASSPHRASE_H.c.o -c /home/hem/work/umbrella_proj/ongoing_exps/CMake-master/CMakeFiles/CheckIncludeFiles/HAVE_READPASSPHRASE_H.c
/home/hem/work/umbrella_proj/ongoing_exps/CMake-master/CMakeFiles/CheckIncludeFiles/HAVE_READPASSPHRASE_H.c:20:10: fatal error: readpassphrase.h: No such file or directory
   20 | #include <readpassphrase.h>
      |          ^~~~~~~~~~~~~~~~~~
compilation terminated.
make[1]: *** [CMakeFiles/cmTC_fe726.dir/build.make:78: CMakeFiles/cmTC_fe726.dir/HAVE_READPASSPHRASE_H.c.o] Error 1
make[1]: Leaving directory '/home/hem/work/umbrella_proj/ongoing_exps/CMake-master/CMakeFiles/CMakeTmp'
make: *** [Makefile:127: cmTC_fe726/fast] Error 2


Source:
/* */
#include <sys/types.h>
#include <ctype.h>
#include <dlfcn.h>
#include <errno.h>
#include <fcntl.h>
#include <grp.h>
#include <langinfo.h>
#include <limits.h>
#include <linux/types.h>
#include <linux/fiemap.h>
#include <linux/fs.h>
#include <linux/magic.h>
#include <locale.h>
#include <memory.h>
#include <paths.h>
#include <poll.h>
#include <pthread.h>
#include <pwd.h>
#include <readpassphrase.h>


int main(void){return 0;}

Determining if files sys/types.h;ctype.h;dlfcn.h;errno.h;fcntl.h;grp.h;langinfo.h;limits.h;linux/types.h;linux/fiemap.h;linux/fs.h;linux/magic.h;locale.h;memory.h;paths.h;poll.h;pthread.h;pwd.h;regex.h;signal.h;spawn.h;stdarg.h;stdlib.h;string.h;strings.h;sys/acl.h exist failed with the following output:
Change Dir: /home/hem/work/umbrella_proj/ongoing_exps/CMake-master/CMakeFiles/CMakeTmp

Run Build Command(s):/usr/bin/make -f Makefile cmTC_5cced/fast && make  -f CMakeFiles/cmTC_5cced.dir/build.make CMakeFiles/cmTC_5cced.dir/build
make[1]: Entering directory '/home/hem/work/umbrella_proj/ongoing_exps/CMake-master/CMakeFiles/CMakeTmp'
Building C object CMakeFiles/cmTC_5cced.dir/HAVE_SYS_ACL_H.c.o
/usr/bin/gcc   -w  -std=gnu11 -o CMakeFiles/cmTC_5cced.dir/HAVE_SYS_ACL_H.c.o -c /home/hem/work/umbrella_proj/ongoing_exps/CMake-master/CMakeFiles/CheckIncludeFiles/HAVE_SYS_ACL_H.c
/home/hem/work/umbrella_proj/ongoing_exps/CMake-master/CMakeFiles/CheckIncludeFiles/HAVE_SYS_ACL_H.c:27:10: fatal error: sys/acl.h: No such file or directory
   27 | #include <sys/acl.h>
      |          ^~~~~~~~~~~
compilation terminated.
make[1]: *** [CMakeFiles/cmTC_5cced.dir/build.make:78: CMakeFiles/cmTC_5cced.dir/HAVE_SYS_ACL_H.c.o] Error 1
make[1]: Leaving directory '/home/hem/work/umbrella_proj/ongoing_exps/CMake-master/CMakeFiles/CMakeTmp'
make: *** [Makefile:127: cmTC_5cced/fast] Error 2


Source:
/* */
#include <sys/types.h>
#include <ctype.h>
#include <dlfcn.h>
#include <errno.h>
#include <fcntl.h>
#include <grp.h>
#include <langinfo.h>
#include <limits.h>
#include <linux/types.h>
#include <linux/fiemap.h>
#include <linux/fs.h>
#include <linux/magic.h>
#include <locale.h>
#include <memory.h>
#include <paths.h>
#include <poll.h>
#include <pthread.h>
#include <pwd.h>
#include <regex.h>
#include <signal.h>
#include <spawn.h>
#include <stdarg.h>
#include <stdlib.h>
#include <string.h>
#include <strings.h>
#include <sys/acl.h>


int main(void){return 0;}

Determining if files sys/types.h;ctype.h;dlfcn.h;errno.h;fcntl.h;grp.h;langinfo.h;limits.h;linux/types.h;linux/fiemap.h;linux/fs.h;linux/magic.h;locale.h;memory.h;paths.h;poll.h;pthread.h;pwd.h;regex.h;signal.h;spawn.h;stdarg.h;stdlib.h;string.h;strings.h;sys/cdefs.h;sys/extattr.h exist failed with the following output:
Change Dir: /home/hem/work/umbrella_proj/ongoing_exps/CMake-master/CMakeFiles/CMakeTmp

Run Build Command(s):/usr/bin/make -f Makefile cmTC_f4189/fast && make  -f CMakeFiles/cmTC_f4189.dir/build.make CMakeFiles/cmTC_f4189.dir/build
make[1]: Entering directory '/home/hem/work/umbrella_proj/ongoing_exps/CMake-master/CMakeFiles/CMakeTmp'
Building C object CMakeFiles/cmTC_f4189.dir/HAVE_SYS_EXTATTR_H.c.o
/usr/bin/gcc   -w  -std=gnu11 -o CMakeFiles/cmTC_f4189.dir/HAVE_SYS_EXTATTR_H.c.o -c /home/hem/work/umbrella_proj/ongoing_exps/CMake-master/CMakeFiles/CheckIncludeFiles/HAVE_SYS_EXTATTR_H.c
/home/hem/work/umbrella_proj/ongoing_exps/CMake-master/CMakeFiles/CheckIncludeFiles/HAVE_SYS_EXTATTR_H.c:28:10: fatal error: sys/extattr.h: No such file or directory
   28 | #include <sys/extattr.h>
      |          ^~~~~~~~~~~~~~~
compilation terminated.
make[1]: *** [CMakeFiles/cmTC_f4189.dir/build.make:78: CMakeFiles/cmTC_f4189.dir/HAVE_SYS_EXTATTR_H.c.o] Error 1
make[1]: Leaving directory '/home/hem/work/umbrella_proj/ongoing_exps/CMake-master/CMakeFiles/CMakeTmp'
make: *** [Makefile:127: cmTC_f4189/fast] Error 2


Source:
/* */
#include <sys/types.h>
#include <ctype.h>
#include <dlfcn.h>
#include <errno.h>
#include <fcntl.h>
#include <grp.h>
#include <langinfo.h>
#include <limits.h>
#include <linux/types.h>
#include <linux/fiemap.h>
#include <linux/fs.h>
#include <linux/magic.h>
#include <locale.h>
#include <memory.h>
#include <paths.h>
#include <poll.h>
#include <pthread.h>
#include <pwd.h>
#include <regex.h>
#include <signal.h>
#include <spawn.h>
#include <stdarg.h>
#include <stdlib.h>
#include <string.h>
#include <strings.h>
#include <sys/cdefs.h>
#include <sys/extattr.h>


int main(void){return 0;}

Determining if files sys/types.h;ctype.h;dlfcn.h;errno.h;fcntl.h;grp.h;langinfo.h;limits.h;linux/types.h;linux/fiemap.h;linux/fs.h;linux/magic.h;locale.h;memory.h;paths.h;poll.h;pthread.h;pwd.h;regex.h;signal.h;spawn.h;stdarg.h;stdlib.h;string.h;strings.h;sys/cdefs.h;sys/ioctl.h;sys/mkdev.h exist failed with the following output:
Change Dir: /home/hem/work/umbrella_proj/ongoing_exps/CMake-master/CMakeFiles/CMakeTmp

Run Build Command(s):/usr/bin/make -f Makefile cmTC_6d081/fast && make  -f CMakeFiles/cmTC_6d081.dir/build.make CMakeFiles/cmTC_6d081.dir/build
make[1]: Entering directory '/home/hem/work/umbrella_proj/ongoing_exps/CMake-master/CMakeFiles/CMakeTmp'
Building C object CMakeFiles/cmTC_6d081.dir/HAVE_SYS_MKDEV_H.c.o
/usr/bin/gcc   -w  -std=gnu11 -o CMakeFiles/cmTC_6d081.dir/HAVE_SYS_MKDEV_H.c.o -c /home/hem/work/umbrella_proj/ongoing_exps/CMake-master/CMakeFiles/CheckIncludeFiles/HAVE_SYS_MKDEV_H.c
/home/hem/work/umbrella_proj/ongoing_exps/CMake-master/CMakeFiles/CheckIncludeFiles/HAVE_SYS_MKDEV_H.c:29:10: fatal error: sys/mkdev.h: No such file or directory
   29 | #include <sys/mkdev.h>
      |          ^~~~~~~~~~~~~
compilation terminated.
make[1]: *** [CMakeFiles/cmTC_6d081.dir/build.make:78: CMakeFiles/cmTC_6d081.dir/HAVE_SYS_MKDEV_H.c.o] Error 1
make[1]: Leaving directory '/home/hem/work/umbrella_proj/ongoing_exps/CMake-master/CMakeFiles/CMakeTmp'
make: *** [Makefile:127: cmTC_6d081/fast] Error 2


Source:
/* */
#include <sys/types.h>
#include <ctype.h>
#include <dlfcn.h>
#include <errno.h>
#include <fcntl.h>
#include <grp.h>
#include <langinfo.h>
#include <limits.h>
#include <linux/types.h>
#include <linux/fiemap.h>
#include <linux/fs.h>
#include <linux/magic.h>
#include <locale.h>
#include <memory.h>
#include <paths.h>
#include <poll.h>
#include <pthread.h>
#include <pwd.h>
#include <regex.h>
#include <signal.h>
#include <spawn.h>
#include <stdarg.h>
#include <stdlib.h>
#include <string.h>
#include <strings.h>
#include <sys/cdefs.h>
#include <sys/ioctl.h>
#include <sys/mkdev.h>


int main(void){return 0;}

Determining if files sys/types.h;ctype.h;dlfcn.h;errno.h;fcntl.h;grp.h;langinfo.h;limits.h;linux/types.h;linux/fiemap.h;linux/fs.h;linux/magic.h;locale.h;memory.h;paths.h;poll.h;pthread.h;pwd.h;regex.h;signal.h;spawn.h;stdarg.h;stdlib.h;string.h;strings.h;sys/cdefs.h;sys/ioctl.h;sys/mount.h exist failed with the following output:
Change Dir: /home/hem/work/umbrella_proj/ongoing_exps/CMake-master/CMakeFiles/CMakeTmp

Run Build Command(s):/usr/bin/make -f Makefile cmTC_10688/fast && make  -f CMakeFiles/cmTC_10688.dir/build.make CMakeFiles/cmTC_10688.dir/build
make[1]: Entering directory '/home/hem/work/umbrella_proj/ongoing_exps/CMake-master/CMakeFiles/CMakeTmp'
Building C object CMakeFiles/cmTC_10688.dir/HAVE_SYS_MOUNT_H.c.o
/usr/bin/gcc   -w  -std=gnu11 -o CMakeFiles/cmTC_10688.dir/HAVE_SYS_MOUNT_H.c.o -c /home/hem/work/umbrella_proj/ongoing_exps/CMake-master/CMakeFiles/CheckIncludeFiles/HAVE_SYS_MOUNT_H.c
In file included from /usr/include/linux/fs.h:19,
                 from /home/hem/work/umbrella_proj/ongoing_exps/CMake-master/CMakeFiles/CheckIncludeFiles/HAVE_SYS_MOUNT_H.c:12:
/usr/include/x86_64-linux-gnu/sys/mount.h:35:3: error: expected identifier before numeric constant
   35 |   MS_RDONLY = 1,  /* Mount read-only.  */
      |   ^~~~~~~~~
make[1]: *** [CMakeFiles/cmTC_10688.dir/build.make:78: CMakeFiles/cmTC_10688.dir/HAVE_SYS_MOUNT_H.c.o] Error 1
make[1]: Leaving directory '/home/hem/work/umbrella_proj/ongoing_exps/CMake-master/CMakeFiles/CMakeTmp'
make: *** [Makefile:127: cmTC_10688/fast] Error 2


Source:
/* */
#include <sys/types.h>
#include <ctype.h>
#include <dlfcn.h>
#include <errno.h>
#include <fcntl.h>
#include <grp.h>
#include <langinfo.h>
#include <limits.h>
#include <linux/types.h>
#include <linux/fiemap.h>
#include <linux/fs.h>
#include <linux/magic.h>
#include <locale.h>
#include <memory.h>
#include <paths.h>
#include <poll.h>
#include <pthread.h>
#include <pwd.h>
#include <regex.h>
#include <signal.h>
#include <spawn.h>
#include <stdarg.h>
#include <stdlib.h>
#include <string.h>
#include <strings.h>
#include <sys/cdefs.h>
#include <sys/ioctl.h>
#include <sys/mount.h>


int main(void){return 0;}

Determining if files sys/types.h;ctype.h;dlfcn.h;errno.h;fcntl.h;grp.h;langinfo.h;limits.h;linux/types.h;linux/fiemap.h;linux/fs.h;linux/magic.h;locale.h;memory.h;paths.h;poll.h;pthread.h;pwd.h;regex.h;signal.h;spawn.h;stdarg.h;stdlib.h;string.h;strings.h;sys/cdefs.h;sys/ioctl.h;sys/param.h;sys/poll.h;sys/richacl.h exist failed with the following output:
Change Dir: /home/hem/work/umbrella_proj/ongoing_exps/CMake-master/CMakeFiles/CMakeTmp

Run Build Command(s):/usr/bin/make -f Makefile cmTC_12b14/fast && make  -f CMakeFiles/cmTC_12b14.dir/build.make CMakeFiles/cmTC_12b14.dir/build
make[1]: Entering directory '/home/hem/work/umbrella_proj/ongoing_exps/CMake-master/CMakeFiles/CMakeTmp'
Building C object CMakeFiles/cmTC_12b14.dir/HAVE_SYS_RICHACL_H.c.o
/usr/bin/gcc   -w  -std=gnu11 -o CMakeFiles/cmTC_12b14.dir/HAVE_SYS_RICHACL_H.c.o -c /home/hem/work/umbrella_proj/ongoing_exps/CMake-master/CMakeFiles/CheckIncludeFiles/HAVE_SYS_RICHACL_H.c
/home/hem/work/umbrella_proj/ongoing_exps/CMake-master/CMakeFiles/CheckIncludeFiles/HAVE_SYS_RICHACL_H.c:31:10: fatal error: sys/richacl.h: No such file or directory
   31 | #include <sys/richacl.h>
      |          ^~~~~~~~~~~~~~~
compilation terminated.
make[1]: *** [CMakeFiles/cmTC_12b14.dir/build.make:78: CMakeFiles/cmTC_12b14.dir/HAVE_SYS_RICHACL_H.c.o] Error 1
make[1]: Leaving directory '/home/hem/work/umbrella_proj/ongoing_exps/CMake-master/CMakeFiles/CMakeTmp'
make: *** [Makefile:127: cmTC_12b14/fast] Error 2


Source:
/* */
#include <sys/types.h>
#include <ctype.h>
#include <dlfcn.h>
#include <errno.h>
#include <fcntl.h>
#include <grp.h>
#include <langinfo.h>
#include <limits.h>
#include <linux/types.h>
#include <linux/fiemap.h>
#include <linux/fs.h>
#include <linux/magic.h>
#include <locale.h>
#include <memory.h>
#include <paths.h>
#include <poll.h>
#include <pthread.h>
#include <pwd.h>
#include <regex.h>
#include <signal.h>
#include <spawn.h>
#include <stdarg.h>
#include <stdlib.h>
#include <string.h>
#include <strings.h>
#include <sys/cdefs.h>
#include <sys/ioctl.h>
#include <sys/param.h>
#include <sys/poll.h>
#include <sys/richacl.h>


int main(void){return 0;}

Determining if files sys/types.h;ctype.h;dlfcn.h;errno.h;fcntl.h;grp.h;langinfo.h;limits.h;linux/types.h;linux/fiemap.h;linux/fs.h;linux/magic.h;locale.h;memory.h;paths.h;poll.h;pthread.h;pwd.h;regex.h;signal.h;spawn.h;stdarg.h;stdlib.h;string.h;strings.h;sys/cdefs.h;sys/ioctl.h;sys/param.h;sys/poll.h;sys/select.h;sys/stat.h;sys/statfs.h;sys/statvfs.h;sys/sysmacros.h;sys/time.h;sys/utsname.h;sys/vfs.h;sys/wait.h;sys/xattr.h;time.h;unistd.h;utime.h;wchar.h;wctype.h;windows.h exist failed with the following output:
Change Dir: /home/hem/work/umbrella_proj/ongoing_exps/CMake-master/CMakeFiles/CMakeTmp

Run Build Command(s):/usr/bin/make -f Makefile cmTC_cdd74/fast && make  -f CMakeFiles/cmTC_cdd74.dir/build.make CMakeFiles/cmTC_cdd74.dir/build
make[1]: Entering directory '/home/hem/work/umbrella_proj/ongoing_exps/CMake-master/CMakeFiles/CMakeTmp'
Building C object CMakeFiles/cmTC_cdd74.dir/HAVE_WINDOWS_H.c.o
/usr/bin/gcc   -w  -std=gnu11 -o CMakeFiles/cmTC_cdd74.dir/HAVE_WINDOWS_H.c.o -c /home/hem/work/umbrella_proj/ongoing_exps/CMake-master/CMakeFiles/CheckIncludeFiles/HAVE_WINDOWS_H.c
/home/hem/work/umbrella_proj/ongoing_exps/CMake-master/CMakeFiles/CheckIncludeFiles/HAVE_WINDOWS_H.c:46:10: fatal error: windows.h: No such file or directory
   46 | #include <windows.h>
      |          ^~~~~~~~~~~
compilation terminated.
make[1]: *** [CMakeFiles/cmTC_cdd74.dir/build.make:78: CMakeFiles/cmTC_cdd74.dir/HAVE_WINDOWS_H.c.o] Error 1
make[1]: Leaving directory '/home/hem/work/umbrella_proj/ongoing_exps/CMake-master/CMakeFiles/CMakeTmp'
make: *** [Makefile:127: cmTC_cdd74/fast] Error 2


Source:
/* */
#include <sys/types.h>
#include <ctype.h>
#include <dlfcn.h>
#include <errno.h>
#include <fcntl.h>
#include <grp.h>
#include <langinfo.h>
#include <limits.h>
#include <linux/types.h>
#include <linux/fiemap.h>
#include <linux/fs.h>
#include <linux/magic.h>
#include <locale.h>
#include <memory.h>
#include <paths.h>
#include <poll.h>
#include <pthread.h>
#include <pwd.h>
#include <regex.h>
#include <signal.h>
#include <spawn.h>
#include <stdarg.h>
#include <stdlib.h>
#include <string.h>
#include <strings.h>
#include <sys/cdefs.h>
#include <sys/ioctl.h>
#include <sys/param.h>
#include <sys/poll.h>
#include <sys/select.h>
#include <sys/stat.h>
#include <sys/statfs.h>
#include <sys/statvfs.h>
#include <sys/sysmacros.h>
#include <sys/time.h>
#include <sys/utsname.h>
#include <sys/vfs.h>
#include <sys/wait.h>
#include <sys/xattr.h>
#include <time.h>
#include <unistd.h>
#include <utime.h>
#include <wchar.h>
#include <wctype.h>
#include <windows.h>


int main(void){return 0;}

Determining if files sys/types.h;ctype.h;dlfcn.h;errno.h;fcntl.h;grp.h;langinfo.h;limits.h;linux/types.h;linux/fiemap.h;linux/fs.h;linux/magic.h;locale.h;memory.h;paths.h;poll.h;pthread.h;pwd.h;regex.h;signal.h;spawn.h;stdarg.h;stdlib.h;string.h;strings.h;sys/cdefs.h;sys/ioctl.h;sys/param.h;sys/poll.h;sys/select.h;sys/stat.h;sys/statfs.h;sys/statvfs.h;sys/sysmacros.h;sys/time.h;sys/utsname.h;sys/vfs.h;sys/wait.h;sys/xattr.h;time.h;unistd.h;utime.h;wchar.h;wctype.h;wincrypt.h exist failed with the following output:
Change Dir: /home/hem/work/umbrella_proj/ongoing_exps/CMake-master/CMakeFiles/CMakeTmp

Run Build Command(s):/usr/bin/make -f Makefile cmTC_7cece/fast && make  -f CMakeFiles/cmTC_7cece.dir/build.make CMakeFiles/cmTC_7cece.dir/build
make[1]: Entering directory '/home/hem/work/umbrella_proj/ongoing_exps/CMake-master/CMakeFiles/CMakeTmp'
Building C object CMakeFiles/cmTC_7cece.dir/HAVE_WINCRYPT_H.c.o
/usr/bin/gcc   -w  -std=gnu11 -o CMakeFiles/cmTC_7cece.dir/HAVE_WINCRYPT_H.c.o -c /home/hem/work/umbrella_proj/ongoing_exps/CMake-master/CMakeFiles/CheckIncludeFiles/HAVE_WINCRYPT_H.c
/home/hem/work/umbrella_proj/ongoing_exps/CMake-master/CMakeFiles/CheckIncludeFiles/HAVE_WINCRYPT_H.c:46:10: fatal error: wincrypt.h: No such file or directory
   46 | #include <wincrypt.h>
      |          ^~~~~~~~~~~~
compilation terminated.
make[1]: *** [CMakeFiles/cmTC_7cece.dir/build.make:78: CMakeFiles/cmTC_7cece.dir/HAVE_WINCRYPT_H.c.o] Error 1
make[1]: Leaving directory '/home/hem/work/umbrella_proj/ongoing_exps/CMake-master/CMakeFiles/CMakeTmp'
make: *** [Makefile:127: cmTC_7cece/fast] Error 2


Source:
/* */
#include <sys/types.h>
#include <ctype.h>
#include <dlfcn.h>
#include <errno.h>
#include <fcntl.h>
#include <grp.h>
#include <langinfo.h>
#include <limits.h>
#include <linux/types.h>
#include <linux/fiemap.h>
#include <linux/fs.h>
#include <linux/magic.h>
#include <locale.h>
#include <memory.h>
#include <paths.h>
#include <poll.h>
#include <pthread.h>
#include <pwd.h>
#include <regex.h>
#include <signal.h>
#include <spawn.h>
#include <stdarg.h>
#include <stdlib.h>
#include <string.h>
#include <strings.h>
#include <sys/cdefs.h>
#include <sys/ioctl.h>
#include <sys/param.h>
#include <sys/poll.h>
#include <sys/select.h>
#include <sys/stat.h>
#include <sys/statfs.h>
#include <sys/statvfs.h>
#include <sys/sysmacros.h>
#include <sys/time.h>
#include <sys/utsname.h>
#include <sys/vfs.h>
#include <sys/wait.h>
#include <sys/xattr.h>
#include <time.h>
#include <unistd.h>
#include <utime.h>
#include <wchar.h>
#include <wctype.h>
#include <wincrypt.h>


int main(void){return 0;}

Determining if files sys/types.h;ctype.h;dlfcn.h;errno.h;fcntl.h;grp.h;langinfo.h;limits.h;linux/types.h;linux/fiemap.h;linux/fs.h;linux/magic.h;locale.h;memory.h;paths.h;poll.h;pthread.h;pwd.h;regex.h;signal.h;spawn.h;stdarg.h;stdlib.h;string.h;strings.h;sys/cdefs.h;sys/ioctl.h;sys/param.h;sys/poll.h;sys/select.h;sys/stat.h;sys/statfs.h;sys/statvfs.h;sys/sysmacros.h;sys/time.h;sys/utsname.h;sys/vfs.h;sys/wait.h;sys/xattr.h;time.h;unistd.h;utime.h;wchar.h;wctype.h;winioctl.h exist failed with the following output:
Change Dir: /home/hem/work/umbrella_proj/ongoing_exps/CMake-master/CMakeFiles/CMakeTmp

Run Build Command(s):/usr/bin/make -f Makefile cmTC_a919c/fast && make  -f CMakeFiles/cmTC_a919c.dir/build.make CMakeFiles/cmTC_a919c.dir/build
make[1]: Entering directory '/home/hem/work/umbrella_proj/ongoing_exps/CMake-master/CMakeFiles/CMakeTmp'
Building C object CMakeFiles/cmTC_a919c.dir/HAVE_WINIOCTL_H.c.o
/usr/bin/gcc   -w  -std=gnu11 -o CMakeFiles/cmTC_a919c.dir/HAVE_WINIOCTL_H.c.o -c /home/hem/work/umbrella_proj/ongoing_exps/CMake-master/CMakeFiles/CheckIncludeFiles/HAVE_WINIOCTL_H.c
/home/hem/work/umbrella_proj/ongoing_exps/CMake-master/CMakeFiles/CheckIncludeFiles/HAVE_WINIOCTL_H.c:46:10: fatal error: winioctl.h: No such file or directory
   46 | #include <winioctl.h>
      |          ^~~~~~~~~~~~
compilation terminated.
make[1]: *** [CMakeFiles/cmTC_a919c.dir/build.make:78: CMakeFiles/cmTC_a919c.dir/HAVE_WINIOCTL_H.c.o] Error 1
make[1]: Leaving directory '/home/hem/work/umbrella_proj/ongoing_exps/CMake-master/CMakeFiles/CMakeTmp'
make: *** [Makefile:127: cmTC_a919c/fast] Error 2


Source:
/* */
#include <sys/types.h>
#include <ctype.h>
#include <dlfcn.h>
#include <errno.h>
#include <fcntl.h>
#include <grp.h>
#include <langinfo.h>
#include <limits.h>
#include <linux/types.h>
#include <linux/fiemap.h>
#include <linux/fs.h>
#include <linux/magic.h>
#include <locale.h>
#include <memory.h>
#include <paths.h>
#include <poll.h>
#include <pthread.h>
#include <pwd.h>
#include <regex.h>
#include <signal.h>
#include <spawn.h>
#include <stdarg.h>
#include <stdlib.h>
#include <string.h>
#include <strings.h>
#include <sys/cdefs.h>
#include <sys/ioctl.h>
#include <sys/param.h>
#include <sys/poll.h>
#include <sys/select.h>
#include <sys/stat.h>
#include <sys/statfs.h>
#include <sys/statvfs.h>
#include <sys/sysmacros.h>
#include <sys/time.h>
#include <sys/utsname.h>
#include <sys/vfs.h>
#include <sys/wait.h>
#include <sys/xattr.h>
#include <time.h>
#include <unistd.h>
#include <utime.h>
#include <wchar.h>
#include <wctype.h>
#include <winioctl.h>


int main(void){return 0;}

Determining if the function getvfsbyname exists failed with the following output:
Change Dir: /home/hem/work/umbrella_proj/ongoing_exps/CMake-master/CMakeFiles/CMakeTmp

Run Build Command(s):/usr/bin/make -f Makefile cmTC_67995/fast && make  -f CMakeFiles/cmTC_67995.dir/build.make CMakeFiles/cmTC_67995.dir/build
make[1]: Entering directory '/home/hem/work/umbrella_proj/ongoing_exps/CMake-master/CMakeFiles/CMakeTmp'
Building C object CMakeFiles/cmTC_67995.dir/CheckFunctionExists.c.o
/usr/bin/gcc   -w -DCHECK_FUNCTION_EXISTS=getvfsbyname  -fno-builtin -std=gnu11 -o CMakeFiles/cmTC_67995.dir/CheckFunctionExists.c.o -c /home/hem/work/umbrella_proj/ongoing_exps/CMake-master/Modules/CheckFunctionExists.c
Linking C executable cmTC_67995
/home/hem/work/umbrella_proj/ongoing_exps/CMake-master/Bootstrap.cmk/cmake -E cmake_link_script CMakeFiles/cmTC_67995.dir/link.txt --verbose=1
/usr/bin/gcc  -w -DCHECK_FUNCTION_EXISTS=getvfsbyname  -fno-builtin CMakeFiles/cmTC_67995.dir/CheckFunctionExists.c.o -o cmTC_67995 
/usr/bin/ld: CMakeFiles/cmTC_67995.dir/CheckFunctionExists.c.o: in function `main':
CheckFunctionExists.c:(.text+0x14): undefined reference to `getvfsbyname'
collect2: error: ld returned 1 exit status
make[1]: *** [CMakeFiles/cmTC_67995.dir/build.make:99: cmTC_67995] Error 1
make[1]: Leaving directory '/home/hem/work/umbrella_proj/ongoing_exps/CMake-master/CMakeFiles/CMakeTmp'
make: *** [Makefile:127: cmTC_67995/fast] Error 2



Determining if the function lchflags exists failed with the following output:
Change Dir: /home/hem/work/umbrella_proj/ongoing_exps/CMake-master/CMakeFiles/CMakeTmp

Run Build Command(s):/usr/bin/make -f Makefile cmTC_c27df/fast && make  -f CMakeFiles/cmTC_c27df.dir/build.make CMakeFiles/cmTC_c27df.dir/build
make[1]: Entering directory '/home/hem/work/umbrella_proj/ongoing_exps/CMake-master/CMakeFiles/CMakeTmp'
Building C object CMakeFiles/cmTC_c27df.dir/CheckFunctionExists.c.o
/usr/bin/gcc   -w -DCHECK_FUNCTION_EXISTS=lchflags  -fno-builtin -std=gnu11 -o CMakeFiles/cmTC_c27df.dir/CheckFunctionExists.c.o -c /home/hem/work/umbrella_proj/ongoing_exps/CMake-master/Modules/CheckFunctionExists.c
Linking C executable cmTC_c27df
/home/hem/work/umbrella_proj/ongoing_exps/CMake-master/Bootstrap.cmk/cmake -E cmake_link_script CMakeFiles/cmTC_c27df.dir/link.txt --verbose=1
/usr/bin/gcc  -w -DCHECK_FUNCTION_EXISTS=lchflags  -fno-builtin CMakeFiles/cmTC_c27df.dir/CheckFunctionExists.c.o -o cmTC_c27df 
/usr/bin/ld: CMakeFiles/cmTC_c27df.dir/CheckFunctionExists.c.o: in function `main':
CheckFunctionExists.c:(.text+0x14): undefined reference to `lchflags'
collect2: error: ld returned 1 exit status
make[1]: *** [CMakeFiles/cmTC_c27df.dir/build.make:99: cmTC_c27df] Error 1
make[1]: Leaving directory '/home/hem/work/umbrella_proj/ongoing_exps/CMake-master/CMakeFiles/CMakeTmp'
make: *** [Makefile:127: cmTC_c27df/fast] Error 2



Determining if the function readpassphrase exists failed with the following output:
Change Dir: /home/hem/work/umbrella_proj/ongoing_exps/CMake-master/CMakeFiles/CMakeTmp

Run Build Command(s):/usr/bin/make -f Makefile cmTC_de31b/fast && make  -f CMakeFiles/cmTC_de31b.dir/build.make CMakeFiles/cmTC_de31b.dir/build
make[1]: Entering directory '/home/hem/work/umbrella_proj/ongoing_exps/CMake-master/CMakeFiles/CMakeTmp'
Building C object CMakeFiles/cmTC_de31b.dir/CheckFunctionExists.c.o
/usr/bin/gcc   -w -DCHECK_FUNCTION_EXISTS=readpassphrase  -fno-builtin -std=gnu11 -o CMakeFiles/cmTC_de31b.dir/CheckFunctionExists.c.o -c /home/hem/work/umbrella_proj/ongoing_exps/CMake-master/Modules/CheckFunctionExists.c
Linking C executable cmTC_de31b
/home/hem/work/umbrella_proj/ongoing_exps/CMake-master/Bootstrap.cmk/cmake -E cmake_link_script CMakeFiles/cmTC_de31b.dir/link.txt --verbose=1
/usr/bin/gcc  -w -DCHECK_FUNCTION_EXISTS=readpassphrase  -fno-builtin CMakeFiles/cmTC_de31b.dir/CheckFunctionExists.c.o -o cmTC_de31b 
/usr/bin/ld: CMakeFiles/cmTC_de31b.dir/CheckFunctionExists.c.o: in function `main':
CheckFunctionExists.c:(.text+0x14): undefined reference to `readpassphrase'
collect2: error: ld returned 1 exit status
make[1]: *** [CMakeFiles/cmTC_de31b.dir/build.make:99: cmTC_de31b] Error 1
make[1]: Leaving directory '/home/hem/work/umbrella_proj/ongoing_exps/CMake-master/CMakeFiles/CMakeTmp'
make: *** [Makefile:127: cmTC_de31b/fast] Error 2



Determining if the function strncpy_s exists failed with the following output:
Change Dir: /home/hem/work/umbrella_proj/ongoing_exps/CMake-master/CMakeFiles/CMakeTmp

Run Build Command(s):/usr/bin/make -f Makefile cmTC_6651d/fast && make  -f CMakeFiles/cmTC_6651d.dir/build.make CMakeFiles/cmTC_6651d.dir/build
make[1]: Entering directory '/home/hem/work/umbrella_proj/ongoing_exps/CMake-master/CMakeFiles/CMakeTmp'
Building C object CMakeFiles/cmTC_6651d.dir/CheckFunctionExists.c.o
/usr/bin/gcc   -w -DCHECK_FUNCTION_EXISTS=strncpy_s  -fno-builtin -std=gnu11 -o CMakeFiles/cmTC_6651d.dir/CheckFunctionExists.c.o -c /home/hem/work/umbrella_proj/ongoing_exps/CMake-master/Modules/CheckFunctionExists.c
Linking C executable cmTC_6651d
/home/hem/work/umbrella_proj/ongoing_exps/CMake-master/Bootstrap.cmk/cmake -E cmake_link_script CMakeFiles/cmTC_6651d.dir/link.txt --verbose=1
/usr/bin/gcc  -w -DCHECK_FUNCTION_EXISTS=strncpy_s  -fno-builtin CMakeFiles/cmTC_6651d.dir/CheckFunctionExists.c.o -o cmTC_6651d 
/usr/bin/ld: CMakeFiles/cmTC_6651d.dir/CheckFunctionExists.c.o: in function `main':
CheckFunctionExists.c:(.text+0x14): undefined reference to `strncpy_s'
collect2: error: ld returned 1 exit status
make[1]: *** [CMakeFiles/cmTC_6651d.dir/build.make:99: cmTC_6651d] Error 1
make[1]: Leaving directory '/home/hem/work/umbrella_proj/ongoing_exps/CMake-master/CMakeFiles/CMakeTmp'
make: *** [Makefile:127: cmTC_6651d/fast] Error 2



Determining if the function _ctime64_s exists failed with the following output:
Change Dir: /home/hem/work/umbrella_proj/ongoing_exps/CMake-master/CMakeFiles/CMakeTmp

Run Build Command(s):/usr/bin/make -f Makefile cmTC_68af1/fast && make  -f CMakeFiles/cmTC_68af1.dir/build.make CMakeFiles/cmTC_68af1.dir/build
make[1]: Entering directory '/home/hem/work/umbrella_proj/ongoing_exps/CMake-master/CMakeFiles/CMakeTmp'
Building C object CMakeFiles/cmTC_68af1.dir/CheckFunctionExists.c.o
/usr/bin/gcc   -w -DCHECK_FUNCTION_EXISTS=_ctime64_s  -fno-builtin -std=gnu11 -o CMakeFiles/cmTC_68af1.dir/CheckFunctionExists.c.o -c /home/hem/work/umbrella_proj/ongoing_exps/CMake-master/Modules/CheckFunctionExists.c
Linking C executable cmTC_68af1
/home/hem/work/umbrella_proj/ongoing_exps/CMake-master/Bootstrap.cmk/cmake -E cmake_link_script CMakeFiles/cmTC_68af1.dir/link.txt --verbose=1
/usr/bin/gcc  -w -DCHECK_FUNCTION_EXISTS=_ctime64_s  -fno-builtin CMakeFiles/cmTC_68af1.dir/CheckFunctionExists.c.o -o cmTC_68af1 
/usr/bin/ld: CMakeFiles/cmTC_68af1.dir/CheckFunctionExists.c.o: in function `main':
CheckFunctionExists.c:(.text+0x14): undefined reference to `_ctime64_s'
collect2: error: ld returned 1 exit status
make[1]: *** [CMakeFiles/cmTC_68af1.dir/build.make:99: cmTC_68af1] Error 1
make[1]: Leaving directory '/home/hem/work/umbrella_proj/ongoing_exps/CMake-master/CMakeFiles/CMakeTmp'
make: *** [Makefile:127: cmTC_68af1/fast] Error 2



Determining if the function _fseeki64 exists failed with the following output:
Change Dir: /home/hem/work/umbrella_proj/ongoing_exps/CMake-master/CMakeFiles/CMakeTmp

Run Build Command(s):/usr/bin/make -f Makefile cmTC_fe4ce/fast && make  -f CMakeFiles/cmTC_fe4ce.dir/build.make CMakeFiles/cmTC_fe4ce.dir/build
make[1]: Entering directory '/home/hem/work/umbrella_proj/ongoing_exps/CMake-master/CMakeFiles/CMakeTmp'
Building C object CMakeFiles/cmTC_fe4ce.dir/CheckFunctionExists.c.o
/usr/bin/gcc   -w -DCHECK_FUNCTION_EXISTS=_fseeki64  -fno-builtin -std=gnu11 -o CMakeFiles/cmTC_fe4ce.dir/CheckFunctionExists.c.o -c /home/hem/work/umbrella_proj/ongoing_exps/CMake-master/Modules/CheckFunctionExists.c
Linking C executable cmTC_fe4ce
/home/hem/work/umbrella_proj/ongoing_exps/CMake-master/Bootstrap.cmk/cmake -E cmake_link_script CMakeFiles/cmTC_fe4ce.dir/link.txt --verbose=1
/usr/bin/gcc  -w -DCHECK_FUNCTION_EXISTS=_fseeki64  -fno-builtin CMakeFiles/cmTC_fe4ce.dir/CheckFunctionExists.c.o -o cmTC_fe4ce 
/usr/bin/ld: CMakeFiles/cmTC_fe4ce.dir/CheckFunctionExists.c.o: in function `main':
CheckFunctionExists.c:(.text+0x14): undefined reference to `_fseeki64'
collect2: error: ld returned 1 exit status
make[1]: *** [CMakeFiles/cmTC_fe4ce.dir/build.make:99: cmTC_fe4ce] Error 1
make[1]: Leaving directory '/home/hem/work/umbrella_proj/ongoing_exps/CMake-master/CMakeFiles/CMakeTmp'
make: *** [Makefile:127: cmTC_fe4ce/fast] Error 2



Determining if the function _get_timezone exists failed with the following output:
Change Dir: /home/hem/work/umbrella_proj/ongoing_exps/CMake-master/CMakeFiles/CMakeTmp

Run Build Command(s):/usr/bin/make -f Makefile cmTC_41d5a/fast && make  -f CMakeFiles/cmTC_41d5a.dir/build.make CMakeFiles/cmTC_41d5a.dir/build
make[1]: Entering directory '/home/hem/work/umbrella_proj/ongoing_exps/CMake-master/CMakeFiles/CMakeTmp'
Building C object CMakeFiles/cmTC_41d5a.dir/CheckFunctionExists.c.o
/usr/bin/gcc   -w -DCHECK_FUNCTION_EXISTS=_get_timezone  -fno-builtin -std=gnu11 -o CMakeFiles/cmTC_41d5a.dir/CheckFunctionExists.c.o -c /home/hem/work/umbrella_proj/ongoing_exps/CMake-master/Modules/CheckFunctionExists.c
Linking C executable cmTC_41d5a
/home/hem/work/umbrella_proj/ongoing_exps/CMake-master/Bootstrap.cmk/cmake -E cmake_link_script CMakeFiles/cmTC_41d5a.dir/link.txt --verbose=1
/usr/bin/gcc  -w -DCHECK_FUNCTION_EXISTS=_get_timezone  -fno-builtin CMakeFiles/cmTC_41d5a.dir/CheckFunctionExists.c.o -o cmTC_41d5a 
/usr/bin/ld: CMakeFiles/cmTC_41d5a.dir/CheckFunctionExists.c.o: in function `main':
CheckFunctionExists.c:(.text+0x14): undefined reference to `_get_timezone'
collect2: error: ld returned 1 exit status
make[1]: *** [CMakeFiles/cmTC_41d5a.dir/build.make:99: cmTC_41d5a] Error 1
make[1]: Leaving directory '/home/hem/work/umbrella_proj/ongoing_exps/CMake-master/CMakeFiles/CMakeTmp'
make: *** [Makefile:127: cmTC_41d5a/fast] Error 2



Determining if the function _gmtime64_s exists failed with the following output:
Change Dir: /home/hem/work/umbrella_proj/ongoing_exps/CMake-master/CMakeFiles/CMakeTmp

Run Build Command(s):/usr/bin/make -f Makefile cmTC_23378/fast && make  -f CMakeFiles/cmTC_23378.dir/build.make CMakeFiles/cmTC_23378.dir/build
make[1]: Entering directory '/home/hem/work/umbrella_proj/ongoing_exps/CMake-master/CMakeFiles/CMakeTmp'
Building C object CMakeFiles/cmTC_23378.dir/CheckFunctionExists.c.o
/usr/bin/gcc   -w -DCHECK_FUNCTION_EXISTS=_gmtime64_s  -fno-builtin -std=gnu11 -o CMakeFiles/cmTC_23378.dir/CheckFunctionExists.c.o -c /home/hem/work/umbrella_proj/ongoing_exps/CMake-master/Modules/CheckFunctionExists.c
Linking C executable cmTC_23378
/home/hem/work/umbrella_proj/ongoing_exps/CMake-master/Bootstrap.cmk/cmake -E cmake_link_script CMakeFiles/cmTC_23378.dir/link.txt --verbose=1
/usr/bin/gcc  -w -DCHECK_FUNCTION_EXISTS=_gmtime64_s  -fno-builtin CMakeFiles/cmTC_23378.dir/CheckFunctionExists.c.o -o cmTC_23378 
/usr/bin/ld: CMakeFiles/cmTC_23378.dir/CheckFunctionExists.c.o: in function `main':
CheckFunctionExists.c:(.text+0x14): undefined reference to `_gmtime64_s'
collect2: error: ld returned 1 exit status
make[1]: *** [CMakeFiles/cmTC_23378.dir/build.make:99: cmTC_23378] Error 1
make[1]: Leaving directory '/home/hem/work/umbrella_proj/ongoing_exps/CMake-master/CMakeFiles/CMakeTmp'
make: *** [Makefile:127: cmTC_23378/fast] Error 2



Determining if the function _localtime64_s exists failed with the following output:
Change Dir: /home/hem/work/umbrella_proj/ongoing_exps/CMake-master/CMakeFiles/CMakeTmp

Run Build Command(s):/usr/bin/make -f Makefile cmTC_9b815/fast && make  -f CMakeFiles/cmTC_9b815.dir/build.make CMakeFiles/cmTC_9b815.dir/build
make[1]: Entering directory '/home/hem/work/umbrella_proj/ongoing_exps/CMake-master/CMakeFiles/CMakeTmp'
Building C object CMakeFiles/cmTC_9b815.dir/CheckFunctionExists.c.o
/usr/bin/gcc   -w -DCHECK_FUNCTION_EXISTS=_localtime64_s  -fno-builtin -std=gnu11 -o CMakeFiles/cmTC_9b815.dir/CheckFunctionExists.c.o -c /home/hem/work/umbrella_proj/ongoing_exps/CMake-master/Modules/CheckFunctionExists.c
Linking C executable cmTC_9b815
/home/hem/work/umbrella_proj/ongoing_exps/CMake-master/Bootstrap.cmk/cmake -E cmake_link_script CMakeFiles/cmTC_9b815.dir/link.txt --verbose=1
/usr/bin/gcc  -w -DCHECK_FUNCTION_EXISTS=_localtime64_s  -fno-builtin CMakeFiles/cmTC_9b815.dir/CheckFunctionExists.c.o -o cmTC_9b815 
/usr/bin/ld: CMakeFiles/cmTC_9b815.dir/CheckFunctionExists.c.o: in function `main':
CheckFunctionExists.c:(.text+0x14): undefined reference to `_localtime64_s'
collect2: error: ld returned 1 exit status
make[1]: *** [CMakeFiles/cmTC_9b815.dir/build.make:99: cmTC_9b815] Error 1
make[1]: Leaving directory '/home/hem/work/umbrella_proj/ongoing_exps/CMake-master/CMakeFiles/CMakeTmp'
make: *** [Makefile:127: cmTC_9b815/fast] Error 2



Determining if the function _mkgmtime64 exists failed with the following output:
Change Dir: /home/hem/work/umbrella_proj/ongoing_exps/CMake-master/CMakeFiles/CMakeTmp

Run Build Command(s):/usr/bin/make -f Makefile cmTC_bef5b/fast && make  -f CMakeFiles/cmTC_bef5b.dir/build.make CMakeFiles/cmTC_bef5b.dir/build
make[1]: Entering directory '/home/hem/work/umbrella_proj/ongoing_exps/CMake-master/CMakeFiles/CMakeTmp'
Building C object CMakeFiles/cmTC_bef5b.dir/CheckFunctionExists.c.o
/usr/bin/gcc   -w -DCHECK_FUNCTION_EXISTS=_mkgmtime64  -fno-builtin -std=gnu11 -o CMakeFiles/cmTC_bef5b.dir/CheckFunctionExists.c.o -c /home/hem/work/umbrella_proj/ongoing_exps/CMake-master/Modules/CheckFunctionExists.c
Linking C executable cmTC_bef5b
/home/hem/work/umbrella_proj/ongoing_exps/CMake-master/Bootstrap.cmk/cmake -E cmake_link_script CMakeFiles/cmTC_bef5b.dir/link.txt --verbose=1
/usr/bin/gcc  -w -DCHECK_FUNCTION_EXISTS=_mkgmtime64  -fno-builtin CMakeFiles/cmTC_bef5b.dir/CheckFunctionExists.c.o -o cmTC_bef5b 
/usr/bin/ld: CMakeFiles/cmTC_bef5b.dir/CheckFunctionExists.c.o: in function `main':
CheckFunctionExists.c:(.text+0x14): undefined reference to `_mkgmtime64'
collect2: error: ld returned 1 exit status
make[1]: *** [CMakeFiles/cmTC_bef5b.dir/build.make:99: cmTC_bef5b] Error 1
make[1]: Leaving directory '/home/hem/work/umbrella_proj/ongoing_exps/CMake-master/CMakeFiles/CMakeTmp'
make: *** [Makefile:127: cmTC_bef5b/fast] Error 2



Determining if the function cygwin_conv_path exists failed with the following output:
Change Dir: /home/hem/work/umbrella_proj/ongoing_exps/CMake-master/CMakeFiles/CMakeTmp

Run Build Command(s):/usr/bin/make -f Makefile cmTC_c80da/fast && make  -f CMakeFiles/cmTC_c80da.dir/build.make CMakeFiles/cmTC_c80da.dir/build
make[1]: Entering directory '/home/hem/work/umbrella_proj/ongoing_exps/CMake-master/CMakeFiles/CMakeTmp'
Building C object CMakeFiles/cmTC_c80da.dir/CheckFunctionExists.c.o
/usr/bin/gcc   -w -DCHECK_FUNCTION_EXISTS=cygwin_conv_path  -fno-builtin -std=gnu11 -o CMakeFiles/cmTC_c80da.dir/CheckFunctionExists.c.o -c /home/hem/work/umbrella_proj/ongoing_exps/CMake-master/Modules/CheckFunctionExists.c
Linking C executable cmTC_c80da
/home/hem/work/umbrella_proj/ongoing_exps/CMake-master/Bootstrap.cmk/cmake -E cmake_link_script CMakeFiles/cmTC_c80da.dir/link.txt --verbose=1
/usr/bin/gcc  -w -DCHECK_FUNCTION_EXISTS=cygwin_conv_path  -fno-builtin CMakeFiles/cmTC_c80da.dir/CheckFunctionExists.c.o -o cmTC_c80da 
/usr/bin/ld: CMakeFiles/cmTC_c80da.dir/CheckFunctionExists.c.o: in function `main':
CheckFunctionExists.c:(.text+0x14): undefined reference to `cygwin_conv_path'
collect2: error: ld returned 1 exit status
make[1]: *** [CMakeFiles/cmTC_c80da.dir/build.make:99: cmTC_c80da] Error 1
make[1]: Leaving directory '/home/hem/work/umbrella_proj/ongoing_exps/CMake-master/CMakeFiles/CMakeTmp'
make: *** [Makefile:127: cmTC_c80da/fast] Error 2



Performing C SOURCE FILE Test HAVE_STRUCT_VFSCONF failed with the following output:
Change Dir: /home/hem/work/umbrella_proj/ongoing_exps/CMake-master/CMakeFiles/CMakeTmp

Run Build Command(s):/usr/bin/make -f Makefile cmTC_52575/fast && make  -f CMakeFiles/cmTC_52575.dir/build.make CMakeFiles/cmTC_52575.dir/build
make[1]: Entering directory '/home/hem/work/umbrella_proj/ongoing_exps/CMake-master/CMakeFiles/CMakeTmp'
Building C object CMakeFiles/cmTC_52575.dir/src.c.o
/usr/bin/gcc -DHAVE_STRUCT_VFSCONF  -w  -std=gnu11 -o CMakeFiles/cmTC_52575.dir/src.c.o -c /home/hem/work/umbrella_proj/ongoing_exps/CMake-master/CMakeFiles/CMakeTmp/src.c
/home/hem/work/umbrella_proj/ongoing_exps/CMake-master/CMakeFiles/CMakeTmp/src.c: In function ‘main’:
/home/hem/work/umbrella_proj/ongoing_exps/CMake-master/CMakeFiles/CMakeTmp/src.c:3:33: error: storage size of ‘v’ isn’t known
    3 | int main(void) { struct vfsconf v; return sizeof(v);}
      |                                 ^
make[1]: *** [CMakeFiles/cmTC_52575.dir/build.make:78: CMakeFiles/cmTC_52575.dir/src.c.o] Error 1
make[1]: Leaving directory '/home/hem/work/umbrella_proj/ongoing_exps/CMake-master/CMakeFiles/CMakeTmp'
make: *** [Makefile:127: cmTC_52575/fast] Error 2


Source file was:
#include <sys/types.h>
#include <sys/mount.h>
int main(void) { struct vfsconf v; return sizeof(v);}
Performing C SOURCE FILE Test HAVE_STRUCT_XVFSCONF failed with the following output:
Change Dir: /home/hem/work/umbrella_proj/ongoing_exps/CMake-master/CMakeFiles/CMakeTmp

Run Build Command(s):/usr/bin/make -f Makefile cmTC_b8a2e/fast && make  -f CMakeFiles/cmTC_b8a2e.dir/build.make CMakeFiles/cmTC_b8a2e.dir/build
make[1]: Entering directory '/home/hem/work/umbrella_proj/ongoing_exps/CMake-master/CMakeFiles/CMakeTmp'
Building C object CMakeFiles/cmTC_b8a2e.dir/src.c.o
/usr/bin/gcc -DHAVE_STRUCT_XVFSCONF  -w  -std=gnu11 -o CMakeFiles/cmTC_b8a2e.dir/src.c.o -c /home/hem/work/umbrella_proj/ongoing_exps/CMake-master/CMakeFiles/CMakeTmp/src.c
/home/hem/work/umbrella_proj/ongoing_exps/CMake-master/CMakeFiles/CMakeTmp/src.c: In function ‘main’:
/home/hem/work/umbrella_proj/ongoing_exps/CMake-master/CMakeFiles/CMakeTmp/src.c:3:34: error: storage size of ‘v’ isn’t known
    3 | int main(void) { struct xvfsconf v; return sizeof(v);}
      |                                  ^
make[1]: *** [CMakeFiles/cmTC_b8a2e.dir/build.make:78: CMakeFiles/cmTC_b8a2e.dir/src.c.o] Error 1
make[1]: Leaving directory '/home/hem/work/umbrella_proj/ongoing_exps/CMake-master/CMakeFiles/CMakeTmp'
make: *** [Makefile:127: cmTC_b8a2e/fast] Error 2


Source file was:
#include <sys/types.h>
#include <sys/mount.h>
int main(void) { struct xvfsconf v; return sizeof(v);}
Performing C SOURCE FILE Test MAJOR_IN_MKDEV failed with the following output:
Change Dir: /home/hem/work/umbrella_proj/ongoing_exps/CMake-master/CMakeFiles/CMakeTmp

Run Build Command(s):/usr/bin/make -f Makefile cmTC_bafa7/fast && make  -f CMakeFiles/cmTC_bafa7.dir/build.make CMakeFiles/cmTC_bafa7.dir/build
make[1]: Entering directory '/home/hem/work/umbrella_proj/ongoing_exps/CMake-master/CMakeFiles/CMakeTmp'
Building C object CMakeFiles/cmTC_bafa7.dir/src.c.o
/usr/bin/gcc -DMAJOR_IN_MKDEV  -w  -std=gnu11 -o CMakeFiles/cmTC_bafa7.dir/src.c.o -c /home/hem/work/umbrella_proj/ongoing_exps/CMake-master/CMakeFiles/CMakeTmp/src.c
/home/hem/work/umbrella_proj/ongoing_exps/CMake-master/CMakeFiles/CMakeTmp/src.c:1:10: fatal error: sys/mkdev.h: No such file or directory
    1 | #include <sys/mkdev.h>
      |          ^~~~~~~~~~~~~
compilation terminated.
make[1]: *** [CMakeFiles/cmTC_bafa7.dir/build.make:78: CMakeFiles/cmTC_bafa7.dir/src.c.o] Error 1
make[1]: Leaving directory '/home/hem/work/umbrella_proj/ongoing_exps/CMake-master/CMakeFiles/CMakeTmp'
make: *** [Makefile:127: cmTC_bafa7/fast] Error 2


Source file was:
#include <sys/mkdev.h>
int main() { return major(256); }
Determining if the EFTYPE exist failed with the following output:
Change Dir: /home/hem/work/umbrella_proj/ongoing_exps/CMake-master/CMakeFiles/CMakeTmp

Run Build Command(s):/usr/bin/make -f Makefile cmTC_0c62e/fast && make  -f CMakeFiles/cmTC_0c62e.dir/build.make CMakeFiles/cmTC_0c62e.dir/build
make[1]: Entering directory '/home/hem/work/umbrella_proj/ongoing_exps/CMake-master/CMakeFiles/CMakeTmp'
Building C object CMakeFiles/cmTC_0c62e.dir/CheckSymbolExists.c.o
/usr/bin/gcc   -w  -std=gnu11 -o CMakeFiles/cmTC_0c62e.dir/CheckSymbolExists.c.o -c /home/hem/work/umbrella_proj/ongoing_exps/CMake-master/CMakeFiles/CMakeTmp/CheckSymbolExists.c
/home/hem/work/umbrella_proj/ongoing_exps/CMake-master/CMakeFiles/CMakeTmp/CheckSymbolExists.c: In function ‘main’:
/home/hem/work/umbrella_proj/ongoing_exps/CMake-master/CMakeFiles/CMakeTmp/CheckSymbolExists.c:8:19: error: ‘EFTYPE’ undeclared (first use in this function)
    8 |   return ((int*)(&EFTYPE))[argc];
      |                   ^~~~~~
/home/hem/work/umbrella_proj/ongoing_exps/CMake-master/CMakeFiles/CMakeTmp/CheckSymbolExists.c:8:19: note: each undeclared identifier is reported only once for each function it appears in
make[1]: *** [CMakeFiles/cmTC_0c62e.dir/build.make:78: CMakeFiles/cmTC_0c62e.dir/CheckSymbolExists.c.o] Error 1
make[1]: Leaving directory '/home/hem/work/umbrella_proj/ongoing_exps/CMake-master/CMakeFiles/CMakeTmp'
make: *** [Makefile:127: cmTC_0c62e/fast] Error 2


File /home/hem/work/umbrella_proj/ongoing_exps/CMake-master/CMakeFiles/CMakeTmp/CheckSymbolExists.c:
/* */
#include <errno.h>

int main(int argc, char** argv)
{
  (void)argv;
#ifndef EFTYPE
  return ((int*)(&EFTYPE))[argc];
#else
  (void)argc;
  return 0;
#endif
}
Determining if the D_MD_ORDER exist failed with the following output:
Change Dir: /home/hem/work/umbrella_proj/ongoing_exps/CMake-master/CMakeFiles/CMakeTmp

Run Build Command(s):/usr/bin/make -f Makefile cmTC_d87b2/fast && make  -f CMakeFiles/cmTC_d87b2.dir/build.make CMakeFiles/cmTC_d87b2.dir/build
make[1]: Entering directory '/home/hem/work/umbrella_proj/ongoing_exps/CMake-master/CMakeFiles/CMakeTmp'
Building C object CMakeFiles/cmTC_d87b2.dir/CheckSymbolExists.c.o
/usr/bin/gcc   -w  -std=gnu11 -o CMakeFiles/cmTC_d87b2.dir/CheckSymbolExists.c.o -c /home/hem/work/umbrella_proj/ongoing_exps/CMake-master/CMakeFiles/CMakeTmp/CheckSymbolExists.c
/home/hem/work/umbrella_proj/ongoing_exps/CMake-master/CMakeFiles/CMakeTmp/CheckSymbolExists.c: In function ‘main’:
/home/hem/work/umbrella_proj/ongoing_exps/CMake-master/CMakeFiles/CMakeTmp/CheckSymbolExists.c:8:19: error: ‘D_MD_ORDER’ undeclared (first use in this function)
    8 |   return ((int*)(&D_MD_ORDER))[argc];
      |                   ^~~~~~~~~~
/home/hem/work/umbrella_proj/ongoing_exps/CMake-master/CMakeFiles/CMakeTmp/CheckSymbolExists.c:8:19: note: each undeclared identifier is reported only once for each function it appears in
make[1]: *** [CMakeFiles/cmTC_d87b2.dir/build.make:78: CMakeFiles/cmTC_d87b2.dir/CheckSymbolExists.c.o] Error 1
make[1]: Leaving directory '/home/hem/work/umbrella_proj/ongoing_exps/CMake-master/CMakeFiles/CMakeTmp'
make: *** [Makefile:127: cmTC_d87b2/fast] Error 2


File /home/hem/work/umbrella_proj/ongoing_exps/CMake-master/CMakeFiles/CMakeTmp/CheckSymbolExists.c:
/* */
#include <langinfo.h>

int main(int argc, char** argv)
{
  (void)argv;
#ifndef D_MD_ORDER
  return ((int*)(&D_MD_ORDER))[argc];
#else
  (void)argc;
  return 0;
#endif
}
Performing C SOURCE FILE Test HAVE_STRUCT_TM___TM_GMTOFF failed with the following output:
Change Dir: /home/hem/work/umbrella_proj/ongoing_exps/CMake-master/CMakeFiles/CMakeTmp

Run Build Command(s):/usr/bin/make -f Makefile cmTC_c086f/fast && make  -f CMakeFiles/cmTC_c086f.dir/build.make CMakeFiles/cmTC_c086f.dir/build
make[1]: Entering directory '/home/hem/work/umbrella_proj/ongoing_exps/CMake-master/CMakeFiles/CMakeTmp'
Building C object CMakeFiles/cmTC_c086f.dir/src.c.o
/usr/bin/gcc -DHAVE_STRUCT_TM___TM_GMTOFF  -w  -std=gnu11 -o CMakeFiles/cmTC_c086f.dir/src.c.o -c /home/hem/work/umbrella_proj/ongoing_exps/CMake-master/CMakeFiles/CMakeTmp/src.c
/home/hem/work/umbrella_proj/ongoing_exps/CMake-master/CMakeFiles/CMakeTmp/src.c: In function ‘main’:
/home/hem/work/umbrella_proj/ongoing_exps/CMake-master/CMakeFiles/CMakeTmp/src.c:6:34: error: ‘struct tm’ has no member named ‘__tm_gmtoff’; did you mean ‘tm_gmtoff’?
    6 |   (void)sizeof(((struct tm *)0)->__tm_gmtoff);
      |                                  ^~~~~~~~~~~
      |                                  tm_gmtoff
make[1]: *** [CMakeFiles/cmTC_c086f.dir/build.make:78: CMakeFiles/cmTC_c086f.dir/src.c.o] Error 1
make[1]: Leaving directory '/home/hem/work/umbrella_proj/ongoing_exps/CMake-master/CMakeFiles/CMakeTmp'
make: *** [Makefile:127: cmTC_c086f/fast] Error 2


Source file was:

#include <time.h>

int main()
{
  (void)sizeof(((struct tm *)0)->__tm_gmtoff);
  return 0;
}

Performing C SOURCE FILE Test HAVE_STRUCT_STATFS_F_NAMEMAX failed with the following output:
Change Dir: /home/hem/work/umbrella_proj/ongoing_exps/CMake-master/CMakeFiles/CMakeTmp

Run Build Command(s):/usr/bin/make -f Makefile cmTC_5ffd7/fast && make  -f CMakeFiles/cmTC_5ffd7.dir/build.make CMakeFiles/cmTC_5ffd7.dir/build
make[1]: Entering directory '/home/hem/work/umbrella_proj/ongoing_exps/CMake-master/CMakeFiles/CMakeTmp'
Building C object CMakeFiles/cmTC_5ffd7.dir/src.c.o
/usr/bin/gcc -DHAVE_STRUCT_STATFS_F_NAMEMAX  -w  -std=gnu11 -o CMakeFiles/cmTC_5ffd7.dir/src.c.o -c /home/hem/work/umbrella_proj/ongoing_exps/CMake-master/CMakeFiles/CMakeTmp/src.c
/home/hem/work/umbrella_proj/ongoing_exps/CMake-master/CMakeFiles/CMakeTmp/src.c: In function ‘main’:
/home/hem/work/umbrella_proj/ongoing_exps/CMake-master/CMakeFiles/CMakeTmp/src.c:7:36: error: dereferencing pointer to incomplete type ‘struct statfs’
    7 |   (void)sizeof(((struct statfs *)0)->f_namemax);
      |                                    ^~
make[1]: *** [CMakeFiles/cmTC_5ffd7.dir/build.make:78: CMakeFiles/cmTC_5ffd7.dir/src.c.o] Error 1
make[1]: Leaving directory '/home/hem/work/umbrella_proj/ongoing_exps/CMake-master/CMakeFiles/CMakeTmp'
make: *** [Makefile:127: cmTC_5ffd7/fast] Error 2


Source file was:

#include <sys/param.h>
#include <sys/mount.h>

int main()
{
  (void)sizeof(((struct statfs *)0)->f_namemax);
  return 0;
}

Performing C SOURCE FILE Test HAVE_STRUCT_STAT_ST_BIRTHTIME failed with the following output:
Change Dir: /home/hem/work/umbrella_proj/ongoing_exps/CMake-master/CMakeFiles/CMakeTmp

Run Build Command(s):/usr/bin/make -f Makefile cmTC_0e057/fast && make  -f CMakeFiles/cmTC_0e057.dir/build.make CMakeFiles/cmTC_0e057.dir/build
make[1]: Entering directory '/home/hem/work/umbrella_proj/ongoing_exps/CMake-master/CMakeFiles/CMakeTmp'
Building C object CMakeFiles/cmTC_0e057.dir/src.c.o
/usr/bin/gcc -DHAVE_STRUCT_STAT_ST_BIRTHTIME  -w  -std=gnu11 -o CMakeFiles/cmTC_0e057.dir/src.c.o -c /home/hem/work/umbrella_proj/ongoing_exps/CMake-master/CMakeFiles/CMakeTmp/src.c
/home/hem/work/umbrella_proj/ongoing_exps/CMake-master/CMakeFiles/CMakeTmp/src.c: In function ‘main’:
/home/hem/work/umbrella_proj/ongoing_exps/CMake-master/CMakeFiles/CMakeTmp/src.c:7:34: error: ‘struct stat’ has no member named ‘st_birthtime’
    7 |   (void)sizeof(((struct stat *)0)->st_birthtime);
      |                                  ^~
make[1]: *** [CMakeFiles/cmTC_0e057.dir/build.make:78: CMakeFiles/cmTC_0e057.dir/src.c.o] Error 1
make[1]: Leaving directory '/home/hem/work/umbrella_proj/ongoing_exps/CMake-master/CMakeFiles/CMakeTmp'
make: *** [Makefile:127: cmTC_0e057/fast] Error 2


Source file was:

#include <sys/types.h>
#include <sys/stat.h>

int main()
{
  (void)sizeof(((struct stat *)0)->st_birthtime);
  return 0;
}

Performing C SOURCE FILE Test HAVE_STRUCT_STAT_ST_BIRTHTIMESPEC_TV_NSEC failed with the following output:
Change Dir: /home/hem/work/umbrella_proj/ongoing_exps/CMake-master/CMakeFiles/CMakeTmp

Run Build Command(s):/usr/bin/make -f Makefile cmTC_60c64/fast && make  -f CMakeFiles/cmTC_60c64.dir/build.make CMakeFiles/cmTC_60c64.dir/build
make[1]: Entering directory '/home/hem/work/umbrella_proj/ongoing_exps/CMake-master/CMakeFiles/CMakeTmp'
Building C object CMakeFiles/cmTC_60c64.dir/src.c.o
/usr/bin/gcc -DHAVE_STRUCT_STAT_ST_BIRTHTIMESPEC_TV_NSEC  -w  -std=gnu11 -o CMakeFiles/cmTC_60c64.dir/src.c.o -c /home/hem/work/umbrella_proj/ongoing_exps/CMake-master/CMakeFiles/CMakeTmp/src.c
/home/hem/work/umbrella_proj/ongoing_exps/CMake-master/CMakeFiles/CMakeTmp/src.c: In function ‘main’:
/home/hem/work/umbrella_proj/ongoing_exps/CMake-master/CMakeFiles/CMakeTmp/src.c:7:34: error: ‘struct stat’ has no member named ‘st_birthtimespec’
    7 |   (void)sizeof(((struct stat *)0)->st_birthtimespec.tv_nsec);
      |                                  ^~
make[1]: *** [CMakeFiles/cmTC_60c64.dir/build.make:78: CMakeFiles/cmTC_60c64.dir/src.c.o] Error 1
make[1]: Leaving directory '/home/hem/work/umbrella_proj/ongoing_exps/CMake-master/CMakeFiles/CMakeTmp'
make: *** [Makefile:127: cmTC_60c64/fast] Error 2


Source file was:

#include <sys/types.h>
#include <sys/stat.h>

int main()
{
  (void)sizeof(((struct stat *)0)->st_birthtimespec.tv_nsec);
  return 0;
}

Performing C SOURCE FILE Test HAVE_STRUCT_STAT_ST_MTIMESPEC_TV_NSEC failed with the following output:
Change Dir: /home/hem/work/umbrella_proj/ongoing_exps/CMake-master/CMakeFiles/CMakeTmp

Run Build Command(s):/usr/bin/make -f Makefile cmTC_6cdb8/fast && make  -f CMakeFiles/cmTC_6cdb8.dir/build.make CMakeFiles/cmTC_6cdb8.dir/build
make[1]: Entering directory '/home/hem/work/umbrella_proj/ongoing_exps/CMake-master/CMakeFiles/CMakeTmp'
Building C object CMakeFiles/cmTC_6cdb8.dir/src.c.o
/usr/bin/gcc -DHAVE_STRUCT_STAT_ST_MTIMESPEC_TV_NSEC  -w  -std=gnu11 -o CMakeFiles/cmTC_6cdb8.dir/src.c.o -c /home/hem/work/umbrella_proj/ongoing_exps/CMake-master/CMakeFiles/CMakeTmp/src.c
/home/hem/work/umbrella_proj/ongoing_exps/CMake-master/CMakeFiles/CMakeTmp/src.c: In function ‘main’:
/home/hem/work/umbrella_proj/ongoing_exps/CMake-master/CMakeFiles/CMakeTmp/src.c:7:34: error: ‘struct stat’ has no member named ‘st_mtimespec’
    7 |   (void)sizeof(((struct stat *)0)->st_mtimespec.tv_nsec);
      |                                  ^~
make[1]: *** [CMakeFiles/cmTC_6cdb8.dir/build.make:78: CMakeFiles/cmTC_6cdb8.dir/src.c.o] Error 1
make[1]: Leaving directory '/home/hem/work/umbrella_proj/ongoing_exps/CMake-master/CMakeFiles/CMakeTmp'
make: *** [Makefile:127: cmTC_6cdb8/fast] Error 2


Source file was:

#include <sys/types.h>
#include <sys/stat.h>

int main()
{
  (void)sizeof(((struct stat *)0)->st_mtimespec.tv_nsec);
  return 0;
}

Performing C SOURCE FILE Test HAVE_STRUCT_STAT_ST_MTIME_N failed with the following output:
Change Dir: /home/hem/work/umbrella_proj/ongoing_exps/CMake-master/CMakeFiles/CMakeTmp

Run Build Command(s):/usr/bin/make -f Makefile cmTC_e9f59/fast && make  -f CMakeFiles/cmTC_e9f59.dir/build.make CMakeFiles/cmTC_e9f59.dir/build
make[1]: Entering directory '/home/hem/work/umbrella_proj/ongoing_exps/CMake-master/CMakeFiles/CMakeTmp'
Building C object CMakeFiles/cmTC_e9f59.dir/src.c.o
/usr/bin/gcc -DHAVE_STRUCT_STAT_ST_MTIME_N  -w  -std=gnu11 -o CMakeFiles/cmTC_e9f59.dir/src.c.o -c /home/hem/work/umbrella_proj/ongoing_exps/CMake-master/CMakeFiles/CMakeTmp/src.c
/home/hem/work/umbrella_proj/ongoing_exps/CMake-master/CMakeFiles/CMakeTmp/src.c: In function ‘main’:
/home/hem/work/umbrella_proj/ongoing_exps/CMake-master/CMakeFiles/CMakeTmp/src.c:7:36: error: ‘struct stat’ has no member named ‘st_mtime_n’; did you mean ‘st_mtim’?
    7 |   (void)sizeof(((struct stat *)0)->st_mtime_n);
      |                                    ^~~~~~~~~~
      |                                    st_mtim
make[1]: *** [CMakeFiles/cmTC_e9f59.dir/build.make:78: CMakeFiles/cmTC_e9f59.dir/src.c.o] Error 1
make[1]: Leaving directory '/home/hem/work/umbrella_proj/ongoing_exps/CMake-master/CMakeFiles/CMakeTmp'
make: *** [Makefile:127: cmTC_e9f59/fast] Error 2


Source file was:

#include <sys/types.h>
#include <sys/stat.h>

int main()
{
  (void)sizeof(((struct stat *)0)->st_mtime_n);
  return 0;
}

Performing C SOURCE FILE Test HAVE_STRUCT_STAT_ST_UMTIME failed with the following output:
Change Dir: /home/hem/work/umbrella_proj/ongoing_exps/CMake-master/CMakeFiles/CMakeTmp

Run Build Command(s):/usr/bin/make -f Makefile cmTC_24cab/fast && make  -f CMakeFiles/cmTC_24cab.dir/build.make CMakeFiles/cmTC_24cab.dir/build
make[1]: Entering directory '/home/hem/work/umbrella_proj/ongoing_exps/CMake-master/CMakeFiles/CMakeTmp'
Building C object CMakeFiles/cmTC_24cab.dir/src.c.o
/usr/bin/gcc -DHAVE_STRUCT_STAT_ST_UMTIME  -w  -std=gnu11 -o CMakeFiles/cmTC_24cab.dir/src.c.o -c /home/hem/work/umbrella_proj/ongoing_exps/CMake-master/CMakeFiles/CMakeTmp/src.c
/home/hem/work/umbrella_proj/ongoing_exps/CMake-master/CMakeFiles/CMakeTmp/src.c: In function ‘main’:
/home/hem/work/umbrella_proj/ongoing_exps/CMake-master/CMakeFiles/CMakeTmp/src.c:7:36: error: ‘struct stat’ has no member named ‘st_umtime’; did you mean ‘st_mtim’?
    7 |   (void)sizeof(((struct stat *)0)->st_umtime);
      |                                    ^~~~~~~~~
      |                                    st_mtim
make[1]: *** [CMakeFiles/cmTC_24cab.dir/build.make:78: CMakeFiles/cmTC_24cab.dir/src.c.o] Error 1
make[1]: Leaving directory '/home/hem/work/umbrella_proj/ongoing_exps/CMake-master/CMakeFiles/CMakeTmp'
make: *** [Makefile:127: cmTC_24cab/fast] Error 2


Source file was:

#include <sys/types.h>
#include <sys/stat.h>

int main()
{
  (void)sizeof(((struct stat *)0)->st_umtime);
  return 0;
}

Performing C SOURCE FILE Test HAVE_STRUCT_STAT_ST_MTIME_USEC failed with the following output:
Change Dir: /home/hem/work/umbrella_proj/ongoing_exps/CMake-master/CMakeFiles/CMakeTmp

Run Build Command(s):/usr/bin/make -f Makefile cmTC_2dd73/fast && make  -f CMakeFiles/cmTC_2dd73.dir/build.make CMakeFiles/cmTC_2dd73.dir/build
make[1]: Entering directory '/home/hem/work/umbrella_proj/ongoing_exps/CMake-master/CMakeFiles/CMakeTmp'
Building C object CMakeFiles/cmTC_2dd73.dir/src.c.o
/usr/bin/gcc -DHAVE_STRUCT_STAT_ST_MTIME_USEC  -w  -std=gnu11 -o CMakeFiles/cmTC_2dd73.dir/src.c.o -c /home/hem/work/umbrella_proj/ongoing_exps/CMake-master/CMakeFiles/CMakeTmp/src.c
/home/hem/work/umbrella_proj/ongoing_exps/CMake-master/CMakeFiles/CMakeTmp/src.c: In function ‘main’:
/home/hem/work/umbrella_proj/ongoing_exps/CMake-master/CMakeFiles/CMakeTmp/src.c:7:34: error: ‘struct stat’ has no member named ‘st_mtime_usec’
    7 |   (void)sizeof(((struct stat *)0)->st_mtime_usec);
      |                                  ^~
make[1]: *** [CMakeFiles/cmTC_2dd73.dir/build.make:78: CMakeFiles/cmTC_2dd73.dir/src.c.o] Error 1
make[1]: Leaving directory '/home/hem/work/umbrella_proj/ongoing_exps/CMake-master/CMakeFiles/CMakeTmp'
make: *** [Makefile:127: cmTC_2dd73/fast] Error 2


Source file was:

#include <sys/types.h>
#include <sys/stat.h>

int main()
{
  (void)sizeof(((struct stat *)0)->st_mtime_usec);
  return 0;
}

Performing C SOURCE FILE Test HAVE_STRUCT_STAT_ST_FLAGS failed with the following output:
Change Dir: /home/hem/work/umbrella_proj/ongoing_exps/CMake-master/CMakeFiles/CMakeTmp

Run Build Command(s):/usr/bin/make -f Makefile cmTC_a4e4f/fast && make  -f CMakeFiles/cmTC_a4e4f.dir/build.make CMakeFiles/cmTC_a4e4f.dir/build
make[1]: Entering directory '/home/hem/work/umbrella_proj/ongoing_exps/CMake-master/CMakeFiles/CMakeTmp'
Building C object CMakeFiles/cmTC_a4e4f.dir/src.c.o
/usr/bin/gcc -DHAVE_STRUCT_STAT_ST_FLAGS  -w  -std=gnu11 -o CMakeFiles/cmTC_a4e4f.dir/src.c.o -c /home/hem/work/umbrella_proj/ongoing_exps/CMake-master/CMakeFiles/CMakeTmp/src.c
/home/hem/work/umbrella_proj/ongoing_exps/CMake-master/CMakeFiles/CMakeTmp/src.c: In function ‘main’:
/home/hem/work/umbrella_proj/ongoing_exps/CMake-master/CMakeFiles/CMakeTmp/src.c:7:34: error: ‘struct stat’ has no member named ‘st_flags’
    7 |   (void)sizeof(((struct stat *)0)->st_flags);
      |                                  ^~
make[1]: *** [CMakeFiles/cmTC_a4e4f.dir/build.make:78: CMakeFiles/cmTC_a4e4f.dir/src.c.o] Error 1
make[1]: Leaving directory '/home/hem/work/umbrella_proj/ongoing_exps/CMake-master/CMakeFiles/CMakeTmp'
make: *** [Makefile:127: cmTC_a4e4f/fast] Error 2


Source file was:

#include <sys/types.h>
#include <sys/stat.h>

int main()
{
  (void)sizeof(((struct stat *)0)->st_flags);
  return 0;
}

Performing C SOURCE FILE Test HAVE_STRUCT_STATVFS_F_IOSIZE failed with the following output:
Change Dir: /home/hem/work/umbrella_proj/ongoing_exps/CMake-master/CMakeFiles/CMakeTmp

Run Build Command(s):/usr/bin/make -f Makefile cmTC_c9c30/fast && make  -f CMakeFiles/cmTC_c9c30.dir/build.make CMakeFiles/cmTC_c9c30.dir/build
make[1]: Entering directory '/home/hem/work/umbrella_proj/ongoing_exps/CMake-master/CMakeFiles/CMakeTmp'
Building C object CMakeFiles/cmTC_c9c30.dir/src.c.o
/usr/bin/gcc -DHAVE_STRUCT_STATVFS_F_IOSIZE  -w  -std=gnu11 -o CMakeFiles/cmTC_c9c30.dir/src.c.o -c /home/hem/work/umbrella_proj/ongoing_exps/CMake-master/CMakeFiles/CMakeTmp/src.c
/home/hem/work/umbrella_proj/ongoing_exps/CMake-master/CMakeFiles/CMakeTmp/src.c: In function ‘main’:
/home/hem/work/umbrella_proj/ongoing_exps/CMake-master/CMakeFiles/CMakeTmp/src.c:7:39: error: ‘struct statvfs’ has no member named ‘f_iosize’; did you mean ‘f_bsize’?
    7 |   (void)sizeof(((struct statvfs *)0)->f_iosize);
      |                                       ^~~~~~~~
      |                                       f_bsize
make[1]: *** [CMakeFiles/cmTC_c9c30.dir/build.make:78: CMakeFiles/cmTC_c9c30.dir/src.c.o] Error 1
make[1]: Leaving directory '/home/hem/work/umbrella_proj/ongoing_exps/CMake-master/CMakeFiles/CMakeTmp'
make: *** [Makefile:127: cmTC_c9c30/fast] Error 2


Source file was:

#include <sys/types.h>
#include <sys/statvfs.h>

int main()
{
  (void)sizeof(((struct statvfs *)0)->f_iosize);
  return 0;
}

Looking for a Fortran compiler failed with the following output:
-- The Fortran compiler identification is unknown
CMake Error at CMakeLists.txt:2 (project):
  No CMAKE_Fortran_COMPILER could be found.

  Tell CMake where to find the compiler by setting either the environment
  variable "FC" or the CMake cache entry CMAKE_Fortran_COMPILER to the full
  path to the compiler, or to the compiler name if it is in the PATH.


-- Configuring incomplete, errors occurred!
See also "/home/hem/work/umbrella_proj/ongoing_exps/CMake-master/Tests/CMakeFiles/CheckFortran/CMakeFiles/CMakeOutput.log".
See also "/home/hem/work/umbrella_proj/ongoing_exps/CMake-master/Tests/CMakeFiles/CheckFortran/CMakeFiles/CMakeError.log".

